Started by user anonymous
Building in workspace D:\Trainings\+++JAVA CDP\workspace\JMP_job
 > git.exe rev-parse --is-inside-work-tree # timeout=10
Fetching changes from the remote Git repository
 > git.exe config remote.origin.url https://github.com/nata332/spring-petclinic # timeout=10
Fetching upstream changes from https://github.com/nata332/spring-petclinic
 > git.exe --version # timeout=10
using .gitcredentials to set credentials
 > git.exe config --local credential.helper store --file=\"C:\Users\Natallia_Rakitskaya\AppData\Local\Temp\git4539961235952910804.credentials\" # timeout=10
 > git.exe -c core.askpass=true fetch --tags --progress https://github.com/nata332/spring-petclinic +refs/heads/*:refs/remotes/origin/*
 > git.exe config --local --remove-section credential # timeout=10
 > git.exe rev-parse "refs/remotes/origin/master^{commit}" # timeout=10
 > git.exe rev-parse "refs/remotes/origin/origin/master^{commit}" # timeout=10
Checking out Revision de854ffc799fc1f3363bbd1fc01edb34aa0bc9b5 (refs/remotes/origin/master)
 > git.exe config core.sparsecheckout # timeout=10
 > git.exe checkout -f de854ffc799fc1f3363bbd1fc01edb34aa0bc9b5
 > git.exe rev-list de854ffc799fc1f3363bbd1fc01edb34aa0bc9b5 # timeout=10
Parsing POMs
[JMP_job] $ "C:\Program Files\Java\jdk1.7.0_75/bin/java" -cp "D:\Trainings\+++JAVA CDP\plugins\maven-plugin\WEB-INF\lib\maven31-agent-1.5.jar;d:\UPSA\maven\boot\plexus-classworlds-2.5.1.jar;d:\UPSA\maven/conf/logging" jenkins.maven3.agent.Maven31Main d:\UPSA\maven\ "D:\Trainings\+++JAVA CDP\war\WEB-INF\lib\remoting-2.50.jar" "D:\Trainings\+++JAVA CDP\plugins\maven-plugin\WEB-INF\lib\maven31-interceptor-1.5.jar" "D:\Trainings\+++JAVA CDP\plugins\maven-plugin\WEB-INF\lib\maven3-interceptor-commons-1.5.jar" 63706
<===[JENKINS REMOTING CAPACITY]===>???channel started
Executing Maven:  -B -f D:\Trainings\+++JAVA CDP\workspace\JMP_job\pom.xml clean test
[INFO] Scanning for projects...
[WARNING] 
[WARNING] Some problems were encountered while building the effective model for org.springframework.samples:spring-petclinic:war:1.0.0-SNAPSHOT
[WARNING] 'dependencies.dependency.exclusions.exclusion.artifactId' for org.springframework.data:spring-data-jdbc-core:jar with value '*' does not match a valid id pattern. @ line 109, column 18
[WARNING] 
[WARNING] It is highly recommended to fix these problems because they threaten the stability of your build.
[WARNING] 
[WARNING] For this reason, future Maven versions might no longer support building such malformed projects.
[WARNING] 
[INFO]                                                                         
[INFO] ------------------------------------------------------------------------
[INFO] Building petclinic 1.0.0-SNAPSHOT
[INFO] ------------------------------------------------------------------------
[INFO] 
[INFO] --- maven-clean-plugin:2.5:clean (default-clean) @ spring-petclinic ---
[INFO] Deleting D:\Trainings\+++JAVA CDP\workspace\JMP_job\target
[INFO] 
[INFO] --- cobertura-maven-plugin:2.7:clean (default) @ spring-petclinic ---
[INFO] 
[INFO] --- maven-resources-plugin:2.6:resources (default-resources) @ spring-petclinic ---
[INFO] Using 'UTF-8' encoding to copy filtered resources.
[INFO] Copying 19 resources
[INFO] 
[INFO] --- maven-compiler-plugin:3.0:compile (default-compile) @ spring-petclinic ---
[INFO] Changes detected - recompiling the module!
[INFO] Compiling 45 source files to D:\Trainings\+++JAVA CDP\workspace\JMP_job\target\classes
[parsing started RegularFileObject[D:\Trainings\+++JAVA CDP\workspace\JMP_job\src\main\java\org\springframework\samples\petclinic\util\EntityUtils.java]]
[parsing completed 10ms]
[parsing started RegularFileObject[D:\Trainings\+++JAVA CDP\workspace\JMP_job\src\main\java\org\springframework\samples\petclinic\web\PetTypeFormatter.java]]
[parsing completed 0ms]
[parsing started RegularFileObject[D:\Trainings\+++JAVA CDP\workspace\JMP_job\src\main\java\org\springframework\samples\petclinic\web\VetController.java]]
[parsing completed 0ms]
[parsing started RegularFileObject[D:\Trainings\+++JAVA CDP\workspace\JMP_job\src\main\java\org\springframework\samples\petclinic\model\Owner.java]]
[parsing completed 10ms]
[parsing started RegularFileObject[D:\Trainings\+++JAVA CDP\workspace\JMP_job\src\main\java\org\springframework\samples\petclinic\repository\jpa\package-info.java]]
[parsing completed 0ms]
[parsing started RegularFileObject[D:\Trainings\+++JAVA CDP\workspace\JMP_job\src\main\java\org\springframework\samples\petclinic\model\Person.java]]
[parsing completed 0ms]
[parsing started RegularFileObject[D:\Trainings\+++JAVA CDP\workspace\JMP_job\src\main\java\org\springframework\samples\petclinic\model\Visit.java]]
[parsing completed 0ms]
[parsing started RegularFileObject[D:\Trainings\+++JAVA CDP\workspace\JMP_job\src\main\java\org\springframework\samples\petclinic\model\NamedEntity.java]]
[parsing completed 0ms]
[parsing started RegularFileObject[D:\Trainings\+++JAVA CDP\workspace\JMP_job\src\main\java\org\springframework\samples\petclinic\repository\jpa\JpaVetRepositoryImpl.java]]
[parsing completed 0ms]
[parsing started RegularFileObject[D:\Trainings\+++JAVA CDP\workspace\JMP_job\src\main\java\org\springframework\samples\petclinic\web\OwnerController.java]]
[parsing completed 0ms]
[parsing started RegularFileObject[D:\Trainings\+++JAVA CDP\workspace\JMP_job\src\main\java\org\springframework\samples\petclinic\web\CrashController.java]]
[parsing completed 0ms]
[parsing started RegularFileObject[D:\Trainings\+++JAVA CDP\workspace\JMP_job\src\main\java\org\springframework\samples\petclinic\repository\jdbc\JdbcPet.java]]
[parsing completed 0ms]
[parsing started RegularFileObject[D:\Trainings\+++JAVA CDP\workspace\JMP_job\src\main\java\org\springframework\samples\petclinic\model\BaseEntity.java]]
[parsing completed 0ms]
[parsing started RegularFileObject[D:\Trainings\+++JAVA CDP\workspace\JMP_job\src\main\java\org\springframework\samples\petclinic\repository\jdbc\JdbcVisitRowMapper.java]]
[parsing completed 0ms]
[parsing started RegularFileObject[D:\Trainings\+++JAVA CDP\workspace\JMP_job\src\main\java\org\springframework\samples\petclinic\model\Vet.java]]
[parsing completed 10ms]
[parsing started RegularFileObject[D:\Trainings\+++JAVA CDP\workspace\JMP_job\src\main\java\org\springframework\samples\petclinic\repository\jdbc\JdbcPetVisitExtractor.java]]
[parsing completed 0ms]
[parsing started RegularFileObject[D:\Trainings\+++JAVA CDP\workspace\JMP_job\src\main\java\org\springframework\samples\petclinic\repository\springdatajpa\SpringDataVetRepository.java]]
[parsing completed 0ms]
[parsing started RegularFileObject[D:\Trainings\+++JAVA CDP\workspace\JMP_job\src\main\java\org\springframework\samples\petclinic\repository\VetRepository.java]]
[parsing completed 0ms]
[parsing started RegularFileObject[D:\Trainings\+++JAVA CDP\workspace\JMP_job\src\main\java\org\springframework\samples\petclinic\service\ClinicService.java]]
[parsing completed 0ms]
[parsing started RegularFileObject[D:\Trainings\+++JAVA CDP\workspace\JMP_job\src\main\java\org\springframework\samples\petclinic\web\PetController.java]]
[parsing completed 0ms]
[parsing started RegularFileObject[D:\Trainings\+++JAVA CDP\workspace\JMP_job\src\main\java\org\springframework\samples\petclinic\repository\jpa\JpaVisitRepositoryImpl.java]]
[parsing completed 0ms]
[parsing started RegularFileObject[D:\Trainings\+++JAVA CDP\workspace\JMP_job\src\main\java\org\springframework\samples\petclinic\repository\jpa\JpaOwnerRepositoryImpl.java]]
[parsing completed 0ms]
[parsing started RegularFileObject[D:\Trainings\+++JAVA CDP\workspace\JMP_job\src\main\java\org\springframework\samples\petclinic\repository\springdatajpa\SpringDataPetRepository.java]]
[parsing completed 0ms]
[parsing started RegularFileObject[D:\Trainings\+++JAVA CDP\workspace\JMP_job\src\main\java\org\springframework\samples\petclinic\repository\jdbc\JdbcOwnerRepositoryImpl.java]]
[parsing completed 10ms]
[parsing started RegularFileObject[D:\Trainings\+++JAVA CDP\workspace\JMP_job\src\main\java\org\springframework\samples\petclinic\web\package-info.java]]
[parsing completed 0ms]
[parsing started RegularFileObject[D:\Trainings\+++JAVA CDP\workspace\JMP_job\src\main\java\org\springframework\samples\petclinic\repository\jdbc\JdbcVetRepositoryImpl.java]]
[parsing completed 0ms]
[parsing started RegularFileObject[D:\Trainings\+++JAVA CDP\workspace\JMP_job\src\main\java\org\springframework\samples\petclinic\model\Specialty.java]]
[parsing completed 0ms]
[parsing started RegularFileObject[D:\Trainings\+++JAVA CDP\workspace\JMP_job\src\main\java\org\springframework\samples\petclinic\repository\springdatajpa\SpringDataVisitRepository.java]]
[parsing completed 0ms]
[parsing started RegularFileObject[D:\Trainings\+++JAVA CDP\workspace\JMP_job\src\main\java\org\springframework\samples\petclinic\repository\jdbc\JdbcVisitRepositoryImpl.java]]
[parsing completed 0ms]
[parsing started RegularFileObject[D:\Trainings\+++JAVA CDP\workspace\JMP_job\src\main\java\org\springframework\samples\petclinic\service\ClinicServiceImpl.java]]
[parsing completed 0ms]
[parsing started RegularFileObject[D:\Trainings\+++JAVA CDP\workspace\JMP_job\src\main\java\org\springframework\samples\petclinic\util\CallMonitoringAspect.java]]
[parsing completed 0ms]
[parsing started RegularFileObject[D:\Trainings\+++JAVA CDP\workspace\JMP_job\src\main\java\org\springframework\samples\petclinic\model\Pet.java]]
[parsing completed 0ms]
[parsing started RegularFileObject[D:\Trainings\+++JAVA CDP\workspace\JMP_job\src\main\java\org\springframework\samples\petclinic\web\VisitController.java]]
[parsing completed 10ms]
[parsing started RegularFileObject[D:\Trainings\+++JAVA CDP\workspace\JMP_job\src\main\java\org\springframework\samples\petclinic\repository\PetRepository.java]]
[parsing completed 0ms]
[parsing started RegularFileObject[D:\Trainings\+++JAVA CDP\workspace\JMP_job\src\main\java\org\springframework\samples\petclinic\repository\springdatajpa\SpringDataOwnerRepository.java]]
[parsing completed 0ms]
[parsing started RegularFileObject[D:\Trainings\+++JAVA CDP\workspace\JMP_job\src\main\java\org\springframework\samples\petclinic\repository\OwnerRepository.java]]
[parsing completed 0ms]
[parsing started RegularFileObject[D:\Trainings\+++JAVA CDP\workspace\JMP_job\src\main\java\org\springframework\samples\petclinic\web\PetValidator.java]]
[parsing completed 0ms]
[parsing started RegularFileObject[D:\Trainings\+++JAVA CDP\workspace\JMP_job\src\main\java\org\springframework\samples\petclinic\repository\jdbc\JdbcPetRepositoryImpl.java]]
[parsing completed 0ms]
[parsing started RegularFileObject[D:\Trainings\+++JAVA CDP\workspace\JMP_job\src\main\java\org\springframework\samples\petclinic\model\PetType.java]]
[parsing completed 0ms]
[parsing started RegularFileObject[D:\Trainings\+++JAVA CDP\workspace\JMP_job\src\main\java\org\springframework\samples\petclinic\repository\jdbc\JdbcPetRowMapper.java]]
[parsing completed 0ms]
[parsing started RegularFileObject[D:\Trainings\+++JAVA CDP\workspace\JMP_job\src\main\java\org\springframework\samples\petclinic\repository\jpa\JpaPetRepositoryImpl.java]]
[parsing completed 0ms]
[parsing started RegularFileObject[D:\Trainings\+++JAVA CDP\workspace\JMP_job\src\main\java\org\springframework\samples\petclinic\model\Vets.java]]
[parsing completed 0ms]
[parsing started RegularFileObject[D:\Trainings\+++JAVA CDP\workspace\JMP_job\src\main\java\org\springframework\samples\petclinic\repository\VisitRepository.java]]
[parsing completed 0ms]
[parsing started RegularFileObject[D:\Trainings\+++JAVA CDP\workspace\JMP_job\src\main\java\org\springframework\samples\petclinic\model\package-info.java]]
[parsing completed 0ms]
[parsing started RegularFileObject[D:\Trainings\+++JAVA CDP\workspace\JMP_job\src\main\java\org\springframework\samples\petclinic\repository\jdbc\package-info.java]]
[parsing completed 0ms]
[search path for source files: D:\Trainings\+++JAVA CDP\workspace\JMP_job\src\main\java]
[search path for class files: C:\Program Files\Java\jdk1.7.0_75\jre\lib\resources.jar,C:\Program Files\Java\jdk1.7.0_75\jre\lib\rt.jar,C:\Program Files\Java\jdk1.7.0_75\jre\lib\sunrsasign.jar,C:\Program Files\Java\jdk1.7.0_75\jre\lib\jsse.jar,C:\Program Files\Java\jdk1.7.0_75\jre\lib\jce.jar,C:\Program Files\Java\jdk1.7.0_75\jre\lib\charsets.jar,C:\Program Files\Java\jdk1.7.0_75\jre\lib\jfr.jar,C:\Program Files\Java\jdk1.7.0_75\jre\classes,C:\Program Files\Java\jdk1.7.0_75\jre\lib\ext\access-bridge-64.jar,C:\Program Files\Java\jdk1.7.0_75\jre\lib\ext\dnsns.jar,C:\Program Files\Java\jdk1.7.0_75\jre\lib\ext\jaccess.jar,C:\Program Files\Java\jdk1.7.0_75\jre\lib\ext\localedata.jar,C:\Program Files\Java\jdk1.7.0_75\jre\lib\ext\sunec.jar,C:\Program Files\Java\jdk1.7.0_75\jre\lib\ext\sunjce_provider.jar,C:\Program Files\Java\jdk1.7.0_75\jre\lib\ext\sunmscapi.jar,C:\Program Files\Java\jdk1.7.0_75\jre\lib\ext\zipfs.jar,D:\Trainings\+++JAVA CDP\workspace\JMP_job\target\classes,C:\Users\Natallia_Rakitskaya\.m2\repository\org\jadira\usertype\usertype.core\3.2.0.GA\usertype.core-3.2.0.GA.jar,C:\Users\Natallia_Rakitskaya\.m2\repository\org\jadira\usertype\usertype.spi\3.2.0.GA\usertype.spi-3.2.0.GA.jar,C:\Users\Natallia_Rakitskaya\.m2\repository\org\apache\tomcat\tomcat-servlet-api\7.0.59\tomcat-servlet-api-7.0.59.jar,C:\Users\Natallia_Rakitskaya\.m2\repository\javax\servlet\jsp\javax.servlet.jsp-api\2.2.1\javax.servlet.jsp-api-2.2.1.jar,C:\Users\Natallia_Rakitskaya\.m2\repository\org\apache\tomcat\tomcat-jasper-el\7.0.59\tomcat-jasper-el-7.0.59.jar,C:\Users\Natallia_Rakitskaya\.m2\repository\org\apache\tomcat\tomcat-el-api\7.0.59\tomcat-el-api-7.0.59.jar,C:\Users\Natallia_Rakitskaya\.m2\repository\javax\servlet\jsp\jstl\javax.servlet.jsp.jstl-api\1.2.1\javax.servlet.jsp.jstl-api-1.2.1.jar,C:\Users\Natallia_Rakitskaya\.m2\repository\org\apache\taglibs\taglibs-standard-jstlel\1.2.5\taglibs-standard-jstlel-1.2.5.jar,C:\Users\Natallia_Rakitskaya\.m2\repository\org\apache\taglibs\taglibs-standard-spec\1.2.5\taglibs-standard-spec-1.2.5.jar,C:\Users\Natallia_Rakitskaya\.m2\repository\org\apache\taglibs\taglibs-standard-impl\1.2.5\taglibs-standard-impl-1.2.5.jar,C:\Users\Natallia_Rakitskaya\.m2\repository\org\springframework\data\spring-data-jpa\1.7.2.RELEASE\spring-data-jpa-1.7.2.RELEASE.jar,C:\Users\Natallia_Rakitskaya\.m2\repository\org\springframework\data\spring-data-commons\1.9.2.RELEASE\spring-data-commons-1.9.2.RELEASE.jar,C:\Users\Natallia_Rakitskaya\.m2\repository\org\springframework\spring-context\4.1.6.RELEASE\spring-context-4.1.6.RELEASE.jar,C:\Users\Natallia_Rakitskaya\.m2\repository\org\springframework\spring-beans\4.1.6.RELEASE\spring-beans-4.1.6.RELEASE.jar,C:\Users\Natallia_Rakitskaya\.m2\repository\org\springframework\spring-core\4.1.6.RELEASE\spring-core-4.1.6.RELEASE.jar,C:\Users\Natallia_Rakitskaya\.m2\repository\org\springframework\data\spring-data-jdbc-core\1.1.0.RELEASE\spring-data-jdbc-core-1.1.0.RELEASE.jar,C:\Users\Natallia_Rakitskaya\.m2\repository\org\springframework\retry\spring-retry\1.1.2.RELEASE\spring-retry-1.1.2.RELEASE.jar,C:\Users\Natallia_Rakitskaya\.m2\repository\org\springframework\spring-jdbc\4.1.6.RELEASE\spring-jdbc-4.1.6.RELEASE.jar,C:\Users\Natallia_Rakitskaya\.m2\repository\org\springframework\spring-aop\4.1.6.RELEASE\spring-aop-4.1.6.RELEASE.jar,C:\Users\Natallia_Rakitskaya\.m2\repository\aopalliance\aopalliance\1.0\aopalliance-1.0.jar,C:\Users\Natallia_Rakitskaya\.m2\repository\org\springframework\spring-webmvc\4.1.6.RELEASE\spring-webmvc-4.1.6.RELEASE.jar,C:\Users\Natallia_Rakitskaya\.m2\repository\org\springframework\spring-expression\4.1.6.RELEASE\spring-expression-4.1.6.RELEASE.jar,C:\Users\Natallia_Rakitskaya\.m2\repository\org\springframework\spring-web\4.1.6.RELEASE\spring-web-4.1.6.RELEASE.jar,C:\Users\Natallia_Rakitskaya\.m2\repository\org\springframework\spring-tx\4.1.6.RELEASE\spring-tx-4.1.6.RELEASE.jar,C:\Users\Natallia_Rakitskaya\.m2\repository\org\springframework\spring-context-support\4.1.6.RELEASE\spring-context-support-4.1.6.RELEASE.jar,C:\Users\Natallia_Rakitskaya\.m2\repository\org\springframework\spring-orm\4.1.6.RELEASE\spring-orm-4.1.6.RELEASE.jar,C:\Users\Natallia_Rakitskaya\.m2\repository\org\springframework\spring-oxm\4.1.6.RELEASE\spring-oxm-4.1.6.RELEASE.jar,C:\Users\Natallia_Rakitskaya\.m2\repository\org\aspectj\aspectjrt\1.8.5\aspectjrt-1.8.5.jar,C:\Users\Natallia_Rakitskaya\.m2\repository\org\slf4j\slf4j-api\1.7.11\slf4j-api-1.7.11.jar,C:\Users\Natallia_Rakitskaya\.m2\repository\joda-time\joda-time\2.5\joda-time-2.5.jar,C:\Users\Natallia_Rakitskaya\.m2\repository\joda-time\joda-time-hibernate\1.3\joda-time-hibernate-1.3.jar,C:\Users\Natallia_Rakitskaya\.m2\repository\joda-time\joda-time-jsptags\1.1.1\joda-time-jsptags-1.1.1.jar,C:\Users\Natallia_Rakitskaya\.m2\repository\org\hibernate\hibernate-entitymanager\4.3.8.Final\hibernate-entitymanager-4.3.8.Final.jar,C:\Users\Natallia_Rakitskaya\.m2\repository\org\jboss\logging\jboss-logging\3.1.3.GA\jboss-logging-3.1.3.GA.jar,C:\Users\Natallia_Rakitskaya\.m2\repository\org\jboss\logging\jboss-logging-annotations\1.2.0.Beta1\jboss-logging-annotations-1.2.0.Beta1.jar,C:\Users\Natallia_Rakitskaya\.m2\repository\org\hibernate\hibernate-core\4.3.8.Final\hibernate-core-4.3.8.Final.jar,C:\Users\Natallia_Rakitskaya\.m2\repository\antlr\antlr\2.7.7\antlr-2.7.7.jar,C:\Users\Natallia_Rakitskaya\.m2\repository\org\jboss\jandex\1.1.0.Final\jandex-1.1.0.Final.jar,C:\Users\Natallia_Rakitskaya\.m2\repository\dom4j\dom4j\1.6.1\dom4j-1.6.1.jar,C:\Users\Natallia_Rakitskaya\.m2\repository\xml-apis\xml-apis\1.0.b2\xml-apis-1.0.b2.jar,C:\Users\Natallia_Rakitskaya\.m2\repository\org\hibernate\common\hibernate-commons-annotations\4.0.5.Final\hibernate-commons-annotations-4.0.5.Final.jar,C:\Users\Natallia_Rakitskaya\.m2\repository\org\hibernate\javax\persistence\hibernate-jpa-2.1-api\1.0.0.Final\hibernate-jpa-2.1-api-1.0.0.Final.jar,C:\Users\Natallia_Rakitskaya\.m2\repository\org\jboss\spec\javax\transaction\jboss-transaction-api_1.2_spec\1.0.0.Final\jboss-transaction-api_1.2_spec-1.0.0.Final.jar,C:\Users\Natallia_Rakitskaya\.m2\repository\org\javassist\javassist\3.18.1-GA\javassist-3.18.1-GA.jar,C:\Users\Natallia_Rakitskaya\.m2\repository\org\hibernate\hibernate-validator\5.1.3.Final\hibernate-validator-5.1.3.Final.jar,C:\Users\Natallia_Rakitskaya\.m2\repository\javax\validation\validation-api\1.1.0.Final\validation-api-1.1.0.Final.jar,C:\Users\Natallia_Rakitskaya\.m2\repository\com\fasterxml\classmate\1.0.0\classmate-1.0.0.jar,C:\Users\Natallia_Rakitskaya\.m2\repository\org\hibernate\hibernate-ehcache\4.3.8.Final\hibernate-ehcache-4.3.8.Final.jar,C:\Users\Natallia_Rakitskaya\.m2\repository\net\sf\ehcache\ehcache-core\2.6.10\ehcache-core-2.6.10.jar,C:\Users\Natallia_Rakitskaya\.m2\repository\org\webjars\bootstrap\2.3.0\bootstrap-2.3.0.jar,C:\Users\Natallia_Rakitskaya\.m2\repository\org\webjars\jquery-ui\1.10.3\jquery-ui-1.10.3.jar,C:\Users\Natallia_Rakitskaya\.m2\repository\org\webjars\jquery\2.0.3-1\jquery-2.0.3-1.jar,C:\Users\Natallia_Rakitskaya\.m2\repository\com\github\dandelion\datatables-jsp\0.10.1\datatables-jsp-0.10.1.jar,C:\Users\Natallia_Rakitskaya\.m2\repository\com\github\dandelion\datatables-core\0.10.1\datatables-core-0.10.1.jar,C:\Users\Natallia_Rakitskaya\.m2\repository\com\github\dandelion\dandelion-core\0.10.1\dandelion-core-0.10.1.jar,C:\Users\Natallia_Rakitskaya\.m2\repository\com\fasterxml\jackson\core\jackson-core\2.4.5\jackson-core-2.4.5.jar,C:\Users\Natallia_Rakitskaya\.m2\repository\com\fasterxml\jackson\core\jackson-annotations\2.4.5\jackson-annotations-2.4.5.jar,C:\Users\Natallia_Rakitskaya\.m2\repository\com\fasterxml\jackson\core\jackson-databind\2.4.5\jackson-databind-2.4.5.jar,C:\Users\Natallia_Rakitskaya\.m2\repository\com\googlecode\json-simple\json-simple\1.1.1\json-simple-1.1.1.jar,C:\Users\Natallia_Rakitskaya\.m2\repository\commons-beanutils\commons-beanutils\1.9.2\commons-beanutils-1.9.2.jar,C:\Users\Natallia_Rakitskaya\.m2\repository\commons-collections\commons-collections\3.2.1\commons-collections-3.2.1.jar,C:\Users\Natallia_Rakitskaya\.m2\repository\com\github\dandelion\dandelion-jsp\0.10.1\dandelion-jsp-0.10.1.jar,C:\Users\Natallia_Rakitskaya\.m2\repository\com\github\dandelion\datatables-export-itext\0.10.1\datatables-export-itext-0.10.1.jar,C:\Users\Natallia_Rakitskaya\.m2\repository\com\itextpdf\itextpdf\5.4.5\itextpdf-5.4.5.jar,.]
[loading ZipFileIndexFileObject[C:\Program Files\Java\jdk1.7.0_75\lib\ct.sym(META-INF/sym/rt.jar/java/util/Collection.class)]]
[loading ZipFileIndexFileObject[C:\Users\Natallia_Rakitskaya\.m2\repository\org\springframework\spring-orm\4.1.6.RELEASE\spring-orm-4.1.6.RELEASE.jar(org/springframework/orm/ObjectRetrievalFailureException.class)]]
[loading ZipFileIndexFileObject[C:\Program Files\Java\jdk1.7.0_75\lib\ct.sym(META-INF/sym/rt.jar/java/lang/Object.class)]]
[loading ZipFileIndexFileObject[C:\Users\Natallia_Rakitskaya\.m2\repository\org\hibernate\javax\persistence\hibernate-jpa-2.1-api\1.0.0.Final\hibernate-jpa-2.1-api-1.0.0.Final.jar(javax/persistence/GeneratedValue.class)]]
[loading ZipFileIndexFileObject[C:\Users\Natallia_Rakitskaya\.m2\repository\org\hibernate\javax\persistence\hibernate-jpa-2.1-api\1.0.0.Final\hibernate-jpa-2.1-api-1.0.0.Final.jar(javax/persistence/GenerationType.class)]]
[loading ZipFileIndexFileObject[C:\Users\Natallia_Rakitskaya\.m2\repository\org\hibernate\javax\persistence\hibernate-jpa-2.1-api\1.0.0.Final\hibernate-jpa-2.1-api-1.0.0.Final.jar(javax/persistence/Id.class)]]
[loading ZipFileIndexFileObject[C:\Users\Natallia_Rakitskaya\.m2\repository\org\hibernate\javax\persistence\hibernate-jpa-2.1-api\1.0.0.Final\hibernate-jpa-2.1-api-1.0.0.Final.jar(javax/persistence/MappedSuperclass.class)]]
[loading ZipFileIndexFileObject[C:\Program Files\Java\jdk1.7.0_75\lib\ct.sym(META-INF/sym/rt.jar/java/lang/Class.class)]]
[loading ZipFileIndexFileObject[C:\Program Files\Java\jdk1.7.0_75\lib\ct.sym(META-INF/sym/rt.jar/java/lang/Integer.class)]]
[loading ZipFileIndexFileObject[C:\Program Files\Java\jdk1.7.0_75\lib\ct.sym(META-INF/sym/rt.jar/java/text/ParseException.class)]]
[loading ZipFileIndexFileObject[C:\Program Files\Java\jdk1.7.0_75\lib\ct.sym(META-INF/sym/rt.jar/java/util/Locale.class)]]
[loading ZipFileIndexFileObject[C:\Users\Natallia_Rakitskaya\.m2\repository\org\springframework\spring-beans\4.1.6.RELEASE\spring-beans-4.1.6.RELEASE.jar(org/springframework/beans/factory/annotation/Autowired.class)]]
[loading ZipFileIndexFileObject[C:\Users\Natallia_Rakitskaya\.m2\repository\org\springframework\spring-context\4.1.6.RELEASE\spring-context-4.1.6.RELEASE.jar(org/springframework/format/Formatter.class)]]
[loading ZipFileIndexFileObject[C:\Users\Natallia_Rakitskaya\.m2\repository\org\hibernate\javax\persistence\hibernate-jpa-2.1-api\1.0.0.Final\hibernate-jpa-2.1-api-1.0.0.Final.jar(javax/persistence/Entity.class)]]
[loading ZipFileIndexFileObject[C:\Users\Natallia_Rakitskaya\.m2\repository\org\hibernate\javax\persistence\hibernate-jpa-2.1-api\1.0.0.Final\hibernate-jpa-2.1-api-1.0.0.Final.jar(javax/persistence/Table.class)]]
[loading ZipFileIndexFileObject[C:\Users\Natallia_Rakitskaya\.m2\repository\org\hibernate\javax\persistence\hibernate-jpa-2.1-api\1.0.0.Final\hibernate-jpa-2.1-api-1.0.0.Final.jar(javax/persistence/Column.class)]]
[loading ZipFileIndexFileObject[C:\Users\Natallia_Rakitskaya\.m2\repository\org\springframework\spring-context\4.1.6.RELEASE\spring-context-4.1.6.RELEASE.jar(org/springframework/format/Printer.class)]]
[loading ZipFileIndexFileObject[C:\Users\Natallia_Rakitskaya\.m2\repository\org\springframework\spring-context\4.1.6.RELEASE\spring-context-4.1.6.RELEASE.jar(org/springframework/format/Parser.class)]]
[loading ZipFileIndexFileObject[C:\Users\Natallia_Rakitskaya\.m2\repository\org\springframework\spring-tx\4.1.6.RELEASE\spring-tx-4.1.6.RELEASE.jar(org/springframework/dao/DataAccessException.class)]]
[loading ZipFileIndexFileObject[C:\Program Files\Java\jdk1.7.0_75\lib\ct.sym(META-INF/sym/rt.jar/java/lang/String.class)]]
[loading ZipFileIndexFileObject[C:\Program Files\Java\jdk1.7.0_75\lib\ct.sym(META-INF/sym/rt.jar/java/util/ArrayList.class)]]
[loading ZipFileIndexFileObject[C:\Program Files\Java\jdk1.7.0_75\lib\ct.sym(META-INF/sym/rt.jar/java/util/Collections.class)]]
[loading ZipFileIndexFileObject[C:\Program Files\Java\jdk1.7.0_75\lib\ct.sym(META-INF/sym/rt.jar/java/util/HashSet.class)]]
[loading ZipFileIndexFileObject[C:\Program Files\Java\jdk1.7.0_75\lib\ct.sym(META-INF/sym/rt.jar/java/util/List.class)]]
[loading ZipFileIndexFileObject[C:\Program Files\Java\jdk1.7.0_75\lib\ct.sym(META-INF/sym/rt.jar/java/util/Set.class)]]
[loading ZipFileIndexFileObject[C:\Users\Natallia_Rakitskaya\.m2\repository\org\hibernate\javax\persistence\hibernate-jpa-2.1-api\1.0.0.Final\hibernate-jpa-2.1-api-1.0.0.Final.jar(javax/persistence/CascadeType.class)]]
[loading ZipFileIndexFileObject[C:\Users\Natallia_Rakitskaya\.m2\repository\org\hibernate\javax\persistence\hibernate-jpa-2.1-api\1.0.0.Final\hibernate-jpa-2.1-api-1.0.0.Final.jar(javax/persistence/OneToMany.class)]]
[loading ZipFileIndexFileObject[C:\Users\Natallia_Rakitskaya\.m2\repository\javax\validation\validation-api\1.1.0.Final\validation-api-1.1.0.Final.jar(javax/validation/constraints/Digits.class)]]
[loading ZipFileIndexFileObject[C:\Users\Natallia_Rakitskaya\.m2\repository\org\hibernate\hibernate-validator\5.1.3.Final\hibernate-validator-5.1.3.Final.jar(org/hibernate/validator/constraints/NotEmpty.class)]]
[loading ZipFileIndexFileObject[C:\Users\Natallia_Rakitskaya\.m2\repository\org\springframework\spring-beans\4.1.6.RELEASE\spring-beans-4.1.6.RELEASE.jar(org/springframework/beans/support/MutableSortDefinition.class)]]
[loading ZipFileIndexFileObject[C:\Users\Natallia_Rakitskaya\.m2\repository\org\springframework\spring-beans\4.1.6.RELEASE\spring-beans-4.1.6.RELEASE.jar(org/springframework/beans/support/PropertyComparator.class)]]
[loading ZipFileIndexFileObject[C:\Users\Natallia_Rakitskaya\.m2\repository\org\springframework\spring-core\4.1.6.RELEASE\spring-core-4.1.6.RELEASE.jar(org/springframework/core/style/ToStringCreator.class)]]
[loading ZipFileIndexFileObject[C:\Users\Natallia_Rakitskaya\.m2\repository\org\hibernate\javax\persistence\hibernate-jpa-2.1-api\1.0.0.Final\hibernate-jpa-2.1-api-1.0.0.Final.jar(javax/persistence/FetchType.class)]]
[loading ZipFileIndexFileObject[C:\Users\Natallia_Rakitskaya\.m2\repository\org\hibernate\javax\persistence\hibernate-jpa-2.1-api\1.0.0.Final\hibernate-jpa-2.1-api-1.0.0.Final.jar(javax/persistence/JoinColumn.class)]]
[loading ZipFileIndexFileObject[C:\Users\Natallia_Rakitskaya\.m2\repository\org\hibernate\javax\persistence\hibernate-jpa-2.1-api\1.0.0.Final\hibernate-jpa-2.1-api-1.0.0.Final.jar(javax/persistence/ManyToOne.class)]]
[loading ZipFileIndexFileObject[C:\Users\Natallia_Rakitskaya\.m2\repository\org\hibernate\hibernate-core\4.3.8.Final\hibernate-core-4.3.8.Final.jar(org/hibernate/annotations/Type.class)]]
[loading ZipFileIndexFileObject[C:\Users\Natallia_Rakitskaya\.m2\repository\joda-time\joda-time\2.5\joda-time-2.5.jar(org/joda/time/DateTime.class)]]
[loading ZipFileIndexFileObject[C:\Users\Natallia_Rakitskaya\.m2\repository\org\springframework\spring-context\4.1.6.RELEASE\spring-context-4.1.6.RELEASE.jar(org/springframework/format/annotation/DateTimeFormat.class)]]
[loading ZipFileIndexFileObject[C:\Users\Natallia_Rakitskaya\.m2\repository\org\hibernate\javax\persistence\hibernate-jpa-2.1-api\1.0.0.Final\hibernate-jpa-2.1-api-1.0.0.Final.jar(javax/persistence/JoinTable.class)]]
[loading ZipFileIndexFileObject[C:\Users\Natallia_Rakitskaya\.m2\repository\org\hibernate\javax\persistence\hibernate-jpa-2.1-api\1.0.0.Final\hibernate-jpa-2.1-api-1.0.0.Final.jar(javax/persistence/ManyToMany.class)]]
[loading ZipFileIndexFileObject[C:\Program Files\Java\jdk1.7.0_75\lib\ct.sym(META-INF/sym/rt.jar/javax/xml/bind/annotation/XmlElement.class)]]
[loading ZipFileIndexFileObject[C:\Program Files\Java\jdk1.7.0_75\lib\ct.sym(META-INF/sym/rt.jar/java/util/Map.class)]]
[loading ZipFileIndexFileObject[C:\Users\Natallia_Rakitskaya\.m2\repository\org\springframework\spring-context\4.1.6.RELEASE\spring-context-4.1.6.RELEASE.jar(org/springframework/stereotype/Controller.class)]]
[loading ZipFileIndexFileObject[C:\Users\Natallia_Rakitskaya\.m2\repository\org\springframework\spring-web\4.1.6.RELEASE\spring-web-4.1.6.RELEASE.jar(org/springframework/web/bind/annotation/RequestMapping.class)]]
[loading ZipFileIndexFileObject[C:\Users\Natallia_Rakitskaya\.m2\repository\org\springframework\spring-web\4.1.6.RELEASE\spring-web-4.1.6.RELEASE.jar(org/springframework/web/bind/annotation/ResponseBody.class)]]
[loading ZipFileIndexFileObject[C:\Program Files\Java\jdk1.7.0_75\lib\ct.sym(META-INF/sym/rt.jar/javax/xml/bind/annotation/XmlRootElement.class)]]
[loading ZipFileIndexFileObject[C:\Users\Natallia_Rakitskaya\.m2\repository\org\hibernate\javax\persistence\hibernate-jpa-2.1-api\1.0.0.Final\hibernate-jpa-2.1-api-1.0.0.Final.jar(javax/persistence/EntityManager.class)]]
[loading ZipFileIndexFileObject[C:\Users\Natallia_Rakitskaya\.m2\repository\org\hibernate\javax\persistence\hibernate-jpa-2.1-api\1.0.0.Final\hibernate-jpa-2.1-api-1.0.0.Final.jar(javax/persistence/PersistenceContext.class)]]
[loading ZipFileIndexFileObject[C:\Users\Natallia_Rakitskaya\.m2\repository\org\springframework\spring-context\4.1.6.RELEASE\spring-context-4.1.6.RELEASE.jar(org/springframework/cache/annotation/Cacheable.class)]]
[loading ZipFileIndexFileObject[C:\Users\Natallia_Rakitskaya\.m2\repository\org\springframework\spring-context\4.1.6.RELEASE\spring-context-4.1.6.RELEASE.jar(org/springframework/stereotype/Repository.class)]]
[loading ZipFileIndexFileObject[C:\Users\Natallia_Rakitskaya\.m2\repository\javax\validation\validation-api\1.1.0.Final\validation-api-1.1.0.Final.jar(javax/validation/Valid.class)]]
[loading ZipFileIndexFileObject[C:\Users\Natallia_Rakitskaya\.m2\repository\org\springframework\spring-context\4.1.6.RELEASE\spring-context-4.1.6.RELEASE.jar(org/springframework/ui/Model.class)]]
[loading ZipFileIndexFileObject[C:\Users\Natallia_Rakitskaya\.m2\repository\org\springframework\spring-context\4.1.6.RELEASE\spring-context-4.1.6.RELEASE.jar(org/springframework/validation/BindingResult.class)]]
[loading ZipFileIndexFileObject[C:\Users\Natallia_Rakitskaya\.m2\repository\org\springframework\spring-web\4.1.6.RELEASE\spring-web-4.1.6.RELEASE.jar(org/springframework/web/bind/WebDataBinder.class)]]
[loading ZipFileIndexFileObject[C:\Users\Natallia_Rakitskaya\.m2\repository\org\springframework\spring-web\4.1.6.RELEASE\spring-web-4.1.6.RELEASE.jar(org/springframework/web/bind/annotation/InitBinder.class)]]
[loading ZipFileIndexFileObject[C:\Users\Natallia_Rakitskaya\.m2\repository\org\springframework\spring-web\4.1.6.RELEASE\spring-web-4.1.6.RELEASE.jar(org/springframework/web/bind/annotation/PathVariable.class)]]
[loading ZipFileIndexFileObject[C:\Users\Natallia_Rakitskaya\.m2\repository\org\springframework\spring-web\4.1.6.RELEASE\spring-web-4.1.6.RELEASE.jar(org/springframework/web/bind/annotation/RequestMethod.class)]]
[loading ZipFileIndexFileObject[C:\Users\Natallia_Rakitskaya\.m2\repository\org\springframework\spring-web\4.1.6.RELEASE\spring-web-4.1.6.RELEASE.jar(org/springframework/web/bind/annotation/SessionAttributes.class)]]
[loading ZipFileIndexFileObject[C:\Users\Natallia_Rakitskaya\.m2\repository\org\springframework\spring-web\4.1.6.RELEASE\spring-web-4.1.6.RELEASE.jar(org/springframework/web/bind/support/SessionStatus.class)]]
[loading ZipFileIndexFileObject[C:\Users\Natallia_Rakitskaya\.m2\repository\org\springframework\spring-webmvc\4.1.6.RELEASE\spring-webmvc-4.1.6.RELEASE.jar(org/springframework/web/servlet/ModelAndView.class)]]
[loading ZipFileIndexFileObject[C:\Users\Natallia_Rakitskaya\.m2\repository\org\springframework\spring-jdbc\4.1.6.RELEASE\spring-jdbc-4.1.6.RELEASE.jar(org/springframework/jdbc/core/RowMapper.class)]]
[loading ZipFileIndexFileObject[C:\Program Files\Java\jdk1.7.0_75\lib\ct.sym(META-INF/sym/rt.jar/java/sql/ResultSet.class)]]
[loading ZipFileIndexFileObject[C:\Program Files\Java\jdk1.7.0_75\lib\ct.sym(META-INF/sym/rt.jar/java/sql/SQLException.class)]]
[loading ZipFileIndexFileObject[C:\Program Files\Java\jdk1.7.0_75\lib\ct.sym(META-INF/sym/rt.jar/java/util/Date.class)]]
[loading ZipFileIndexFileObject[C:\Users\Natallia_Rakitskaya\.m2\repository\org\springframework\data\spring-data-jdbc-core\1.1.0.RELEASE\spring-data-jdbc-core-1.1.0.RELEASE.jar(org/springframework/data/jdbc/core/OneToManyResultSetExtractor.class)]]
[loading ZipFileIndexFileObject[C:\Users\Natallia_Rakitskaya\.m2\repository\org\springframework\spring-jdbc\4.1.6.RELEASE\spring-jdbc-4.1.6.RELEASE.jar(org/springframework/jdbc/core/ResultSetExtractor.class)]]
[loading ZipFileIndexFileObject[C:\Users\Natallia_Rakitskaya\.m2\repository\org\springframework\data\spring-data-commons\1.9.2.RELEASE\spring-data-commons-1.9.2.RELEASE.jar(org/springframework/data/repository/Repository.class)]]
[loading ZipFileIndexFileObject[C:\Users\Natallia_Rakitskaya\.m2\repository\org\springframework\spring-web\4.1.6.RELEASE\spring-web-4.1.6.RELEASE.jar(org/springframework/web/bind/annotation/ModelAttribute.class)]]
[loading ZipFileIndexFileObject[C:\Users\Natallia_Rakitskaya\.m2\repository\org\hibernate\javax\persistence\hibernate-jpa-2.1-api\1.0.0.Final\hibernate-jpa-2.1-api-1.0.0.Final.jar(javax/persistence/Query.class)]]
[loading ZipFileIndexFileObject[C:\Users\Natallia_Rakitskaya\.m2\repository\org\springframework\spring-orm\4.1.6.RELEASE\spring-orm-4.1.6.RELEASE.jar(org/springframework/orm/hibernate3/support/OpenSessionInViewFilter.class)]]
[loading ZipFileIndexFileObject[C:\Users\Natallia_Rakitskaya\.m2\repository\org\springframework\data\spring-data-jpa\1.7.2.RELEASE\spring-data-jpa-1.7.2.RELEASE.jar(org/springframework/data/jpa/repository/Query.class)]]
[loading ZipFileIndexFileObject[C:\Program Files\Java\jdk1.7.0_75\lib\ct.sym(META-INF/sym/rt.jar/java/util/HashMap.class)]]
[loading ZipFileIndexFileObject[C:\Program Files\Java\jdk1.7.0_75\lib\ct.sym(META-INF/sym/rt.jar/javax/sql/DataSource.class)]]
[loading ZipFileIndexFileObject[C:\Users\Natallia_Rakitskaya\.m2\repository\org\springframework\spring-tx\4.1.6.RELEASE\spring-tx-4.1.6.RELEASE.jar(org/springframework/dao/EmptyResultDataAccessException.class)]]
[loading ZipFileIndexFileObject[C:\Users\Natallia_Rakitskaya\.m2\repository\org\springframework\spring-jdbc\4.1.6.RELEASE\spring-jdbc-4.1.6.RELEASE.jar(org/springframework/jdbc/core/BeanPropertyRowMapper.class)]]
[loading ZipFileIndexFileObject[C:\Users\Natallia_Rakitskaya\.m2\repository\org\springframework\spring-jdbc\4.1.6.RELEASE\spring-jdbc-4.1.6.RELEASE.jar(org/springframework/jdbc/core/namedparam/BeanPropertySqlParameterSource.class)]]
[loading ZipFileIndexFileObject[C:\Users\Natallia_Rakitskaya\.m2\repository\org\springframework\spring-jdbc\4.1.6.RELEASE\spring-jdbc-4.1.6.RELEASE.jar(org/springframework/jdbc/core/namedparam/NamedParameterJdbcTemplate.class)]]
[loading ZipFileIndexFileObject[C:\Users\Natallia_Rakitskaya\.m2\repository\org\springframework\spring-jdbc\4.1.6.RELEASE\spring-jdbc-4.1.6.RELEASE.jar(org/springframework/jdbc/core/simple/SimpleJdbcInsert.class)]]
[loading ZipFileIndexFileObject[C:\Users\Natallia_Rakitskaya\.m2\repository\org\springframework\spring-jdbc\4.1.6.RELEASE\spring-jdbc-4.1.6.RELEASE.jar(org/springframework/jdbc/core/JdbcTemplate.class)]]
[loading ZipFileIndexFileObject[C:\Users\Natallia_Rakitskaya\.m2\repository\org\springframework\spring-jdbc\4.1.6.RELEASE\spring-jdbc-4.1.6.RELEASE.jar(org/springframework/jdbc/core/namedparam/MapSqlParameterSource.class)]]
[loading ZipFileIndexFileObject[C:\Users\Natallia_Rakitskaya\.m2\repository\org\springframework\spring-context\4.1.6.RELEASE\spring-context-4.1.6.RELEASE.jar(org/springframework/stereotype/Service.class)]]
[loading ZipFileIndexFileObject[C:\Users\Natallia_Rakitskaya\.m2\repository\org\springframework\spring-tx\4.1.6.RELEASE\spring-tx-4.1.6.RELEASE.jar(org/springframework/transaction/annotation/Transactional.class)]]
[loading ZipFileIndexFileObject[C:\Users\Natallia_Rakitskaya\.m2\repository\org\aspectj\aspectjrt\1.8.5\aspectjrt-1.8.5.jar(org/aspectj/lang/ProceedingJoinPoint.class)]]
[loading ZipFileIndexFileObject[C:\Users\Natallia_Rakitskaya\.m2\repository\org\aspectj\aspectjrt\1.8.5\aspectjrt-1.8.5.jar(org/aspectj/lang/annotation/Around.class)]]
[loading ZipFileIndexFileObject[C:\Users\Natallia_Rakitskaya\.m2\repository\org\aspectj\aspectjrt\1.8.5\aspectjrt-1.8.5.jar(org/aspectj/lang/annotation/Aspect.class)]]
[loading ZipFileIndexFileObject[C:\Users\Natallia_Rakitskaya\.m2\repository\org\springframework\spring-context\4.1.6.RELEASE\spring-context-4.1.6.RELEASE.jar(org/springframework/jmx/export/annotation/ManagedAttribute.class)]]
[loading ZipFileIndexFileObject[C:\Users\Natallia_Rakitskaya\.m2\repository\org\springframework\spring-context\4.1.6.RELEASE\spring-context-4.1.6.RELEASE.jar(org/springframework/jmx/export/annotation/ManagedOperation.class)]]
[loading ZipFileIndexFileObject[C:\Users\Natallia_Rakitskaya\.m2\repository\org\springframework\spring-context\4.1.6.RELEASE\spring-context-4.1.6.RELEASE.jar(org/springframework/jmx/export/annotation/ManagedResource.class)]]
[loading ZipFileIndexFileObject[C:\Users\Natallia_Rakitskaya\.m2\repository\org\springframework\spring-core\4.1.6.RELEASE\spring-core-4.1.6.RELEASE.jar(org/springframework/util/StopWatch.class)]]
[loading ZipFileIndexFileObject[C:\Program Files\Java\jdk1.7.0_75\lib\ct.sym(META-INF/sym/rt.jar/java/lang/Throwable.class)]]
[loading ZipFileIndexFileObject[C:\Users\Natallia_Rakitskaya\.m2\repository\org\springframework\data\spring-data-commons\1.9.2.RELEASE\spring-data-commons-1.9.2.RELEASE.jar(org/springframework/data/repository/query/Param.class)]]
[loading ZipFileIndexFileObject[C:\Users\Natallia_Rakitskaya\.m2\repository\org\springframework\spring-core\4.1.6.RELEASE\spring-core-4.1.6.RELEASE.jar(org/springframework/util/StringUtils.class)]]
[loading ZipFileIndexFileObject[C:\Users\Natallia_Rakitskaya\.m2\repository\org\springframework\spring-context\4.1.6.RELEASE\spring-context-4.1.6.RELEASE.jar(org/springframework/validation/Errors.class)]]
[loading ZipFileIndexFileObject[C:\Users\Natallia_Rakitskaya\.m2\repository\org\springframework\spring-context\4.1.6.RELEASE\spring-context-4.1.6.RELEASE.jar(org/springframework/validation/Validator.class)]]
[loading ZipFileIndexFileObject[C:\Program Files\Java\jdk1.7.0_75\lib\ct.sym(META-INF/sym/rt.jar/java/lang/annotation/Target.class)]]
[loading ZipFileIndexFileObject[C:\Program Files\Java\jdk1.7.0_75\lib\ct.sym(META-INF/sym/rt.jar/java/lang/annotation/ElementType.class)]]
[loading ZipFileIndexFileObject[C:\Program Files\Java\jdk1.7.0_75\lib\ct.sym(META-INF/sym/rt.jar/java/lang/annotation/Retention.class)]]
[loading ZipFileIndexFileObject[C:\Program Files\Java\jdk1.7.0_75\lib\ct.sym(META-INF/sym/rt.jar/java/lang/annotation/RetentionPolicy.class)]]
[loading ZipFileIndexFileObject[C:\Program Files\Java\jdk1.7.0_75\lib\ct.sym(META-INF/sym/rt.jar/java/lang/annotation/Annotation.class)]]
[loading ZipFileIndexFileObject[C:\Program Files\Java\jdk1.7.0_75\lib\ct.sym(META-INF/sym/rt.jar/java/lang/Override.class)]]
[loading ZipFileIndexFileObject[C:\Users\Natallia_Rakitskaya\.m2\repository\javax\validation\validation-api\1.1.0.Final\validation-api-1.1.0.Final.jar(javax/validation/Constraint.class)]]
[loading ZipFileIndexFileObject[C:\Users\Natallia_Rakitskaya\.m2\repository\javax\validation\validation-api\1.1.0.Final\validation-api-1.1.0.Final.jar(javax/validation/constraints/Size.class)]]
[loading ZipFileIndexFileObject[C:\Users\Natallia_Rakitskaya\.m2\repository\org\springframework\spring-context\4.1.6.RELEASE\spring-context-4.1.6.RELEASE.jar(org/springframework/format/annotation/DateTimeFormat$ISO.class)]]
[loading ZipFileIndexFileObject[C:\Users\Natallia_Rakitskaya\.m2\repository\org\hibernate\javax\persistence\hibernate-jpa-2.1-api\1.0.0.Final\hibernate-jpa-2.1-api-1.0.0.Final.jar(javax/persistence/ForeignKey.class)]]
[loading ZipFileIndexFileObject[C:\Users\Natallia_Rakitskaya\.m2\repository\org\hibernate\javax\persistence\hibernate-jpa-2.1-api\1.0.0.Final\hibernate-jpa-2.1-api-1.0.0.Final.jar(javax/persistence/ConstraintMode.class)]]
[loading ZipFileIndexFileObject[C:\Users\Natallia_Rakitskaya\.m2\repository\org\hibernate\javax\persistence\hibernate-jpa-2.1-api\1.0.0.Final\hibernate-jpa-2.1-api-1.0.0.Final.jar(javax/persistence/PersistenceContextType.class)]]
[loading ZipFileIndexFileObject[C:\Users\Natallia_Rakitskaya\.m2\repository\org\hibernate\javax\persistence\hibernate-jpa-2.1-api\1.0.0.Final\hibernate-jpa-2.1-api-1.0.0.Final.jar(javax/persistence/SynchronizationType.class)]]
[loading ZipFileIndexFileObject[C:\Program Files\Java\jdk1.7.0_75\lib\ct.sym(META-INF/sym/rt.jar/java/lang/SuppressWarnings.class)]]
[loading ZipFileIndexFileObject[C:\Users\Natallia_Rakitskaya\.m2\repository\org\springframework\spring-tx\4.1.6.RELEASE\spring-tx-4.1.6.RELEASE.jar(org/springframework/transaction/annotation/Propagation.class)]]
[loading ZipFileIndexFileObject[C:\Users\Natallia_Rakitskaya\.m2\repository\org\springframework\spring-tx\4.1.6.RELEASE\spring-tx-4.1.6.RELEASE.jar(org/springframework/transaction/annotation/Isolation.class)]]
[checking org.springframework.samples.petclinic.util.EntityUtils]
[loading ZipFileIndexFileObject[C:\Program Files\Java\jdk1.7.0_75\lib\ct.sym(META-INF/sym/rt.jar/java/lang/AutoCloseable.class)]]
[loading ZipFileIndexFileObject[C:\Users\Natallia_Rakitskaya\.m2\repository\org\springframework\spring-tx\4.1.6.RELEASE\spring-tx-4.1.6.RELEASE.jar(org/springframework/dao/DataRetrievalFailureException.class)]]
[loading ZipFileIndexFileObject[C:\Users\Natallia_Rakitskaya\.m2\repository\org\springframework\spring-tx\4.1.6.RELEASE\spring-tx-4.1.6.RELEASE.jar(org/springframework/dao/NonTransientDataAccessException.class)]]
[loading ZipFileIndexFileObject[C:\Users\Natallia_Rakitskaya\.m2\repository\org\springframework\spring-core\4.1.6.RELEASE\spring-core-4.1.6.RELEASE.jar(org/springframework/core/NestedRuntimeException.class)]]
[loading ZipFileIndexFileObject[C:\Program Files\Java\jdk1.7.0_75\lib\ct.sym(META-INF/sym/rt.jar/java/lang/RuntimeException.class)]]
[loading ZipFileIndexFileObject[C:\Program Files\Java\jdk1.7.0_75\lib\ct.sym(META-INF/sym/rt.jar/java/lang/Exception.class)]]
[loading ZipFileIndexFileObject[C:\Program Files\Java\jdk1.7.0_75\lib\ct.sym(META-INF/sym/rt.jar/java/lang/Iterable.class)]]
[loading ZipFileIndexFileObject[C:\Program Files\Java\jdk1.7.0_75\lib\ct.sym(META-INF/sym/rt.jar/java/lang/Number.class)]]
[loading ZipFileIndexFileObject[C:\Program Files\Java\jdk1.7.0_75\lib\ct.sym(META-INF/sym/rt.jar/java/lang/Byte.class)]]
[loading ZipFileIndexFileObject[C:\Program Files\Java\jdk1.7.0_75\lib\ct.sym(META-INF/sym/rt.jar/java/lang/Character.class)]]
[loading ZipFileIndexFileObject[C:\Program Files\Java\jdk1.7.0_75\lib\ct.sym(META-INF/sym/rt.jar/java/lang/Short.class)]]
[loading ZipFileIndexFileObject[C:\Program Files\Java\jdk1.7.0_75\lib\ct.sym(META-INF/sym/rt.jar/java/lang/Long.class)]]
[loading ZipFileIndexFileObject[C:\Program Files\Java\jdk1.7.0_75\lib\ct.sym(META-INF/sym/rt.jar/java/lang/Float.class)]]
[loading ZipFileIndexFileObject[C:\Program Files\Java\jdk1.7.0_75\lib\ct.sym(META-INF/sym/rt.jar/java/lang/Double.class)]]
[loading ZipFileIndexFileObject[C:\Program Files\Java\jdk1.7.0_75\lib\ct.sym(META-INF/sym/rt.jar/java/lang/Boolean.class)]]
[loading ZipFileIndexFileObject[C:\Program Files\Java\jdk1.7.0_75\lib\ct.sym(META-INF/sym/rt.jar/java/lang/Void.class)]]
[loading ZipFileIndexFileObject[C:\Program Files\Java\jdk1.7.0_75\lib\ct.sym(META-INF/sym/rt.jar/java/io/Serializable.class)]]
[loading ZipFileIndexFileObject[C:\Program Files\Java\jdk1.7.0_75\lib\ct.sym(META-INF/sym/rt.jar/java/lang/Error.class)]]
[loading ZipFileIndexFileObject[C:\Program Files\Java\jdk1.7.0_75\lib\ct.sym(META-INF/sym/rt.jar/java/util/Iterator.class)]]
[wrote RegularFileObject[D:\Trainings\+++JAVA CDP\workspace\JMP_job\target\classes\org\springframework\samples\petclinic\util\EntityUtils.class]]
[checking org.springframework.samples.petclinic.model.BaseEntity]
[wrote RegularFileObject[D:\Trainings\+++JAVA CDP\workspace\JMP_job\target\classes\org\springframework\samples\petclinic\model\BaseEntity.class]]
[checking org.springframework.samples.petclinic.web.PetTypeFormatter]
[loading ZipFileIndexFileObject[C:\Program Files\Java\jdk1.7.0_75\lib\ct.sym(META-INF/sym/rt.jar/java/lang/StringBuilder.class)]]
[loading ZipFileIndexFileObject[C:\Program Files\Java\jdk1.7.0_75\lib\ct.sym(META-INF/sym/rt.jar/java/lang/CharSequence.class)]]
[loading ZipFileIndexFileObject[C:\Program Files\Java\jdk1.7.0_75\lib\ct.sym(META-INF/sym/rt.jar/java/lang/Comparable.class)]]
[loading ZipFileIndexFileObject[C:\Program Files\Java\jdk1.7.0_75\lib\ct.sym(META-INF/sym/rt.jar/java/lang/AbstractStringBuilder.class)]]
[loading ZipFileIndexFileObject[C:\Program Files\Java\jdk1.7.0_75\lib\ct.sym(META-INF/sym/rt.jar/java/lang/StringBuffer.class)]]
[wrote RegularFileObject[D:\Trainings\+++JAVA CDP\workspace\JMP_job\target\classes\org\springframework\samples\petclinic\web\PetTypeFormatter.class]]
[checking org.springframework.samples.petclinic.model.PetType]
[checking org.springframework.samples.petclinic.model.NamedEntity]
[wrote RegularFileObject[D:\Trainings\+++JAVA CDP\workspace\JMP_job\target\classes\org\springframework\samples\petclinic\model\PetType.class]]
[wrote RegularFileObject[D:\Trainings\+++JAVA CDP\workspace\JMP_job\target\classes\org\springframework\samples\petclinic\model\NamedEntity.class]]
[checking org.springframework.samples.petclinic.service.ClinicService]
[wrote RegularFileObject[D:\Trainings\+++JAVA CDP\workspace\JMP_job\target\classes\org\springframework\samples\petclinic\service\ClinicService.class]]
[checking org.springframework.samples.petclinic.model.Owner]
[loading ZipFileIndexFileObject[C:\Program Files\Java\jdk1.7.0_75\lib\ct.sym(META-INF/sym/rt.jar/java/util/AbstractSet.class)]]
[loading ZipFileIndexFileObject[C:\Program Files\Java\jdk1.7.0_75\lib\ct.sym(META-INF/sym/rt.jar/java/util/AbstractCollection.class)]]
[loading ZipFileIndexFileObject[C:\Program Files\Java\jdk1.7.0_75\lib\ct.sym(META-INF/sym/rt.jar/java/util/AbstractList.class)]]
[loading ZipFileIndexFileObject[C:\Users\Natallia_Rakitskaya\.m2\repository\org\springframework\spring-beans\4.1.6.RELEASE\spring-beans-4.1.6.RELEASE.jar(org/springframework/beans/support/SortDefinition.class)]]
[loading ZipFileIndexFileObject[C:\Users\Natallia_Rakitskaya\.m2\repository\org\springframework\spring-beans\4.1.6.RELEASE\spring-beans-4.1.6.RELEASE.jar(org/springframework/beans/BeansException.class)]]
[checking org.springframework.samples.petclinic.model.Person]
[wrote RegularFileObject[D:\Trainings\+++JAVA CDP\workspace\JMP_job\target\classes\org\springframework\samples\petclinic\model\Owner.class]]
[wrote RegularFileObject[D:\Trainings\+++JAVA CDP\workspace\JMP_job\target\classes\org\springframework\samples\petclinic\model\Person.class]]
[checking org.springframework.samples.petclinic.model.Pet]
[wrote RegularFileObject[D:\Trainings\+++JAVA CDP\workspace\JMP_job\target\classes\org\springframework\samples\petclinic\model\Pet.class]]
[checking org.springframework.samples.petclinic.model.Visit]
[wrote RegularFileObject[D:\Trainings\+++JAVA CDP\workspace\JMP_job\target\classes\org\springframework\samples\petclinic\model\Visit.class]]
[checking org.springframework.samples.petclinic.model.Vet]
[wrote RegularFileObject[D:\Trainings\+++JAVA CDP\workspace\JMP_job\target\classes\org\springframework\samples\petclinic\model\Vet.class]]
[checking org.springframework.samples.petclinic.model.Specialty]
[wrote RegularFileObject[D:\Trainings\+++JAVA CDP\workspace\JMP_job\target\classes\org\springframework\samples\petclinic\model\Specialty.class]]
[checking org.springframework.samples.petclinic.web.VetController]
[wrote RegularFileObject[D:\Trainings\+++JAVA CDP\workspace\JMP_job\target\classes\org\springframework\samples\petclinic\web\VetController.class]]
[checking org.springframework.samples.petclinic.model.Vets]
[wrote RegularFileObject[D:\Trainings\+++JAVA CDP\workspace\JMP_job\target\classes\org\springframework\samples\petclinic\model\Vets.class]]
[checking org.springframework.samples.petclinic.repository.jpa.JpaVetRepositoryImpl]
[loading ZipFileIndexFileObject[C:\Users\Natallia_Rakitskaya\.m2\repository\org\hibernate\javax\persistence\hibernate-jpa-2.1-api\1.0.0.Final\hibernate-jpa-2.1-api-1.0.0.Final.jar(javax/persistence/TypedQuery.class)]]
[loading ZipFileIndexFileObject[C:\Users\Natallia_Rakitskaya\.m2\repository\org\hibernate\javax\persistence\hibernate-jpa-2.1-api\1.0.0.Final\hibernate-jpa-2.1-api-1.0.0.Final.jar(javax/persistence/criteria/CriteriaDelete.class)]]
[loading ZipFileIndexFileObject[C:\Users\Natallia_Rakitskaya\.m2\repository\org\hibernate\javax\persistence\hibernate-jpa-2.1-api\1.0.0.Final\hibernate-jpa-2.1-api-1.0.0.Final.jar(javax/persistence/criteria/CriteriaUpdate.class)]]
[loading ZipFileIndexFileObject[C:\Users\Natallia_Rakitskaya\.m2\repository\org\hibernate\javax\persistence\hibernate-jpa-2.1-api\1.0.0.Final\hibernate-jpa-2.1-api-1.0.0.Final.jar(javax/persistence/criteria/CriteriaQuery.class)]]
[wrote RegularFileObject[D:\Trainings\+++JAVA CDP\workspace\JMP_job\target\classes\org\springframework\samples\petclinic\repository\jpa\JpaVetRepositoryImpl.class]]
[checking org.springframework.samples.petclinic.repository.VetRepository]
[wrote RegularFileObject[D:\Trainings\+++JAVA CDP\workspace\JMP_job\target\classes\org\springframework\samples\petclinic\repository\VetRepository.class]]
[checking org.springframework.samples.petclinic.web.OwnerController]
[loading ZipFileIndexFileObject[C:\Users\Natallia_Rakitskaya\.m2\repository\org\springframework\spring-context\4.1.6.RELEASE\spring-context-4.1.6.RELEASE.jar(org/springframework/validation/DataBinder.class)]]
[loading ZipFileIndexFileObject[C:\Users\Natallia_Rakitskaya\.m2\repository\org\springframework\spring-webmvc\4.1.6.RELEASE\spring-webmvc-4.1.6.RELEASE.jar(org/springframework/web/servlet/View.class)]]
[wrote RegularFileObject[D:\Trainings\+++JAVA CDP\workspace\JMP_job\target\classes\org\springframework\samples\petclinic\web\OwnerController.class]]
[checking org.springframework.samples.petclinic.web.CrashController]
[wrote RegularFileObject[D:\Trainings\+++JAVA CDP\workspace\JMP_job\target\classes\org\springframework\samples\petclinic\web\CrashController.class]]
[checking org.springframework.samples.petclinic.repository.jdbc.JdbcPet]
[wrote RegularFileObject[D:\Trainings\+++JAVA CDP\workspace\JMP_job\target\classes\org\springframework\samples\petclinic\repository\jdbc\JdbcPet.class]]
[checking org.springframework.samples.petclinic.repository.jdbc.JdbcVisitRowMapper]
[loading ZipFileIndexFileObject[C:\Program Files\Java\jdk1.7.0_75\lib\ct.sym(META-INF/sym/rt.jar/java/sql/Wrapper.class)]]
[loading ZipFileIndexFileObject[C:\Program Files\Java\jdk1.7.0_75\lib\ct.sym(META-INF/sym/rt.jar/java/sql/Date.class)]]
[loading ZipFileIndexFileObject[C:\Users\Natallia_Rakitskaya\.m2\repository\joda-time\joda-time\2.5\joda-time-2.5.jar(org/joda/time/Chronology.class)]]
[loading ZipFileIndexFileObject[C:\Users\Natallia_Rakitskaya\.m2\repository\joda-time\joda-time\2.5\joda-time-2.5.jar(org/joda/time/DateTimeZone.class)]]
[wrote RegularFileObject[D:\Trainings\+++JAVA CDP\workspace\JMP_job\target\classes\org\springframework\samples\petclinic\repository\jdbc\JdbcVisitRowMapper.class]]
[checking org.springframework.samples.petclinic.repository.jdbc.JdbcPetVisitExtractor]
[wrote RegularFileObject[D:\Trainings\+++JAVA CDP\workspace\JMP_job\target\classes\org\springframework\samples\petclinic\repository\jdbc\JdbcPetVisitExtractor.class]]
[checking org.springframework.samples.petclinic.repository.springdatajpa.SpringDataVetRepository]
[wrote RegularFileObject[D:\Trainings\+++JAVA CDP\workspace\JMP_job\target\classes\org\springframework\samples\petclinic\repository\springdatajpa\SpringDataVetRepository.class]]
[checking org.springframework.samples.petclinic.web.PetController]
[wrote RegularFileObject[D:\Trainings\+++JAVA CDP\workspace\JMP_job\target\classes\org\springframework\samples\petclinic\web\PetController.class]]
[checking org.springframework.samples.petclinic.repository.jpa.JpaVisitRepositoryImpl]
[loading ZipFileIndexFileObject[C:\Users\Natallia_Rakitskaya\.m2\repository\org\hibernate\javax\persistence\hibernate-jpa-2.1-api\1.0.0.Final\hibernate-jpa-2.1-api-1.0.0.Final.jar(javax/persistence/Parameter.class)]]
[wrote RegularFileObject[D:\Trainings\+++JAVA CDP\workspace\JMP_job\target\classes\org\springframework\samples\petclinic\repository\jpa\JpaVisitRepositoryImpl.class]]
[checking org.springframework.samples.petclinic.repository.VisitRepository]
[wrote RegularFileObject[D:\Trainings\+++JAVA CDP\workspace\JMP_job\target\classes\org\springframework\samples\petclinic\repository\VisitRepository.class]]
[checking org.springframework.samples.petclinic.repository.jpa.JpaOwnerRepositoryImpl]
[wrote RegularFileObject[D:\Trainings\+++JAVA CDP\workspace\JMP_job\target\classes\org\springframework\samples\petclinic\repository\jpa\JpaOwnerRepositoryImpl.class]]
[checking org.springframework.samples.petclinic.repository.OwnerRepository]
[wrote RegularFileObject[D:\Trainings\+++JAVA CDP\workspace\JMP_job\target\classes\org\springframework\samples\petclinic\repository\OwnerRepository.class]]
[checking org.springframework.samples.petclinic.repository.springdatajpa.SpringDataPetRepository]
[wrote RegularFileObject[D:\Trainings\+++JAVA CDP\workspace\JMP_job\target\classes\org\springframework\samples\petclinic\repository\springdatajpa\SpringDataPetRepository.class]]
[checking org.springframework.samples.petclinic.repository.PetRepository]
[wrote RegularFileObject[D:\Trainings\+++JAVA CDP\workspace\JMP_job\target\classes\org\springframework\samples\petclinic\repository\PetRepository.class]]
[checking org.springframework.samples.petclinic.repository.jdbc.JdbcOwnerRepositoryImpl]
[loading ZipFileIndexFileObject[C:\Users\Natallia_Rakitskaya\.m2\repository\org\springframework\spring-jdbc\4.1.6.RELEASE\spring-jdbc-4.1.6.RELEASE.jar(org/springframework/jdbc/core/simple/AbstractJdbcInsert.class)]]
[loading ZipFileIndexFileObject[C:\Users\Natallia_Rakitskaya\.m2\repository\org\springframework\spring-jdbc\4.1.6.RELEASE\spring-jdbc-4.1.6.RELEASE.jar(org/springframework/jdbc/core/JdbcOperations.class)]]
[loading ZipFileIndexFileObject[C:\Program Files\Java\jdk1.7.0_75\lib\ct.sym(META-INF/sym/rt.jar/javax/sql/CommonDataSource.class)]]
[loading ZipFileIndexFileObject[C:\Program Files\Java\jdk1.7.0_75\lib\ct.sym(META-INF/sym/rt.jar/java/util/AbstractMap.class)]]
[loading ZipFileIndexFileObject[C:\Users\Natallia_Rakitskaya\.m2\repository\org\springframework\spring-jdbc\4.1.6.RELEASE\spring-jdbc-4.1.6.RELEASE.jar(org/springframework/jdbc/core/namedparam/SqlParameterSource.class)]]
[loading ZipFileIndexFileObject[C:\Users\Natallia_Rakitskaya\.m2\repository\org\springframework\spring-jdbc\4.1.6.RELEASE\spring-jdbc-4.1.6.RELEASE.jar(org/springframework/jdbc/core/RowCallbackHandler.class)]]
[loading ZipFileIndexFileObject[C:\Users\Natallia_Rakitskaya\.m2\repository\org\springframework\spring-tx\4.1.6.RELEASE\spring-tx-4.1.6.RELEASE.jar(org/springframework/dao/IncorrectResultSizeDataAccessException.class)]]
[loading ZipFileIndexFileObject[C:\Users\Natallia_Rakitskaya\.m2\repository\org\springframework\spring-jdbc\4.1.6.RELEASE\spring-jdbc-4.1.6.RELEASE.jar(org/springframework/jdbc/core/namedparam/AbstractSqlParameterSource.class)]]
[loading ZipFileIndexFileObject[C:\Program Files\Java\jdk1.7.0_75\lib\ct.sym(META-INF/sym/rt.jar/java/lang/Cloneable.class)]]
[wrote RegularFileObject[D:\Trainings\+++JAVA CDP\workspace\JMP_job\target\classes\org\springframework\samples\petclinic\repository\jdbc\JdbcOwnerRepositoryImpl.class]]
[checking org.springframework.samples.petclinic.repository.jdbc.JdbcVetRepositoryImpl]
[loading ZipFileIndexFileObject[C:\Users\Natallia_Rakitskaya\.m2\repository\org\springframework\spring-jdbc\4.1.6.RELEASE\spring-jdbc-4.1.6.RELEASE.jar(org/springframework/jdbc/core/PreparedStatementCreator.class)]]
[loading ZipFileIndexFileObject[C:\Users\Natallia_Rakitskaya\.m2\repository\org\springframework\spring-jdbc\4.1.6.RELEASE\spring-jdbc-4.1.6.RELEASE.jar(org/springframework/jdbc/support/JdbcAccessor.class)]]
[loading ZipFileIndexFileObject[C:\Users\Natallia_Rakitskaya\.m2\repository\org\springframework\spring-jdbc\4.1.6.RELEASE\spring-jdbc-4.1.6.RELEASE.jar(org/springframework/jdbc/core/PreparedStatementSetter.class)]]
[wrote RegularFileObject[D:\Trainings\+++JAVA CDP\workspace\JMP_job\target\classes\org\springframework\samples\petclinic\repository\jdbc\JdbcVetRepositoryImpl$1.class]]
[wrote RegularFileObject[D:\Trainings\+++JAVA CDP\workspace\JMP_job\target\classes\org\springframework\samples\petclinic\repository\jdbc\JdbcVetRepositoryImpl.class]]
[checking org.springframework.samples.petclinic.repository.springdatajpa.SpringDataVisitRepository]
[wrote RegularFileObject[D:\Trainings\+++JAVA CDP\workspace\JMP_job\target\classes\org\springframework\samples\petclinic\repository\springdatajpa\SpringDataVisitRepository.class]]
[checking org.springframework.samples.petclinic.repository.jdbc.JdbcVisitRepositoryImpl]
[loading ZipFileIndexFileObject[C:\Program Files\Java\jdk1.7.0_75\lib\ct.sym(META-INF/sym/rt.jar/java/lang/UnsupportedOperationException.class)]]
[loading ZipFileIndexFileObject[C:\Users\Natallia_Rakitskaya\.m2\repository\joda-time\joda-time\2.5\joda-time-2.5.jar(org/joda/time/base/BaseDateTime.class)]]
[loading ZipFileIndexFileObject[C:\Users\Natallia_Rakitskaya\.m2\repository\joda-time\joda-time\2.5\joda-time-2.5.jar(org/joda/time/base/AbstractDateTime.class)]]
[loading ZipFileIndexFileObject[C:\Users\Natallia_Rakitskaya\.m2\repository\joda-time\joda-time\2.5\joda-time-2.5.jar(org/joda/time/base/AbstractInstant.class)]]
[wrote RegularFileObject[D:\Trainings\+++JAVA CDP\workspace\JMP_job\target\classes\org\springframework\samples\petclinic\repository\jdbc\JdbcVisitRepositoryImpl.class]]
[checking org.springframework.samples.petclinic.service.ClinicServiceImpl]
[wrote RegularFileObject[D:\Trainings\+++JAVA CDP\workspace\JMP_job\target\classes\org\springframework\samples\petclinic\service\ClinicServiceImpl.class]]
[checking org.springframework.samples.petclinic.util.CallMonitoringAspect]
[loading ZipFileIndexFileObject[C:\Users\Natallia_Rakitskaya\.m2\repository\org\aspectj\aspectjrt\1.8.5\aspectjrt-1.8.5.jar(org/aspectj/lang/JoinPoint.class)]]
[loading ZipFileIndexFileObject[C:\Program Files\Java\jdk1.7.0_75\lib\ct.sym(META-INF/sym/rt.jar/java/lang/IllegalStateException.class)]]
[wrote RegularFileObject[D:\Trainings\+++JAVA CDP\workspace\JMP_job\target\classes\org\springframework\samples\petclinic\util\CallMonitoringAspect.class]]
[checking org.springframework.samples.petclinic.web.VisitController]
[wrote RegularFileObject[D:\Trainings\+++JAVA CDP\workspace\JMP_job\target\classes\org\springframework\samples\petclinic\web\VisitController.class]]
[checking org.springframework.samples.petclinic.repository.springdatajpa.SpringDataOwnerRepository]
[wrote RegularFileObject[D:\Trainings\+++JAVA CDP\workspace\JMP_job\target\classes\org\springframework\samples\petclinic\repository\springdatajpa\SpringDataOwnerRepository.class]]
[checking org.springframework.samples.petclinic.web.PetValidator]
[wrote RegularFileObject[D:\Trainings\+++JAVA CDP\workspace\JMP_job\target\classes\org\springframework\samples\petclinic\web\PetValidator.class]]
[checking org.springframework.samples.petclinic.repository.jdbc.JdbcPetRepositoryImpl]
[wrote RegularFileObject[D:\Trainings\+++JAVA CDP\workspace\JMP_job\target\classes\org\springframework\samples\petclinic\repository\jdbc\JdbcPetRepositoryImpl.class]]
[checking org.springframework.samples.petclinic.repository.jdbc.JdbcPetRowMapper]
[wrote RegularFileObject[D:\Trainings\+++JAVA CDP\workspace\JMP_job\target\classes\org\springframework\samples\petclinic\repository\jdbc\JdbcPetRowMapper.class]]
[checking org.springframework.samples.petclinic.repository.jpa.JpaPetRepositoryImpl]
[wrote RegularFileObject[D:\Trainings\+++JAVA CDP\workspace\JMP_job\target\classes\org\springframework\samples\petclinic\repository\jpa\JpaPetRepositoryImpl.class]]
[total 600ms]
[INFO] 
[INFO] --- maven-resources-plugin:2.6:testResources (default-testResources) @ spring-petclinic ---
[INFO] Using 'UTF-8' encoding to copy filtered resources.
[INFO] Copying 6 resources
[INFO] skip non existing resourceDirectory D:\Trainings\+++JAVA CDP\workspace\JMP_job\src\test\resources
[INFO] 
[INFO] --- maven-compiler-plugin:3.0:testCompile (default-testCompile) @ spring-petclinic ---
[INFO] Changes detected - recompiling the module!
[INFO] Compiling 6 source files to D:\Trainings\+++JAVA CDP\workspace\JMP_job\target\test-classes
[parsing started RegularFileObject[D:\Trainings\+++JAVA CDP\workspace\JMP_job\src\test\java\org\springframework\samples\petclinic\web\VetControllerTests.java]]
[parsing completed 0ms]
[parsing started RegularFileObject[D:\Trainings\+++JAVA CDP\workspace\JMP_job\src\test\java\org\springframework\samples\petclinic\service\ClinicServiceJdbcTests.java]]
[parsing completed 0ms]
[parsing started RegularFileObject[D:\Trainings\+++JAVA CDP\workspace\JMP_job\src\test\java\org\springframework\samples\petclinic\model\ValidatorTests.java]]
[parsing completed 0ms]
[parsing started RegularFileObject[D:\Trainings\+++JAVA CDP\workspace\JMP_job\src\test\java\org\springframework\samples\petclinic\service\ClinicServiceSpringDataJpaTests.java]]
[parsing completed 0ms]
[parsing started RegularFileObject[D:\Trainings\+++JAVA CDP\workspace\JMP_job\src\test\java\org\springframework\samples\petclinic\service\ClinicServiceJpaTests.java]]
[parsing completed 0ms]
[parsing started RegularFileObject[D:\Trainings\+++JAVA CDP\workspace\JMP_job\src\test\java\org\springframework\samples\petclinic\service\AbstractClinicServiceTests.java]]
[parsing completed 0ms]
[search path for source files: D:\Trainings\+++JAVA CDP\workspace\JMP_job\src\test\java]
[search path for class files: C:\Program Files\Java\jdk1.7.0_75\jre\lib\resources.jar,C:\Program Files\Java\jdk1.7.0_75\jre\lib\rt.jar,C:\Program Files\Java\jdk1.7.0_75\jre\lib\sunrsasign.jar,C:\Program Files\Java\jdk1.7.0_75\jre\lib\jsse.jar,C:\Program Files\Java\jdk1.7.0_75\jre\lib\jce.jar,C:\Program Files\Java\jdk1.7.0_75\jre\lib\charsets.jar,C:\Program Files\Java\jdk1.7.0_75\jre\lib\jfr.jar,C:\Program Files\Java\jdk1.7.0_75\jre\classes,C:\Program Files\Java\jdk1.7.0_75\jre\lib\ext\access-bridge-64.jar,C:\Program Files\Java\jdk1.7.0_75\jre\lib\ext\dnsns.jar,C:\Program Files\Java\jdk1.7.0_75\jre\lib\ext\jaccess.jar,C:\Program Files\Java\jdk1.7.0_75\jre\lib\ext\localedata.jar,C:\Program Files\Java\jdk1.7.0_75\jre\lib\ext\sunec.jar,C:\Program Files\Java\jdk1.7.0_75\jre\lib\ext\sunjce_provider.jar,C:\Program Files\Java\jdk1.7.0_75\jre\lib\ext\sunmscapi.jar,C:\Program Files\Java\jdk1.7.0_75\jre\lib\ext\zipfs.jar,D:\Trainings\+++JAVA CDP\workspace\JMP_job\target\test-classes,D:\Trainings\+++JAVA CDP\workspace\JMP_job\target\classes,C:\Users\Natallia_Rakitskaya\.m2\repository\org\jadira\usertype\usertype.core\3.2.0.GA\usertype.core-3.2.0.GA.jar,C:\Users\Natallia_Rakitskaya\.m2\repository\org\jadira\usertype\usertype.spi\3.2.0.GA\usertype.spi-3.2.0.GA.jar,C:\Users\Natallia_Rakitskaya\.m2\repository\org\apache\tomcat\tomcat-servlet-api\7.0.59\tomcat-servlet-api-7.0.59.jar,C:\Users\Natallia_Rakitskaya\.m2\repository\javax\servlet\jsp\javax.servlet.jsp-api\2.2.1\javax.servlet.jsp-api-2.2.1.jar,C:\Users\Natallia_Rakitskaya\.m2\repository\org\apache\tomcat\tomcat-jasper-el\7.0.59\tomcat-jasper-el-7.0.59.jar,C:\Users\Natallia_Rakitskaya\.m2\repository\org\apache\tomcat\tomcat-el-api\7.0.59\tomcat-el-api-7.0.59.jar,C:\Users\Natallia_Rakitskaya\.m2\repository\javax\servlet\jsp\jstl\javax.servlet.jsp.jstl-api\1.2.1\javax.servlet.jsp.jstl-api-1.2.1.jar,C:\Users\Natallia_Rakitskaya\.m2\repository\org\apache\taglibs\taglibs-standard-jstlel\1.2.5\taglibs-standard-jstlel-1.2.5.jar,C:\Users\Natallia_Rakitskaya\.m2\repository\org\apache\taglibs\taglibs-standard-spec\1.2.5\taglibs-standard-spec-1.2.5.jar,C:\Users\Natallia_Rakitskaya\.m2\repository\org\apache\taglibs\taglibs-standard-impl\1.2.5\taglibs-standard-impl-1.2.5.jar,C:\Users\Natallia_Rakitskaya\.m2\repository\com\jayway\jsonpath\json-path\0.9.1\json-path-0.9.1.jar,C:\Users\Natallia_Rakitskaya\.m2\repository\net\minidev\json-smart\1.2\json-smart-1.2.jar,C:\Users\Natallia_Rakitskaya\.m2\repository\org\springframework\data\spring-data-jpa\1.7.2.RELEASE\spring-data-jpa-1.7.2.RELEASE.jar,C:\Users\Natallia_Rakitskaya\.m2\repository\org\springframework\data\spring-data-commons\1.9.2.RELEASE\spring-data-commons-1.9.2.RELEASE.jar,C:\Users\Natallia_Rakitskaya\.m2\repository\org\springframework\spring-context\4.1.6.RELEASE\spring-context-4.1.6.RELEASE.jar,C:\Users\Natallia_Rakitskaya\.m2\repository\org\springframework\spring-beans\4.1.6.RELEASE\spring-beans-4.1.6.RELEASE.jar,C:\Users\Natallia_Rakitskaya\.m2\repository\org\springframework\spring-core\4.1.6.RELEASE\spring-core-4.1.6.RELEASE.jar,C:\Users\Natallia_Rakitskaya\.m2\repository\org\slf4j\jcl-over-slf4j\1.7.11\jcl-over-slf4j-1.7.11.jar,C:\Users\Natallia_Rakitskaya\.m2\repository\org\springframework\data\spring-data-jdbc-core\1.1.0.RELEASE\spring-data-jdbc-core-1.1.0.RELEASE.jar,C:\Users\Natallia_Rakitskaya\.m2\repository\org\springframework\retry\spring-retry\1.1.2.RELEASE\spring-retry-1.1.2.RELEASE.jar,C:\Users\Natallia_Rakitskaya\.m2\repository\org\springframework\spring-jdbc\4.1.6.RELEASE\spring-jdbc-4.1.6.RELEASE.jar,C:\Users\Natallia_Rakitskaya\.m2\repository\org\springframework\spring-aop\4.1.6.RELEASE\spring-aop-4.1.6.RELEASE.jar,C:\Users\Natallia_Rakitskaya\.m2\repository\aopalliance\aopalliance\1.0\aopalliance-1.0.jar,C:\Users\Natallia_Rakitskaya\.m2\repository\org\springframework\spring-webmvc\4.1.6.RELEASE\spring-webmvc-4.1.6.RELEASE.jar,C:\Users\Natallia_Rakitskaya\.m2\repository\org\springframework\spring-expression\4.1.6.RELEASE\spring-expression-4.1.6.RELEASE.jar,C:\Users\Natallia_Rakitskaya\.m2\repository\org\springframework\spring-web\4.1.6.RELEASE\spring-web-4.1.6.RELEASE.jar,C:\Users\Natallia_Rakitskaya\.m2\repository\org\springframework\spring-tx\4.1.6.RELEASE\spring-tx-4.1.6.RELEASE.jar,C:\Users\Natallia_Rakitskaya\.m2\repository\org\springframework\spring-context-support\4.1.6.RELEASE\spring-context-support-4.1.6.RELEASE.jar,C:\Users\Natallia_Rakitskaya\.m2\repository\org\springframework\spring-orm\4.1.6.RELEASE\spring-orm-4.1.6.RELEASE.jar,C:\Users\Natallia_Rakitskaya\.m2\repository\org\springframework\spring-oxm\4.1.6.RELEASE\spring-oxm-4.1.6.RELEASE.jar,C:\Users\Natallia_Rakitskaya\.m2\repository\org\aspectj\aspectjrt\1.8.5\aspectjrt-1.8.5.jar,C:\Users\Natallia_Rakitskaya\.m2\repository\org\aspectj\aspectjweaver\1.8.5\aspectjweaver-1.8.5.jar,C:\Users\Natallia_Rakitskaya\.m2\repository\org\apache\tomcat\tomcat-jdbc\7.0.59\tomcat-jdbc-7.0.59.jar,C:\Users\Natallia_Rakitskaya\.m2\repository\org\apache\tomcat\tomcat-juli\7.0.59\tomcat-juli-7.0.59.jar,C:\Users\Natallia_Rakitskaya\.m2\repository\org\slf4j\slf4j-api\1.7.11\slf4j-api-1.7.11.jar,C:\Users\Natallia_Rakitskaya\.m2\repository\ch\qos\logback\logback-classic\1.1.3\logback-classic-1.1.3.jar,C:\Users\Natallia_Rakitskaya\.m2\repository\ch\qos\logback\logback-core\1.1.3\logback-core-1.1.3.jar,C:\Users\Natallia_Rakitskaya\.m2\repository\joda-time\joda-time\2.5\joda-time-2.5.jar,C:\Users\Natallia_Rakitskaya\.m2\repository\joda-time\joda-time-hibernate\1.3\joda-time-hibernate-1.3.jar,C:\Users\Natallia_Rakitskaya\.m2\repository\joda-time\joda-time-jsptags\1.1.1\joda-time-jsptags-1.1.1.jar,C:\Users\Natallia_Rakitskaya\.m2\repository\org\hsqldb\hsqldb\2.3.2\hsqldb-2.3.2.jar,C:\Users\Natallia_Rakitskaya\.m2\repository\org\hibernate\hibernate-entitymanager\4.3.8.Final\hibernate-entitymanager-4.3.8.Final.jar,C:\Users\Natallia_Rakitskaya\.m2\repository\org\jboss\logging\jboss-logging\3.1.3.GA\jboss-logging-3.1.3.GA.jar,C:\Users\Natallia_Rakitskaya\.m2\repository\org\jboss\logging\jboss-logging-annotations\1.2.0.Beta1\jboss-logging-annotations-1.2.0.Beta1.jar,C:\Users\Natallia_Rakitskaya\.m2\repository\org\hibernate\hibernate-core\4.3.8.Final\hibernate-core-4.3.8.Final.jar,C:\Users\Natallia_Rakitskaya\.m2\repository\antlr\antlr\2.7.7\antlr-2.7.7.jar,C:\Users\Natallia_Rakitskaya\.m2\repository\org\jboss\jandex\1.1.0.Final\jandex-1.1.0.Final.jar,C:\Users\Natallia_Rakitskaya\.m2\repository\dom4j\dom4j\1.6.1\dom4j-1.6.1.jar,C:\Users\Natallia_Rakitskaya\.m2\repository\xml-apis\xml-apis\1.0.b2\xml-apis-1.0.b2.jar,C:\Users\Natallia_Rakitskaya\.m2\repository\org\hibernate\common\hibernate-commons-annotations\4.0.5.Final\hibernate-commons-annotations-4.0.5.Final.jar,C:\Users\Natallia_Rakitskaya\.m2\repository\org\hibernate\javax\persistence\hibernate-jpa-2.1-api\1.0.0.Final\hibernate-jpa-2.1-api-1.0.0.Final.jar,C:\Users\Natallia_Rakitskaya\.m2\repository\org\jboss\spec\javax\transaction\jboss-transaction-api_1.2_spec\1.0.0.Final\jboss-transaction-api_1.2_spec-1.0.0.Final.jar,C:\Users\Natallia_Rakitskaya\.m2\repository\org\javassist\javassist\3.18.1-GA\javassist-3.18.1-GA.jar,C:\Users\Natallia_Rakitskaya\.m2\repository\org\hibernate\hibernate-validator\5.1.3.Final\hibernate-validator-5.1.3.Final.jar,C:\Users\Natallia_Rakitskaya\.m2\repository\javax\validation\validation-api\1.1.0.Final\validation-api-1.1.0.Final.jar,C:\Users\Natallia_Rakitskaya\.m2\repository\com\fasterxml\classmate\1.0.0\classmate-1.0.0.jar,C:\Users\Natallia_Rakitskaya\.m2\repository\org\hibernate\hibernate-ehcache\4.3.8.Final\hibernate-ehcache-4.3.8.Final.jar,C:\Users\Natallia_Rakitskaya\.m2\repository\net\sf\ehcache\ehcache-core\2.6.10\ehcache-core-2.6.10.jar,C:\Users\Natallia_Rakitskaya\.m2\repository\org\webjars\bootstrap\2.3.0\bootstrap-2.3.0.jar,C:\Users\Natallia_Rakitskaya\.m2\repository\org\webjars\jquery-ui\1.10.3\jquery-ui-1.10.3.jar,C:\Users\Natallia_Rakitskaya\.m2\repository\org\webjars\jquery\2.0.3-1\jquery-2.0.3-1.jar,C:\Users\Natallia_Rakitskaya\.m2\repository\org\springframework\spring-test\4.1.6.RELEASE\spring-test-4.1.6.RELEASE.jar,C:\Users\Natallia_Rakitskaya\.m2\repository\junit\junit\4.11\junit-4.11.jar,C:\Users\Natallia_Rakitskaya\.m2\repository\org\hamcrest\hamcrest-core\1.3\hamcrest-core-1.3.jar,C:\Users\Natallia_Rakitskaya\.m2\repository\org\assertj\assertj-core\2.1.0\assertj-core-2.1.0.jar,C:\Users\Natallia_Rakitskaya\.m2\repository\com\github\dandelion\datatables-jsp\0.10.1\datatables-jsp-0.10.1.jar,C:\Users\Natallia_Rakitskaya\.m2\repository\com\github\dandelion\datatables-core\0.10.1\datatables-core-0.10.1.jar,C:\Users\Natallia_Rakitskaya\.m2\repository\com\github\dandelion\dandelion-core\0.10.1\dandelion-core-0.10.1.jar,C:\Users\Natallia_Rakitskaya\.m2\repository\com\fasterxml\jackson\core\jackson-core\2.4.5\jackson-core-2.4.5.jar,C:\Users\Natallia_Rakitskaya\.m2\repository\com\fasterxml\jackson\core\jackson-annotations\2.4.5\jackson-annotations-2.4.5.jar,C:\Users\Natallia_Rakitskaya\.m2\repository\com\fasterxml\jackson\core\jackson-databind\2.4.5\jackson-databind-2.4.5.jar,C:\Users\Natallia_Rakitskaya\.m2\repository\com\googlecode\json-simple\json-simple\1.1.1\json-simple-1.1.1.jar,C:\Users\Natallia_Rakitskaya\.m2\repository\commons-beanutils\commons-beanutils\1.9.2\commons-beanutils-1.9.2.jar,C:\Users\Natallia_Rakitskaya\.m2\repository\commons-collections\commons-collections\3.2.1\commons-collections-3.2.1.jar,C:\Users\Natallia_Rakitskaya\.m2\repository\com\github\dandelion\dandelion-jsp\0.10.1\dandelion-jsp-0.10.1.jar,C:\Users\Natallia_Rakitskaya\.m2\repository\com\github\dandelion\datatables-export-itext\0.10.1\datatables-export-itext-0.10.1.jar,C:\Users\Natallia_Rakitskaya\.m2\repository\com\itextpdf\itextpdf\5.4.5\itextpdf-5.4.5.jar,.]
[loading ZipFileIndexFileObject[C:\Users\Natallia_Rakitskaya\.m2\repository\org\springframework\spring-test\4.1.6.RELEASE\spring-test-4.1.6.RELEASE.jar(org/springframework/test/web/servlet/request/MockMvcRequestBuilders.class)]]
[loading ZipFileIndexFileObject[C:\Program Files\Java\jdk1.7.0_75\lib\ct.sym(META-INF/sym/rt.jar/java/lang/Object.class)]]
[loading ZipFileIndexFileObject[C:\Users\Natallia_Rakitskaya\.m2\repository\org\springframework\spring-test\4.1.6.RELEASE\spring-test-4.1.6.RELEASE.jar(org/springframework/test/web/servlet/result/MockMvcResultMatchers.class)]]
[loading ZipFileIndexFileObject[C:\Users\Natallia_Rakitskaya\.m2\repository\junit\junit\4.11\junit-4.11.jar(org/junit/Before.class)]]
[loading ZipFileIndexFileObject[C:\Users\Natallia_Rakitskaya\.m2\repository\junit\junit\4.11\junit-4.11.jar(org/junit/Test.class)]]
[loading ZipFileIndexFileObject[C:\Users\Natallia_Rakitskaya\.m2\repository\junit\junit\4.11\junit-4.11.jar(org/junit/runner/RunWith.class)]]
[loading ZipFileIndexFileObject[C:\Users\Natallia_Rakitskaya\.m2\repository\org\springframework\spring-beans\4.1.6.RELEASE\spring-beans-4.1.6.RELEASE.jar(org/springframework/beans/factory/annotation/Autowired.class)]]
[loading ZipFileIndexFileObject[C:\Users\Natallia_Rakitskaya\.m2\repository\org\springframework\spring-web\4.1.6.RELEASE\spring-web-4.1.6.RELEASE.jar(org/springframework/http/MediaType.class)]]
[loading ZipFileIndexFileObject[C:\Users\Natallia_Rakitskaya\.m2\repository\org\springframework\spring-test\4.1.6.RELEASE\spring-test-4.1.6.RELEASE.jar(org/springframework/test/context/ActiveProfiles.class)]]
[loading ZipFileIndexFileObject[C:\Users\Natallia_Rakitskaya\.m2\repository\org\springframework\spring-test\4.1.6.RELEASE\spring-test-4.1.6.RELEASE.jar(org/springframework/test/context/ContextConfiguration.class)]]
[loading ZipFileIndexFileObject[C:\Users\Natallia_Rakitskaya\.m2\repository\org\springframework\spring-test\4.1.6.RELEASE\spring-test-4.1.6.RELEASE.jar(org/springframework/test/context/junit4/SpringJUnit4ClassRunner.class)]]
[loading ZipFileIndexFileObject[C:\Users\Natallia_Rakitskaya\.m2\repository\org\springframework\spring-test\4.1.6.RELEASE\spring-test-4.1.6.RELEASE.jar(org/springframework/test/context/web/WebAppConfiguration.class)]]
[loading ZipFileIndexFileObject[C:\Users\Natallia_Rakitskaya\.m2\repository\org\springframework\spring-test\4.1.6.RELEASE\spring-test-4.1.6.RELEASE.jar(org/springframework/test/web/servlet/MockMvc.class)]]
[loading ZipFileIndexFileObject[C:\Users\Natallia_Rakitskaya\.m2\repository\org\springframework\spring-test\4.1.6.RELEASE\spring-test-4.1.6.RELEASE.jar(org/springframework/test/web/servlet/ResultActions.class)]]
[loading ZipFileIndexFileObject[C:\Users\Natallia_Rakitskaya\.m2\repository\org\springframework\spring-test\4.1.6.RELEASE\spring-test-4.1.6.RELEASE.jar(org/springframework/test/web/servlet/setup/MockMvcBuilders.class)]]
[loading ZipFileIndexFileObject[C:\Users\Natallia_Rakitskaya\.m2\repository\org\springframework\spring-web\4.1.6.RELEASE\spring-web-4.1.6.RELEASE.jar(org/springframework/web/context/WebApplicationContext.class)]]
[loading RegularFileObject[D:\Trainings\+++JAVA CDP\workspace\JMP_job\target\classes\org\springframework\samples\petclinic\web\VetController.class]]
[loading ZipFileIndexFileObject[C:\Program Files\Java\jdk1.7.0_75\lib\ct.sym(META-INF/sym/rt.jar/java/lang/Exception.class)]]
[loading ZipFileIndexFileObject[C:\Users\Natallia_Rakitskaya\.m2\repository\org\assertj\assertj-core\2.1.0\assertj-core-2.1.0.jar(org/assertj/core/api/Assertions.class)]]
[loading ZipFileIndexFileObject[C:\Program Files\Java\jdk1.7.0_75\lib\ct.sym(META-INF/sym/rt.jar/java/util/Collection.class)]]
[loading ZipFileIndexFileObject[C:\Users\Natallia_Rakitskaya\.m2\repository\joda-time\joda-time\2.5\joda-time-2.5.jar(org/joda/time/DateTime.class)]]
[loading RegularFileObject[D:\Trainings\+++JAVA CDP\workspace\JMP_job\target\classes\org\springframework\samples\petclinic\model\Owner.class]]
[loading RegularFileObject[D:\Trainings\+++JAVA CDP\workspace\JMP_job\target\classes\org\springframework\samples\petclinic\model\Pet.class]]
[loading RegularFileObject[D:\Trainings\+++JAVA CDP\workspace\JMP_job\target\classes\org\springframework\samples\petclinic\model\PetType.class]]
[loading RegularFileObject[D:\Trainings\+++JAVA CDP\workspace\JMP_job\target\classes\org\springframework\samples\petclinic\model\Vet.class]]
[loading RegularFileObject[D:\Trainings\+++JAVA CDP\workspace\JMP_job\target\classes\org\springframework\samples\petclinic\model\Visit.class]]
[loading RegularFileObject[D:\Trainings\+++JAVA CDP\workspace\JMP_job\target\classes\org\springframework\samples\petclinic\util\EntityUtils.class]]
[loading ZipFileIndexFileObject[C:\Users\Natallia_Rakitskaya\.m2\repository\org\springframework\spring-tx\4.1.6.RELEASE\spring-tx-4.1.6.RELEASE.jar(org/springframework/transaction/annotation/Transactional.class)]]
[loading RegularFileObject[D:\Trainings\+++JAVA CDP\workspace\JMP_job\target\classes\org\springframework\samples\petclinic\service\ClinicService.class]]
[loading ZipFileIndexFileObject[C:\Program Files\Java\jdk1.7.0_75\lib\ct.sym(META-INF/sym/rt.jar/java/util/Locale.class)]]
[loading ZipFileIndexFileObject[C:\Program Files\Java\jdk1.7.0_75\lib\ct.sym(META-INF/sym/rt.jar/java/util/Set.class)]]
[loading ZipFileIndexFileObject[C:\Users\Natallia_Rakitskaya\.m2\repository\javax\validation\validation-api\1.1.0.Final\validation-api-1.1.0.Final.jar(javax/validation/ConstraintViolation.class)]]
[loading ZipFileIndexFileObject[C:\Users\Natallia_Rakitskaya\.m2\repository\javax\validation\validation-api\1.1.0.Final\validation-api-1.1.0.Final.jar(javax/validation/Validator.class)]]
[loading ZipFileIndexFileObject[C:\Users\Natallia_Rakitskaya\.m2\repository\org\springframework\spring-context\4.1.6.RELEASE\spring-context-4.1.6.RELEASE.jar(org/springframework/context/i18n/LocaleContextHolder.class)]]
[loading ZipFileIndexFileObject[C:\Users\Natallia_Rakitskaya\.m2\repository\org\springframework\spring-context\4.1.6.RELEASE\spring-context-4.1.6.RELEASE.jar(org/springframework/validation/beanvalidation/LocalValidatorFactoryBean.class)]]
[loading ZipFileIndexFileObject[C:\Program Files\Java\jdk1.7.0_75\lib\ct.sym(META-INF/sym/rt.jar/java/lang/annotation/Retention.class)]]
[loading ZipFileIndexFileObject[C:\Program Files\Java\jdk1.7.0_75\lib\ct.sym(META-INF/sym/rt.jar/java/lang/annotation/RetentionPolicy.class)]]
[loading ZipFileIndexFileObject[C:\Program Files\Java\jdk1.7.0_75\lib\ct.sym(META-INF/sym/rt.jar/java/lang/annotation/Target.class)]]
[loading ZipFileIndexFileObject[C:\Program Files\Java\jdk1.7.0_75\lib\ct.sym(META-INF/sym/rt.jar/java/lang/annotation/ElementType.class)]]
[loading ZipFileIndexFileObject[C:\Users\Natallia_Rakitskaya\.m2\repository\org\springframework\spring-test\4.1.6.RELEASE\spring-test-4.1.6.RELEASE.jar(org/springframework/test/context/BootstrapWith.class)]]
[loading ZipFileIndexFileObject[C:\Program Files\Java\jdk1.7.0_75\lib\ct.sym(META-INF/sym/rt.jar/java/lang/annotation/Annotation.class)]]
[loading ZipFileIndexFileObject[C:\Program Files\Java\jdk1.7.0_75\lib\ct.sym(META-INF/sym/rt.jar/java/lang/Class.class)]]
[loading ZipFileIndexFileObject[C:\Users\Natallia_Rakitskaya\.m2\repository\junit\junit\4.11\junit-4.11.jar(org/junit/runners/BlockJUnit4ClassRunner.class)]]
[loading ZipFileIndexFileObject[C:\Users\Natallia_Rakitskaya\.m2\repository\junit\junit\4.11\junit-4.11.jar(org/junit/runners/ParentRunner.class)]]
[loading ZipFileIndexFileObject[C:\Program Files\Java\jdk1.7.0_75\lib\ct.sym(META-INF/sym/rt.jar/java/lang/String.class)]]
[loading ZipFileIndexFileObject[C:\Users\Natallia_Rakitskaya\.m2\repository\org\springframework\spring-web\4.1.6.RELEASE\spring-web-4.1.6.RELEASE.jar(org/springframework/web/bind/annotation/RequestMapping.class)]]
[loading ZipFileIndexFileObject[C:\Users\Natallia_Rakitskaya\.m2\repository\org\hibernate\javax\persistence\hibernate-jpa-2.1-api\1.0.0.Final\hibernate-jpa-2.1-api-1.0.0.Final.jar(javax/persistence/Table.class)]]
[loading ZipFileIndexFileObject[C:\Users\Natallia_Rakitskaya\.m2\repository\org\hibernate\javax\persistence\hibernate-jpa-2.1-api\1.0.0.Final\hibernate-jpa-2.1-api-1.0.0.Final.jar(javax/persistence/Column.class)]]
[loading ZipFileIndexFileObject[C:\Users\Natallia_Rakitskaya\.m2\repository\javax\validation\validation-api\1.1.0.Final\validation-api-1.1.0.Final.jar(javax/validation/constraints/Digits.class)]]
[loading ZipFileIndexFileObject[C:\Users\Natallia_Rakitskaya\.m2\repository\org\hibernate\javax\persistence\hibernate-jpa-2.1-api\1.0.0.Final\hibernate-jpa-2.1-api-1.0.0.Final.jar(javax/persistence/OneToMany.class)]]
[loading ZipFileIndexFileObject[C:\Users\Natallia_Rakitskaya\.m2\repository\org\hibernate\javax\persistence\hibernate-jpa-2.1-api\1.0.0.Final\hibernate-jpa-2.1-api-1.0.0.Final.jar(javax/persistence/CascadeType.class)]]
[loading ZipFileIndexFileObject[C:\Users\Natallia_Rakitskaya\.m2\repository\org\hibernate\hibernate-core\4.3.8.Final\hibernate-core-4.3.8.Final.jar(org/hibernate/annotations/Type.class)]]
[loading ZipFileIndexFileObject[C:\Users\Natallia_Rakitskaya\.m2\repository\org\springframework\spring-context\4.1.6.RELEASE\spring-context-4.1.6.RELEASE.jar(org/springframework/format/annotation/DateTimeFormat.class)]]
[loading ZipFileIndexFileObject[C:\Users\Natallia_Rakitskaya\.m2\repository\org\hibernate\javax\persistence\hibernate-jpa-2.1-api\1.0.0.Final\hibernate-jpa-2.1-api-1.0.0.Final.jar(javax/persistence/JoinColumn.class)]]
[loading ZipFileIndexFileObject[C:\Users\Natallia_Rakitskaya\.m2\repository\org\hibernate\javax\persistence\hibernate-jpa-2.1-api\1.0.0.Final\hibernate-jpa-2.1-api-1.0.0.Final.jar(javax/persistence/FetchType.class)]]
[loading ZipFileIndexFileObject[C:\Users\Natallia_Rakitskaya\.m2\repository\org\hibernate\javax\persistence\hibernate-jpa-2.1-api\1.0.0.Final\hibernate-jpa-2.1-api-1.0.0.Final.jar(javax/persistence/ManyToMany.class)]]
[loading ZipFileIndexFileObject[C:\Users\Natallia_Rakitskaya\.m2\repository\org\hibernate\javax\persistence\hibernate-jpa-2.1-api\1.0.0.Final\hibernate-jpa-2.1-api-1.0.0.Final.jar(javax/persistence/JoinTable.class)]]
[loading ZipFileIndexFileObject[C:\Users\Natallia_Rakitskaya\.m2\repository\org\springframework\spring-tx\4.1.6.RELEASE\spring-tx-4.1.6.RELEASE.jar(org/springframework/transaction/annotation/Propagation.class)]]
[loading ZipFileIndexFileObject[C:\Users\Natallia_Rakitskaya\.m2\repository\org\springframework\spring-tx\4.1.6.RELEASE\spring-tx-4.1.6.RELEASE.jar(org/springframework/transaction/annotation/Isolation.class)]]
[loading ZipFileIndexFileObject[C:\Users\Natallia_Rakitskaya\.m2\repository\javax\validation\validation-api\1.1.0.Final\validation-api-1.1.0.Final.jar(javax/validation/Constraint.class)]]
[loading ZipFileIndexFileObject[C:\Users\Natallia_Rakitskaya\.m2\repository\org\springframework\spring-context\4.1.6.RELEASE\spring-context-4.1.6.RELEASE.jar(org/springframework/format/annotation/DateTimeFormat$ISO.class)]]
[loading ZipFileIndexFileObject[C:\Users\Natallia_Rakitskaya\.m2\repository\org\hibernate\javax\persistence\hibernate-jpa-2.1-api\1.0.0.Final\hibernate-jpa-2.1-api-1.0.0.Final.jar(javax/persistence/ForeignKey.class)]]
[loading ZipFileIndexFileObject[C:\Users\Natallia_Rakitskaya\.m2\repository\org\hibernate\javax\persistence\hibernate-jpa-2.1-api\1.0.0.Final\hibernate-jpa-2.1-api-1.0.0.Final.jar(javax/persistence/ConstraintMode.class)]]
[checking org.springframework.samples.petclinic.web.VetControllerTests]
[loading ZipFileIndexFileObject[C:\Program Files\Java\jdk1.7.0_75\lib\ct.sym(META-INF/sym/rt.jar/java/lang/AutoCloseable.class)]]
[loading ZipFileIndexFileObject[C:\Users\Natallia_Rakitskaya\.m2\repository\org\springframework\spring-test\4.1.6.RELEASE\spring-test-4.1.6.RELEASE.jar(org/springframework/test/web/servlet/setup/StandaloneMockMvcBuilder.class)]]
[loading ZipFileIndexFileObject[C:\Users\Natallia_Rakitskaya\.m2\repository\org\springframework\spring-test\4.1.6.RELEASE\spring-test-4.1.6.RELEASE.jar(org/springframework/test/web/servlet/setup/AbstractMockMvcBuilder.class)]]
[loading ZipFileIndexFileObject[C:\Users\Natallia_Rakitskaya\.m2\repository\org\springframework\spring-test\4.1.6.RELEASE\spring-test-4.1.6.RELEASE.jar(org/springframework/test/web/servlet/MockMvcBuilderSupport.class)]]
[loading ZipFileIndexFileObject[C:\Program Files\Java\jdk1.7.0_75\lib\ct.sym(META-INF/sym/rt.jar/java/lang/Throwable.class)]]
[loading ZipFileIndexFileObject[C:\Users\Natallia_Rakitskaya\.m2\repository\org\springframework\spring-test\4.1.6.RELEASE\spring-test-4.1.6.RELEASE.jar(org/springframework/test/web/servlet/result/StatusResultMatchers.class)]]
[loading ZipFileIndexFileObject[C:\Users\Natallia_Rakitskaya\.m2\repository\org\springframework\spring-test\4.1.6.RELEASE\spring-test-4.1.6.RELEASE.jar(org/springframework/test/web/servlet/ResultMatcher.class)]]
[loading ZipFileIndexFileObject[C:\Program Files\Java\jdk1.7.0_75\lib\ct.sym(META-INF/sym/rt.jar/java/net/URI.class)]]
[loading ZipFileIndexFileObject[C:\Users\Natallia_Rakitskaya\.m2\repository\org\springframework\spring-test\4.1.6.RELEASE\spring-test-4.1.6.RELEASE.jar(org/springframework/test/web/servlet/request/MockHttpServletRequestBuilder.class)]]
[loading ZipFileIndexFileObject[C:\Users\Natallia_Rakitskaya\.m2\repository\org\springframework\spring-core\4.1.6.RELEASE\spring-core-4.1.6.RELEASE.jar(org/springframework/util/MimeType.class)]]
[loading ZipFileIndexFileObject[C:\Users\Natallia_Rakitskaya\.m2\repository\org\springframework\spring-test\4.1.6.RELEASE\spring-test-4.1.6.RELEASE.jar(org/springframework/test/web/servlet/RequestBuilder.class)]]
[loading ZipFileIndexFileObject[C:\Users\Natallia_Rakitskaya\.m2\repository\org\springframework\spring-test\4.1.6.RELEASE\spring-test-4.1.6.RELEASE.jar(org/springframework/test/web/servlet/request/ConfigurableSmartRequestBuilder.class)]]
[loading ZipFileIndexFileObject[C:\Users\Natallia_Rakitskaya\.m2\repository\org\springframework\spring-test\4.1.6.RELEASE\spring-test-4.1.6.RELEASE.jar(org/springframework/test/web/servlet/SmartRequestBuilder.class)]]
[loading ZipFileIndexFileObject[C:\Users\Natallia_Rakitskaya\.m2\repository\org\hamcrest\hamcrest-core\1.3\hamcrest-core-1.3.jar(org/hamcrest/Matcher.class)]]
[loading ZipFileIndexFileObject[C:\Users\Natallia_Rakitskaya\.m2\repository\org\springframework\spring-test\4.1.6.RELEASE\spring-test-4.1.6.RELEASE.jar(org/springframework/test/web/servlet/result/JsonPathResultMatchers.class)]]
[loading ZipFileIndexFileObject[C:\Program Files\Java\jdk1.7.0_75\lib\ct.sym(META-INF/sym/rt.jar/java/lang/Integer.class)]]
[loading ZipFileIndexFileObject[C:\Program Files\Java\jdk1.7.0_75\lib\ct.sym(META-INF/sym/rt.jar/java/lang/Number.class)]]
[loading ZipFileIndexFileObject[C:\Program Files\Java\jdk1.7.0_75\lib\ct.sym(META-INF/sym/rt.jar/java/io/Serializable.class)]]
[loading ZipFileIndexFileObject[C:\Program Files\Java\jdk1.7.0_75\lib\ct.sym(META-INF/sym/rt.jar/java/lang/Comparable.class)]]
[loading ZipFileIndexFileObject[C:\Users\Natallia_Rakitskaya\.m2\repository\org\springframework\spring-test\4.1.6.RELEASE\spring-test-4.1.6.RELEASE.jar(org/springframework/test/web/servlet/result/ContentResultMatchers.class)]]
[loading ZipFileIndexFileObject[C:\Program Files\Java\jdk1.7.0_75\lib\ct.sym(META-INF/sym/rt.jar/java/lang/Error.class)]]
[loading ZipFileIndexFileObject[C:\Program Files\Java\jdk1.7.0_75\lib\ct.sym(META-INF/sym/rt.jar/java/lang/RuntimeException.class)]]
[loading ZipFileIndexFileObject[C:\Program Files\Java\jdk1.7.0_75\lib\ct.sym(META-INF/sym/rt.jar/java/lang/Byte.class)]]
[loading ZipFileIndexFileObject[C:\Program Files\Java\jdk1.7.0_75\lib\ct.sym(META-INF/sym/rt.jar/java/lang/Character.class)]]
[loading ZipFileIndexFileObject[C:\Program Files\Java\jdk1.7.0_75\lib\ct.sym(META-INF/sym/rt.jar/java/lang/Short.class)]]
[loading ZipFileIndexFileObject[C:\Program Files\Java\jdk1.7.0_75\lib\ct.sym(META-INF/sym/rt.jar/java/lang/Long.class)]]
[loading ZipFileIndexFileObject[C:\Program Files\Java\jdk1.7.0_75\lib\ct.sym(META-INF/sym/rt.jar/java/lang/Float.class)]]
[loading ZipFileIndexFileObject[C:\Program Files\Java\jdk1.7.0_75\lib\ct.sym(META-INF/sym/rt.jar/java/lang/Double.class)]]
[loading ZipFileIndexFileObject[C:\Program Files\Java\jdk1.7.0_75\lib\ct.sym(META-INF/sym/rt.jar/java/lang/Boolean.class)]]
[loading ZipFileIndexFileObject[C:\Program Files\Java\jdk1.7.0_75\lib\ct.sym(META-INF/sym/rt.jar/java/lang/Void.class)]]
[wrote RegularFileObject[D:\Trainings\+++JAVA CDP\workspace\JMP_job\target\test-classes\org\springframework\samples\petclinic\web\VetControllerTests.class]]
[checking org.springframework.samples.petclinic.service.ClinicServiceJdbcTests]
[loading RegularFileObject[D:\Trainings\+++JAVA CDP\workspace\JMP_job\target\classes\org\springframework\samples\petclinic\model\Person.class]]
[loading RegularFileObject[D:\Trainings\+++JAVA CDP\workspace\JMP_job\target\classes\org\springframework\samples\petclinic\model\BaseEntity.class]]
[loading ZipFileIndexFileObject[C:\Users\Natallia_Rakitskaya\.m2\repository\org\hibernate\javax\persistence\hibernate-jpa-2.1-api\1.0.0.Final\hibernate-jpa-2.1-api-1.0.0.Final.jar(javax/persistence/GeneratedValue.class)]]
[loading ZipFileIndexFileObject[C:\Users\Natallia_Rakitskaya\.m2\repository\org\hibernate\javax\persistence\hibernate-jpa-2.1-api\1.0.0.Final\hibernate-jpa-2.1-api-1.0.0.Final.jar(javax/persistence/GenerationType.class)]]
[loading ZipFileIndexFileObject[C:\Program Files\Java\jdk1.7.0_75\lib\ct.sym(META-INF/sym/rt.jar/java/lang/Iterable.class)]]
[loading ZipFileIndexFileObject[C:\Program Files\Java\jdk1.7.0_75\lib\ct.sym(META-INF/sym/rt.jar/java/math/BigDecimal.class)]]
[loading ZipFileIndexFileObject[C:\Program Files\Java\jdk1.7.0_75\lib\ct.sym(META-INF/sym/rt.jar/java/net/URL.class)]]
[loading ZipFileIndexFileObject[C:\Users\Natallia_Rakitskaya\.m2\repository\org\assertj\assertj-core\2.1.0\assertj-core-2.1.0.jar(org/assertj/core/api/AbstractComparableAssert.class)]]
[loading ZipFileIndexFileObject[C:\Users\Natallia_Rakitskaya\.m2\repository\org\assertj\assertj-core\2.1.0\assertj-core-2.1.0.jar(org/assertj/core/api/AbstractIterableAssert.class)]]
[loading ZipFileIndexFileObject[C:\Program Files\Java\jdk1.7.0_75\lib\ct.sym(META-INF/sym/rt.jar/java/util/Iterator.class)]]
[loading ZipFileIndexFileObject[C:\Program Files\Java\jdk1.7.0_75\lib\ct.sym(META-INF/sym/rt.jar/java/io/File.class)]]
[loading ZipFileIndexFileObject[C:\Program Files\Java\jdk1.7.0_75\lib\ct.sym(META-INF/sym/rt.jar/java/nio/file/Path.class)]]
[loading ZipFileIndexFileObject[C:\Program Files\Java\jdk1.7.0_75\lib\ct.sym(META-INF/sym/rt.jar/java/io/InputStream.class)]]
[loading ZipFileIndexFileObject[C:\Program Files\Java\jdk1.7.0_75\lib\ct.sym(META-INF/sym/rt.jar/java/util/List.class)]]
[loading ZipFileIndexFileObject[C:\Users\Natallia_Rakitskaya\.m2\repository\org\assertj\assertj-core\2.1.0\assertj-core-2.1.0.jar(org/assertj/core/api/AbstractListAssert.class)]]
[loading ZipFileIndexFileObject[C:\Users\Natallia_Rakitskaya\.m2\repository\org\assertj\assertj-core\2.1.0\assertj-core-2.1.0.jar(org/assertj/core/api/AbstractObjectAssert.class)]]
[loading ZipFileIndexFileObject[C:\Users\Natallia_Rakitskaya\.m2\repository\org\assertj\assertj-core\2.1.0\assertj-core-2.1.0.jar(org/assertj/core/api/AssertProvider.class)]]
[loading ZipFileIndexFileObject[C:\Users\Natallia_Rakitskaya\.m2\repository\org\assertj\assertj-core\2.1.0\assertj-core-2.1.0.jar(org/assertj/core/api/AbstractObjectArrayAssert.class)]]
[loading ZipFileIndexFileObject[C:\Program Files\Java\jdk1.7.0_75\lib\ct.sym(META-INF/sym/rt.jar/java/util/Map.class)]]
[loading ZipFileIndexFileObject[C:\Users\Natallia_Rakitskaya\.m2\repository\org\assertj\assertj-core\2.1.0\assertj-core-2.1.0.jar(org/assertj/core/api/MapAssert.class)]]
[loading ZipFileIndexFileObject[C:\Program Files\Java\jdk1.7.0_75\lib\ct.sym(META-INF/sym/rt.jar/java/lang/CharSequence.class)]]
[loading ZipFileIndexFileObject[C:\Program Files\Java\jdk1.7.0_75\lib\ct.sym(META-INF/sym/rt.jar/java/util/Date.class)]]
[loading ZipFileIndexFileObject[C:\Users\Natallia_Rakitskaya\.m2\repository\org\assertj\assertj-core\2.1.0\assertj-core-2.1.0.jar(org/assertj/core/api/AbstractIntegerAssert.class)]]
[loading ZipFileIndexFileObject[C:\Users\Natallia_Rakitskaya\.m2\repository\org\assertj\assertj-core\2.1.0\assertj-core-2.1.0.jar(org/assertj/core/api/AbstractAssert.class)]]
[loading ZipFileIndexFileObject[C:\Users\Natallia_Rakitskaya\.m2\repository\org\assertj\assertj-core\2.1.0\assertj-core-2.1.0.jar(org/assertj/core/api/NumberAssert.class)]]
[loading ZipFileIndexFileObject[C:\Users\Natallia_Rakitskaya\.m2\repository\org\assertj\assertj-core\2.1.0\assertj-core-2.1.0.jar(org/assertj/core/api/ComparableAssert.class)]]
[loading ZipFileIndexFileObject[C:\Users\Natallia_Rakitskaya\.m2\repository\org\assertj\assertj-core\2.1.0\assertj-core-2.1.0.jar(org/assertj/core/api/Assert.class)]]
[loading ZipFileIndexFileObject[C:\Users\Natallia_Rakitskaya\.m2\repository\org\assertj\assertj-core\2.1.0\assertj-core-2.1.0.jar(org/assertj/core/api/Descriptable.class)]]
[loading ZipFileIndexFileObject[C:\Users\Natallia_Rakitskaya\.m2\repository\org\assertj\assertj-core\2.1.0\assertj-core-2.1.0.jar(org/assertj/core/api/ExtensionPoints.class)]]
[loading ZipFileIndexFileObject[C:\Users\Natallia_Rakitskaya\.m2\repository\org\assertj\assertj-core\2.1.0\assertj-core-2.1.0.jar(org/assertj/core/api/AbstractBooleanAssert.class)]]
[loading ZipFileIndexFileObject[C:\Users\Natallia_Rakitskaya\.m2\repository\org\assertj\assertj-core\2.1.0\assertj-core-2.1.0.jar(org/assertj/core/api/AssertDelegateTarget.class)]]
[loading ZipFileIndexFileObject[C:\Users\Natallia_Rakitskaya\.m2\repository\org\assertj\assertj-core\2.1.0\assertj-core-2.1.0.jar(org/assertj/core/api/AbstractCharSequenceAssert.class)]]
[loading ZipFileIndexFileObject[C:\Users\Natallia_Rakitskaya\.m2\repository\org\assertj\assertj-core\2.1.0\assertj-core-2.1.0.jar(org/assertj/core/api/EnumerableAssert.class)]]
[loading ZipFileIndexFileObject[C:\Users\Natallia_Rakitskaya\.m2\repository\org\assertj\assertj-core\2.1.0\assertj-core-2.1.0.jar(org/assertj/core/api/AbstractLongAssert.class)]]
[loading RegularFileObject[D:\Trainings\+++JAVA CDP\workspace\JMP_job\target\classes\org\springframework\samples\petclinic\model\NamedEntity.class]]
[loading ZipFileIndexFileObject[C:\Users\Natallia_Rakitskaya\.m2\repository\org\springframework\spring-orm\4.1.6.RELEASE\spring-orm-4.1.6.RELEASE.jar(org/springframework/orm/ObjectRetrievalFailureException.class)]]
[loading RegularFileObject[D:\Trainings\+++JAVA CDP\workspace\JMP_job\target\classes\org\springframework\samples\petclinic\model\Specialty.class]]
[checking org.springframework.samples.petclinic.service.AbstractClinicServiceTests]
[loading ZipFileIndexFileObject[C:\Users\Natallia_Rakitskaya\.m2\repository\org\springframework\spring-tx\4.1.6.RELEASE\spring-tx-4.1.6.RELEASE.jar(org/springframework/dao/DataAccessException.class)]]
[loading ZipFileIndexFileObject[C:\Users\Natallia_Rakitskaya\.m2\repository\org\springframework\spring-core\4.1.6.RELEASE\spring-core-4.1.6.RELEASE.jar(org/springframework/core/NestedRuntimeException.class)]]
[loading ZipFileIndexFileObject[C:\Users\Natallia_Rakitskaya\.m2\repository\org\springframework\spring-tx\4.1.6.RELEASE\spring-tx-4.1.6.RELEASE.jar(org/springframework/dao/DataRetrievalFailureException.class)]]
[loading ZipFileIndexFileObject[C:\Users\Natallia_Rakitskaya\.m2\repository\org\springframework\spring-tx\4.1.6.RELEASE\spring-tx-4.1.6.RELEASE.jar(org/springframework/dao/NonTransientDataAccessException.class)]]
[wrote RegularFileObject[D:\Trainings\+++JAVA CDP\workspace\JMP_job\target\test-classes\org\springframework\samples\petclinic\service\ClinicServiceJdbcTests.class]]
[loading ZipFileIndexFileObject[C:\Program Files\Java\jdk1.7.0_75\lib\ct.sym(META-INF/sym/rt.jar/java/lang/StringBuilder.class)]]
[loading ZipFileIndexFileObject[C:\Program Files\Java\jdk1.7.0_75\lib\ct.sym(META-INF/sym/rt.jar/java/lang/AbstractStringBuilder.class)]]
[loading ZipFileIndexFileObject[C:\Program Files\Java\jdk1.7.0_75\lib\ct.sym(META-INF/sym/rt.jar/java/lang/StringBuffer.class)]]
[wrote RegularFileObject[D:\Trainings\+++JAVA CDP\workspace\JMP_job\target\test-classes\org\springframework\samples\petclinic\service\AbstractClinicServiceTests.class]]
[checking org.springframework.samples.petclinic.model.ValidatorTests]
[loading ZipFileIndexFileObject[C:\Users\Natallia_Rakitskaya\.m2\repository\org\springframework\spring-context\4.1.6.RELEASE\spring-context-4.1.6.RELEASE.jar(org/springframework/validation/beanvalidation/SpringValidatorAdapter.class)]]
[loading ZipFileIndexFileObject[C:\Users\Natallia_Rakitskaya\.m2\repository\org\springframework\spring-context\4.1.6.RELEASE\spring-context-4.1.6.RELEASE.jar(org/springframework/validation/SmartValidator.class)]]
[loading ZipFileIndexFileObject[C:\Users\Natallia_Rakitskaya\.m2\repository\org\springframework\spring-context\4.1.6.RELEASE\spring-context-4.1.6.RELEASE.jar(org/springframework/validation/Validator.class)]]
[loading ZipFileIndexFileObject[C:\Users\Natallia_Rakitskaya\.m2\repository\javax\validation\validation-api\1.1.0.Final\validation-api-1.1.0.Final.jar(javax/validation/Path.class)]]
[wrote RegularFileObject[D:\Trainings\+++JAVA CDP\workspace\JMP_job\target\test-classes\org\springframework\samples\petclinic\model\ValidatorTests.class]]
[checking org.springframework.samples.petclinic.service.ClinicServiceSpringDataJpaTests]
[wrote RegularFileObject[D:\Trainings\+++JAVA CDP\workspace\JMP_job\target\test-classes\org\springframework\samples\petclinic\service\ClinicServiceSpringDataJpaTests.class]]
[checking org.springframework.samples.petclinic.service.ClinicServiceJpaTests]
[wrote RegularFileObject[D:\Trainings\+++JAVA CDP\workspace\JMP_job\target\test-classes\org\springframework\samples\petclinic\service\ClinicServiceJpaTests.class]]
[total 258ms]
[INFO] 
[INFO] --- maven-surefire-plugin:2.13:test (default-test) @ spring-petclinic ---
[INFO] Surefire report directory: D:\Trainings\+++JAVA CDP\workspace\JMP_job\target\surefire-reports

-------------------------------------------------------
 T E S T S
-------------------------------------------------------
Running org.springframework.samples.petclinic.model.ValidatorTests
INFO  Version - HV000001: Hibernate Validator 5.1.3.Final
Tests run: 1, Failures: 0, Errors: 0, Skipped: 0, Time elapsed: 0.548 sec
Running org.springframework.samples.petclinic.service.ClinicServiceJdbcTests
INFO  DefaultTestContextBootstrapper - Loaded default TestExecutionListener class names from location [META-INF/spring.factories]: [org.springframework.test.context.web.ServletTestExecutionListener, org.springframework.test.context.support.DependencyInjectionTestExecutionListener, org.springframework.test.context.support.DirtiesContextTestExecutionListener, org.springframework.test.context.transaction.TransactionalTestExecutionListener, org.springframework.test.context.jdbc.SqlScriptsTestExecutionListener]
INFO  DefaultTestContextBootstrapper - Using TestExecutionListeners: [org.springframework.test.context.web.ServletTestExecutionListener@6e717955, org.springframework.test.context.support.DependencyInjectionTestExecutionListener@5bd4f418, org.springframework.test.context.support.DirtiesContextTestExecutionListener@79e582c1, org.springframework.test.context.transaction.TransactionalTestExecutionListener@4aeb8b6c, org.springframework.test.context.jdbc.SqlScriptsTestExecutionListener@2e0e85e1]
INFO  XmlBeanDefinitionReader - Loading XML bean definitions from class path resource [spring/business-config.xml]
INFO  XmlBeanDefinitionReader - Loading XML bean definitions from class path resource [spring/datasource-config.xml]
INFO  GenericApplicationContext - Refreshing org.springframework.context.support.GenericApplicationContext@2c06713a: startup date [Tue Jul 07 04:00:15 EDT 2015]; root of context hierarchy
INFO  PropertyPlaceholderConfigurer - Loading properties file from class path resource [spring/data-access.properties]
INFO  PropertyPlaceholderConfigurer - Loading properties file from class path resource [spring/data-access.properties]
INFO  ScriptUtils - Executing SQL script from class path resource [db/hsqldb/initDB.sql]
INFO  ScriptUtils - Executed SQL script from class path resource [db/hsqldb/initDB.sql] in 10 ms.
INFO  ScriptUtils - Executing SQL script from class path resource [db/hsqldb/populateDB.sql]
INFO  ScriptUtils - Executed SQL script from class path resource [db/hsqldb/populateDB.sql] in 0 ms.
INFO  TransactionContext - Began transaction (1) for test context [DefaultTestContext@3a1cea92 testClass = ClinicServiceJdbcTests, testInstance = org.springframework.samples.petclinic.service.ClinicServiceJdbcTests@406c350c, testMethod = shouldAddNewVisitForPet@AbstractClinicServiceTests, testException = [null], mergedContextConfiguration = [MergedContextConfiguration@ec7df testClass = ClinicServiceJdbcTests, locations = '{classpath:spring/business-config.xml}', classes = '{}', contextInitializerClasses = '[]', activeProfiles = '{jdbc}', propertySourceLocations = '{}', propertySourceProperties = '{}', contextLoader = 'org.springframework.test.context.support.DelegatingSmartContextLoader', parent = [null]]]; transaction manager [org.springframework.jdbc.datasource.DataSourceTransactionManager@4a640180]; rollback [true]
INFO  TransactionContext - Rolled back transaction for test context [DefaultTestContext@3a1cea92 testClass = ClinicServiceJdbcTests, testInstance = org.springframework.samples.petclinic.service.ClinicServiceJdbcTests@406c350c, testMethod = shouldAddNewVisitForPet@AbstractClinicServiceTests, testException = [null], mergedContextConfiguration = [MergedContextConfiguration@ec7df testClass = ClinicServiceJdbcTests, locations = '{classpath:spring/business-config.xml}', classes = '{}', contextInitializerClasses = '[]', activeProfiles = '{jdbc}', propertySourceLocations = '{}', propertySourceProperties = '{}', contextLoader = 'org.springframework.test.context.support.DelegatingSmartContextLoader', parent = [null]]].
INFO  TransactionContext - Began transaction (1) for test context [DefaultTestContext@3a1cea92 testClass = ClinicServiceJdbcTests, testInstance = org.springframework.samples.petclinic.service.ClinicServiceJdbcTests@7ee14288, testMethod = shouldUpdateOwner@AbstractClinicServiceTests, testException = [null], mergedContextConfiguration = [MergedContextConfiguration@ec7df testClass = ClinicServiceJdbcTests, locations = '{classpath:spring/business-config.xml}', classes = '{}', contextInitializerClasses = '[]', activeProfiles = '{jdbc}', propertySourceLocations = '{}', propertySourceProperties = '{}', contextLoader = 'org.springframework.test.context.support.DelegatingSmartContextLoader', parent = [null]]]; transaction manager [org.springframework.jdbc.datasource.DataSourceTransactionManager@4a640180]; rollback [true]
INFO  TransactionContext - Rolled back transaction for test context [DefaultTestContext@3a1cea92 testClass = ClinicServiceJdbcTests, testInstance = org.springframework.samples.petclinic.service.ClinicServiceJdbcTests@7ee14288, testMethod = shouldUpdateOwner@AbstractClinicServiceTests, testException = [null], mergedContextConfiguration = [MergedContextConfiguration@ec7df testClass = ClinicServiceJdbcTests, locations = '{classpath:spring/business-config.xml}', classes = '{}', contextInitializerClasses = '[]', activeProfiles = '{jdbc}', propertySourceLocations = '{}', propertySourceProperties = '{}', contextLoader = 'org.springframework.test.context.support.DelegatingSmartContextLoader', parent = [null]]].
INFO  TransactionContext - Began transaction (1) for test context [DefaultTestContext@3a1cea92 testClass = ClinicServiceJdbcTests, testInstance = org.springframework.samples.petclinic.service.ClinicServiceJdbcTests@782a437c, testMethod = shouldInsertPetIntoDatabaseAndGenerateId@AbstractClinicServiceTests, testException = [null], mergedContextConfiguration = [MergedContextConfiguration@ec7df testClass = ClinicServiceJdbcTests, locations = '{classpath:spring/business-config.xml}', classes = '{}', contextInitializerClasses = '[]', activeProfiles = '{jdbc}', propertySourceLocations = '{}', propertySourceProperties = '{}', contextLoader = 'org.springframework.test.context.support.DelegatingSmartContextLoader', parent = [null]]]; transaction manager [org.springframework.jdbc.datasource.DataSourceTransactionManager@4a640180]; rollback [true]
INFO  TransactionContext - Rolled back transaction for test context [DefaultTestContext@3a1cea92 testClass = ClinicServiceJdbcTests, testInstance = org.springframework.samples.petclinic.service.ClinicServiceJdbcTests@782a437c, testMethod = shouldInsertPetIntoDatabaseAndGenerateId@AbstractClinicServiceTests, testException = [null], mergedContextConfiguration = [MergedContextConfiguration@ec7df testClass = ClinicServiceJdbcTests, locations = '{classpath:spring/business-config.xml}', classes = '{}', contextInitializerClasses = '[]', activeProfiles = '{jdbc}', propertySourceLocations = '{}', propertySourceProperties = '{}', contextLoader = 'org.springframework.test.context.support.DelegatingSmartContextLoader', parent = [null]]].
INFO  TransactionContext - Began transaction (1) for test context [DefaultTestContext@3a1cea92 testClass = ClinicServiceJdbcTests, testInstance = org.springframework.samples.petclinic.service.ClinicServiceJdbcTests@569eebe5, testMethod = shouldInsertOwner@AbstractClinicServiceTests, testException = [null], mergedContextConfiguration = [MergedContextConfiguration@ec7df testClass = ClinicServiceJdbcTests, locations = '{classpath:spring/business-config.xml}', classes = '{}', contextInitializerClasses = '[]', activeProfiles = '{jdbc}', propertySourceLocations = '{}', propertySourceProperties = '{}', contextLoader = 'org.springframework.test.context.support.DelegatingSmartContextLoader', parent = [null]]]; transaction manager [org.springframework.jdbc.datasource.DataSourceTransactionManager@4a640180]; rollback [true]
INFO  TransactionContext - Rolled back transaction for test context [DefaultTestContext@3a1cea92 testClass = ClinicServiceJdbcTests, testInstance = org.springframework.samples.petclinic.service.ClinicServiceJdbcTests@569eebe5, testMethod = shouldInsertOwner@AbstractClinicServiceTests, testException = [null], mergedContextConfiguration = [MergedContextConfiguration@ec7df testClass = ClinicServiceJdbcTests, locations = '{classpath:spring/business-config.xml}', classes = '{}', contextInitializerClasses = '[]', activeProfiles = '{jdbc}', propertySourceLocations = '{}', propertySourceProperties = '{}', contextLoader = 'org.springframework.test.context.support.DelegatingSmartContextLoader', parent = [null]]].
INFO  TransactionContext - Began transaction (1) for test context [DefaultTestContext@3a1cea92 testClass = ClinicServiceJdbcTests, testInstance = org.springframework.samples.petclinic.service.ClinicServiceJdbcTests@517a475e, testMethod = shouldUpdatePetName@AbstractClinicServiceTests, testException = [null], mergedContextConfiguration = [MergedContextConfiguration@ec7df testClass = ClinicServiceJdbcTests, locations = '{classpath:spring/business-config.xml}', classes = '{}', contextInitializerClasses = '[]', activeProfiles = '{jdbc}', propertySourceLocations = '{}', propertySourceProperties = '{}', contextLoader = 'org.springframework.test.context.support.DelegatingSmartContextLoader', parent = [null]]]; transaction manager [org.springframework.jdbc.datasource.DataSourceTransactionManager@4a640180]; rollback [true]
INFO  TransactionContext - Rolled back transaction for test context [DefaultTestContext@3a1cea92 testClass = ClinicServiceJdbcTests, testInstance = org.springframework.samples.petclinic.service.ClinicServiceJdbcTests@517a475e, testMethod = shouldUpdatePetName@AbstractClinicServiceTests, testException = [null], mergedContextConfiguration = [MergedContextConfiguration@ec7df testClass = ClinicServiceJdbcTests, locations = '{classpath:spring/business-config.xml}', classes = '{}', contextInitializerClasses = '[]', activeProfiles = '{jdbc}', propertySourceLocations = '{}', propertySourceProperties = '{}', contextLoader = 'org.springframework.test.context.support.DelegatingSmartContextLoader', parent = [null]]].
Tests run: 10, Failures: 0, Errors: 0, Skipped: 0, Time elapsed: 1.222 sec
Running org.springframework.samples.petclinic.service.ClinicServiceJpaTests
INFO  DefaultTestContextBootstrapper - Loaded default TestExecutionListener class names from location [META-INF/spring.factories]: [org.springframework.test.context.web.ServletTestExecutionListener, org.springframework.test.context.support.DependencyInjectionTestExecutionListener, org.springframework.test.context.support.DirtiesContextTestExecutionListener, org.springframework.test.context.transaction.TransactionalTestExecutionListener, org.springframework.test.context.jdbc.SqlScriptsTestExecutionListener]
INFO  DefaultTestContextBootstrapper - Using TestExecutionListeners: [org.springframework.test.context.web.ServletTestExecutionListener@78aaff27, org.springframework.test.context.support.DependencyInjectionTestExecutionListener@22559755, org.springframework.test.context.support.DirtiesContextTestExecutionListener@21425f0f, org.springframework.test.context.transaction.TransactionalTestExecutionListener@c6ee2d8, org.springframework.test.context.jdbc.SqlScriptsTestExecutionListener@43eed948]
INFO  XmlBeanDefinitionReader - Loading XML bean definitions from class path resource [spring/business-config.xml]
INFO  XmlBeanDefinitionReader - Loading XML bean definitions from class path resource [spring/datasource-config.xml]
INFO  GenericApplicationContext - Refreshing org.springframework.context.support.GenericApplicationContext@75fb28cf: startup date [Tue Jul 07 04:00:16 EDT 2015]; root of context hierarchy
INFO  PropertyPlaceholderConfigurer - Loading properties file from class path resource [spring/data-access.properties]
INFO  PropertyPlaceholderConfigurer - Loading properties file from class path resource [spring/data-access.properties]
INFO  LocalContainerEntityManagerFactoryBean - Building JPA container EntityManagerFactory for persistence unit 'petclinic'
INFO  LogHelper - HHH000204: Processing PersistenceUnitInfo [
	name: petclinic
	...]
INFO  Version - HHH000412: Hibernate Core {4.3.8.Final}
INFO  Environment - HHH000206: hibernate.properties not found
INFO  Environment - HHH000021: Bytecode provider name : javassist
INFO  Version - HCANN000001: Hibernate Commons Annotations {4.0.5.Final}
INFO  Dialect - HHH000400: Using dialect: org.hibernate.dialect.HSQLDialect
INFO  ASTQueryTranslatorFactory - HHH000397: Using ASTQueryTranslatorFactory
INFO  ScriptUtils - Executing SQL script from class path resource [db/hsqldb/initDB.sql]
INFO  ScriptUtils - Executed SQL script from class path resource [db/hsqldb/initDB.sql] in 10 ms.
INFO  ScriptUtils - Executing SQL script from class path resource [db/hsqldb/populateDB.sql]
INFO  ScriptUtils - Executed SQL script from class path resource [db/hsqldb/populateDB.sql] in 10 ms.
Hibernate: select distinct vet0_.id as id1_5_0_, specialty2_.id as id1_2_1_, vet0_.first_name as first_na2_5_0_, vet0_.last_name as last_nam3_5_0_, specialty2_.name as name2_2_1_, specialtie1_.vet_id as vet_id1_5_0__, specialtie1_.specialty_id as specialt2_4_0__ from vets vet0_ left outer join vet_specialties specialtie1_ on vet0_.id=specialtie1_.vet_id left outer join specialties specialty2_ on specialtie1_.specialty_id=specialty2_.id order by vet0_.last_name, vet0_.first_name
Hibernate: select distinct owner0_.id as id1_0_0_, pets1_.id as id1_1_1_, owner0_.first_name as first_na2_0_0_, owner0_.last_name as last_nam3_0_0_, owner0_.address as address4_0_0_, owner0_.city as city5_0_0_, owner0_.telephone as telephon6_0_0_, pets1_.name as name2_1_1_, pets1_.birth_date as birth_da3_1_1_, pets1_.owner_id as owner_id4_1_1_, pets1_.type_id as type_id5_1_1_, pets1_.owner_id as owner_id4_0_0__, pets1_.id as id1_1_0__ from owners owner0_ left outer join pets pets1_ on owner0_.id=pets1_.owner_id where owner0_.last_name like ?
Hibernate: select pettype0_.id as id1_3_0_, pettype0_.name as name2_3_0_ from types pettype0_ where pettype0_.id=?
Hibernate: select pettype0_.id as id1_3_0_, pettype0_.name as name2_3_0_ from types pettype0_ where pettype0_.id=?
Hibernate: select visits0_.pet_id as pet_id4_1_0_, visits0_.id as id1_6_0_, visits0_.id as id1_6_1_, visits0_.visit_date as visit_da2_6_1_, visits0_.description as descript3_6_1_, visits0_.pet_id as pet_id4_6_1_ from visits visits0_ where visits0_.pet_id=?
Hibernate: select visits0_.pet_id as pet_id4_1_0_, visits0_.id as id1_6_0_, visits0_.id as id1_6_1_, visits0_.visit_date as visit_da2_6_1_, visits0_.description as descript3_6_1_, visits0_.pet_id as pet_id4_6_1_ from visits visits0_ where visits0_.pet_id=?
Hibernate: select distinct owner0_.id as id1_0_0_, pets1_.id as id1_1_1_, owner0_.first_name as first_na2_0_0_, owner0_.last_name as last_nam3_0_0_, owner0_.address as address4_0_0_, owner0_.city as city5_0_0_, owner0_.telephone as telephon6_0_0_, pets1_.name as name2_1_1_, pets1_.birth_date as birth_da3_1_1_, pets1_.owner_id as owner_id4_1_1_, pets1_.type_id as type_id5_1_1_, pets1_.owner_id as owner_id4_0_0__, pets1_.id as id1_1_0__ from owners owner0_ left outer join pets pets1_ on owner0_.id=pets1_.owner_id where owner0_.last_name like ?
INFO  TransactionContext - Began transaction (1) for test context [DefaultTestContext@4e41d2b3 testClass = ClinicServiceJpaTests, testInstance = org.springframework.samples.petclinic.service.ClinicServiceJpaTests@43700de8, testMethod = shouldAddNewVisitForPet@AbstractClinicServiceTests, testException = [null], mergedContextConfiguration = [MergedContextConfiguration@71a11cee testClass = ClinicServiceJpaTests, locations = '{classpath:spring/business-config.xml}', classes = '{}', contextInitializerClasses = '[]', activeProfiles = '{jpa}', propertySourceLocations = '{}', propertySourceProperties = '{}', contextLoader = 'org.springframework.test.context.support.DelegatingSmartContextLoader', parent = [null]]]; transaction manager [org.springframework.orm.jpa.JpaTransactionManager@872878a]; rollback [true]
Hibernate: select pet0_.id as id1_1_0_, pet0_.name as name2_1_0_, pet0_.birth_date as birth_da3_1_0_, pet0_.owner_id as owner_id4_1_0_, pet0_.type_id as type_id5_1_0_, owner1_.id as id1_0_1_, owner1_.first_name as first_na2_0_1_, owner1_.last_name as last_nam3_0_1_, owner1_.address as address4_0_1_, owner1_.city as city5_0_1_, owner1_.telephone as telephon6_0_1_, pettype2_.id as id1_3_2_, pettype2_.name as name2_3_2_, visits3_.pet_id as pet_id4_1_3_, visits3_.id as id1_6_3_, visits3_.id as id1_6_4_, visits3_.visit_date as visit_da2_6_4_, visits3_.description as descript3_6_4_, visits3_.pet_id as pet_id4_6_4_ from pets pet0_ left outer join owners owner1_ on pet0_.owner_id=owner1_.id left outer join types pettype2_ on pet0_.type_id=pettype2_.id left outer join visits visits3_ on pet0_.id=visits3_.pet_id where pet0_.id=?
Hibernate: insert into visits (id, visit_date, description, pet_id) values (default, ?, ?, ?)
INFO  TransactionContext - Rolled back transaction for test context [DefaultTestContext@4e41d2b3 testClass = ClinicServiceJpaTests, testInstance = org.springframework.samples.petclinic.service.ClinicServiceJpaTests@43700de8, testMethod = shouldAddNewVisitForPet@AbstractClinicServiceTests, testException = [null], mergedContextConfiguration = [MergedContextConfiguration@71a11cee testClass = ClinicServiceJpaTests, locations = '{classpath:spring/business-config.xml}', classes = '{}', contextInitializerClasses = '[]', activeProfiles = '{jpa}', propertySourceLocations = '{}', propertySourceProperties = '{}', contextLoader = 'org.springframework.test.context.support.DelegatingSmartContextLoader', parent = [null]]].
INFO  TransactionContext - Began transaction (1) for test context [DefaultTestContext@4e41d2b3 testClass = ClinicServiceJpaTests, testInstance = org.springframework.samples.petclinic.service.ClinicServiceJpaTests@1c548291, testMethod = shouldUpdateOwner@AbstractClinicServiceTests, testException = [null], mergedContextConfiguration = [MergedContextConfiguration@71a11cee testClass = ClinicServiceJpaTests, locations = '{classpath:spring/business-config.xml}', classes = '{}', contextInitializerClasses = '[]', activeProfiles = '{jpa}', propertySourceLocations = '{}', propertySourceProperties = '{}', contextLoader = 'org.springframework.test.context.support.DelegatingSmartContextLoader', parent = [null]]]; transaction manager [org.springframework.orm.jpa.JpaTransactionManager@872878a]; rollback [true]
Hibernate: select owner0_.id as id1_0_0_, pets1_.id as id1_1_1_, owner0_.first_name as first_na2_0_0_, owner0_.last_name as last_nam3_0_0_, owner0_.address as address4_0_0_, owner0_.city as city5_0_0_, owner0_.telephone as telephon6_0_0_, pets1_.name as name2_1_1_, pets1_.birth_date as birth_da3_1_1_, pets1_.owner_id as owner_id4_1_1_, pets1_.type_id as type_id5_1_1_, pets1_.owner_id as owner_id4_0_0__, pets1_.id as id1_1_0__ from owners owner0_ left outer join pets pets1_ on owner0_.id=pets1_.owner_id where owner0_.id=?
Hibernate: select pettype0_.id as id1_3_0_, pettype0_.name as name2_3_0_ from types pettype0_ where pettype0_.id=?
Hibernate: select visits0_.pet_id as pet_id4_1_0_, visits0_.id as id1_6_0_, visits0_.id as id1_6_1_, visits0_.visit_date as visit_da2_6_1_, visits0_.description as descript3_6_1_, visits0_.pet_id as pet_id4_6_1_ from visits visits0_ where visits0_.pet_id=?
Hibernate: update owners set first_name=?, last_name=?, address=?, city=?, telephone=? where id=?
Hibernate: select owner0_.id as id1_0_0_, pets1_.id as id1_1_1_, owner0_.first_name as first_na2_0_0_, owner0_.last_name as last_nam3_0_0_, owner0_.address as address4_0_0_, owner0_.city as city5_0_0_, owner0_.telephone as telephon6_0_0_, pets1_.name as name2_1_1_, pets1_.birth_date as birth_da3_1_1_, pets1_.owner_id as owner_id4_1_1_, pets1_.type_id as type_id5_1_1_, pets1_.owner_id as owner_id4_0_0__, pets1_.id as id1_1_0__ from owners owner0_ left outer join pets pets1_ on owner0_.id=pets1_.owner_id where owner0_.id=?
INFO  TransactionContext - Rolled back transaction for test context [DefaultTestContext@4e41d2b3 testClass = ClinicServiceJpaTests, testInstance = org.springframework.samples.petclinic.service.ClinicServiceJpaTests@1c548291, testMethod = shouldUpdateOwner@AbstractClinicServiceTests, testException = [null], mergedContextConfiguration = [MergedContextConfiguration@71a11cee testClass = ClinicServiceJpaTests, locations = '{classpath:spring/business-config.xml}', classes = '{}', contextInitializerClasses = '[]', activeProfiles = '{jpa}', propertySourceLocations = '{}', propertySourceProperties = '{}', contextLoader = 'org.springframework.test.context.support.DelegatingSmartContextLoader', parent = [null]]].
INFO  TransactionContext - Began transaction (1) for test context [DefaultTestContext@4e41d2b3 testClass = ClinicServiceJpaTests, testInstance = org.springframework.samples.petclinic.service.ClinicServiceJpaTests@6a7272ca, testMethod = shouldInsertPetIntoDatabaseAndGenerateId@AbstractClinicServiceTests, testException = [null], mergedContextConfiguration = [MergedContextConfiguration@71a11cee testClass = ClinicServiceJpaTests, locations = '{classpath:spring/business-config.xml}', classes = '{}', contextInitializerClasses = '[]', activeProfiles = '{jpa}', propertySourceLocations = '{}', propertySourceProperties = '{}', contextLoader = 'org.springframework.test.context.support.DelegatingSmartContextLoader', parent = [null]]]; transaction manager [org.springframework.orm.jpa.JpaTransactionManager@872878a]; rollback [true]
Hibernate: select owner0_.id as id1_0_0_, pets1_.id as id1_1_1_, owner0_.first_name as first_na2_0_0_, owner0_.last_name as last_nam3_0_0_, owner0_.address as address4_0_0_, owner0_.city as city5_0_0_, owner0_.telephone as telephon6_0_0_, pets1_.name as name2_1_1_, pets1_.birth_date as birth_da3_1_1_, pets1_.owner_id as owner_id4_1_1_, pets1_.type_id as type_id5_1_1_, pets1_.owner_id as owner_id4_0_0__, pets1_.id as id1_1_0__ from owners owner0_ left outer join pets pets1_ on owner0_.id=pets1_.owner_id where owner0_.id=?
Hibernate: select pettype0_.id as id1_3_0_, pettype0_.name as name2_3_0_ from types pettype0_ where pettype0_.id=?
Hibernate: select visits0_.pet_id as pet_id4_1_0_, visits0_.id as id1_6_0_, visits0_.id as id1_6_1_, visits0_.visit_date as visit_da2_6_1_, visits0_.description as descript3_6_1_, visits0_.pet_id as pet_id4_6_1_ from visits visits0_ where visits0_.pet_id=?
Hibernate: select visits0_.pet_id as pet_id4_1_0_, visits0_.id as id1_6_0_, visits0_.id as id1_6_1_, visits0_.visit_date as visit_da2_6_1_, visits0_.description as descript3_6_1_, visits0_.pet_id as pet_id4_6_1_ from visits visits0_ where visits0_.pet_id=?
Hibernate: select pettype0_.id as id1_3_, pettype0_.name as name2_3_ from types pettype0_ order by pettype0_.name
Hibernate: insert into pets (id, name, birth_date, owner_id, type_id) values (default, ?, ?, ?, ?)
Hibernate: select owner0_.id as id1_0_0_, pets1_.id as id1_1_1_, owner0_.first_name as first_na2_0_0_, owner0_.last_name as last_nam3_0_0_, owner0_.address as address4_0_0_, owner0_.city as city5_0_0_, owner0_.telephone as telephon6_0_0_, pets1_.name as name2_1_1_, pets1_.birth_date as birth_da3_1_1_, pets1_.owner_id as owner_id4_1_1_, pets1_.type_id as type_id5_1_1_, pets1_.owner_id as owner_id4_0_0__, pets1_.id as id1_1_0__ from owners owner0_ left outer join pets pets1_ on owner0_.id=pets1_.owner_id where owner0_.id=?
INFO  TransactionContext - Rolled back transaction for test context [DefaultTestContext@4e41d2b3 testClass = ClinicServiceJpaTests, testInstance = org.springframework.samples.petclinic.service.ClinicServiceJpaTests@6a7272ca, testMethod = shouldInsertPetIntoDatabaseAndGenerateId@AbstractClinicServiceTests, testException = [null], mergedContextConfiguration = [MergedContextConfiguration@71a11cee testClass = ClinicServiceJpaTests, locations = '{classpath:spring/business-config.xml}', classes = '{}', contextInitializerClasses = '[]', activeProfiles = '{jpa}', propertySourceLocations = '{}', propertySourceProperties = '{}', contextLoader = 'org.springframework.test.context.support.DelegatingSmartContextLoader', parent = [null]]].
INFO  TransactionContext - Began transaction (1) for test context [DefaultTestContext@4e41d2b3 testClass = ClinicServiceJpaTests, testInstance = org.springframework.samples.petclinic.service.ClinicServiceJpaTests@3088d475, testMethod = shouldInsertOwner@AbstractClinicServiceTests, testException = [null], mergedContextConfiguration = [MergedContextConfiguration@71a11cee testClass = ClinicServiceJpaTests, locations = '{classpath:spring/business-config.xml}', classes = '{}', contextInitializerClasses = '[]', activeProfiles = '{jpa}', propertySourceLocations = '{}', propertySourceProperties = '{}', contextLoader = 'org.springframework.test.context.support.DelegatingSmartContextLoader', parent = [null]]]; transaction manager [org.springframework.orm.jpa.JpaTransactionManager@872878a]; rollback [true]
Hibernate: select distinct owner0_.id as id1_0_0_, pets1_.id as id1_1_1_, owner0_.first_name as first_na2_0_0_, owner0_.last_name as last_nam3_0_0_, owner0_.address as address4_0_0_, owner0_.city as city5_0_0_, owner0_.telephone as telephon6_0_0_, pets1_.name as name2_1_1_, pets1_.birth_date as birth_da3_1_1_, pets1_.owner_id as owner_id4_1_1_, pets1_.type_id as type_id5_1_1_, pets1_.owner_id as owner_id4_0_0__, pets1_.id as id1_1_0__ from owners owner0_ left outer join pets pets1_ on owner0_.id=pets1_.owner_id where owner0_.last_name like ?
Hibernate: insert into owners (id, first_name, last_name, address, city, telephone) values (default, ?, ?, ?, ?, ?)
Hibernate: select distinct owner0_.id as id1_0_0_, pets1_.id as id1_1_1_, owner0_.first_name as first_na2_0_0_, owner0_.last_name as last_nam3_0_0_, owner0_.address as address4_0_0_, owner0_.city as city5_0_0_, owner0_.telephone as telephon6_0_0_, pets1_.name as name2_1_1_, pets1_.birth_date as birth_da3_1_1_, pets1_.owner_id as owner_id4_1_1_, pets1_.type_id as type_id5_1_1_, pets1_.owner_id as owner_id4_0_0__, pets1_.id as id1_1_0__ from owners owner0_ left outer join pets pets1_ on owner0_.id=pets1_.owner_id where owner0_.last_name like ?
INFO  TransactionContext - Rolled back transaction for test context [DefaultTestContext@4e41d2b3 testClass = ClinicServiceJpaTests, testInstance = org.springframework.samples.petclinic.service.ClinicServiceJpaTests@3088d475, testMethod = shouldInsertOwner@AbstractClinicServiceTests, testException = [null], mergedContextConfiguration = [MergedContextConfiguration@71a11cee testClass = ClinicServiceJpaTests, locations = '{classpath:spring/business-config.xml}', classes = '{}', contextInitializerClasses = '[]', activeProfiles = '{jpa}', propertySourceLocations = '{}', propertySourceProperties = '{}', contextLoader = 'org.springframework.test.context.support.DelegatingSmartContextLoader', parent = [null]]].
Hibernate: select owner0_.id as id1_0_0_, pets1_.id as id1_1_1_, owner0_.first_name as first_na2_0_0_, owner0_.last_name as last_nam3_0_0_, owner0_.address as address4_0_0_, owner0_.city as city5_0_0_, owner0_.telephone as telephon6_0_0_, pets1_.name as name2_1_1_, pets1_.birth_date as birth_da3_1_1_, pets1_.owner_id as owner_id4_1_1_, pets1_.type_id as type_id5_1_1_, pets1_.owner_id as owner_id4_0_0__, pets1_.id as id1_1_0__ from owners owner0_ left outer join pets pets1_ on owner0_.id=pets1_.owner_id where owner0_.id=?
Hibernate: select pettype0_.id as id1_3_0_, pettype0_.name as name2_3_0_ from types pettype0_ where pettype0_.id=?
Hibernate: select visits0_.pet_id as pet_id4_1_0_, visits0_.id as id1_6_0_, visits0_.id as id1_6_1_, visits0_.visit_date as visit_da2_6_1_, visits0_.description as descript3_6_1_, visits0_.pet_id as pet_id4_6_1_ from visits visits0_ where visits0_.pet_id=?
INFO  TransactionContext - Began transaction (1) for test context [DefaultTestContext@4e41d2b3 testClass = ClinicServiceJpaTests, testInstance = org.springframework.samples.petclinic.service.ClinicServiceJpaTests@59ead444, testMethod = shouldUpdatePetName@AbstractClinicServiceTests, testException = [null], mergedContextConfiguration = [MergedContextConfiguration@71a11cee testClass = ClinicServiceJpaTests, locations = '{classpath:spring/business-config.xml}', classes = '{}', contextInitializerClasses = '[]', activeProfiles = '{jpa}', propertySourceLocations = '{}', propertySourceProperties = '{}', contextLoader = 'org.springframework.test.context.support.DelegatingSmartContextLoader', parent = [null]]]; transaction manager [org.springframework.orm.jpa.JpaTransactionManager@872878a]; rollback [true]
Hibernate: select pet0_.id as id1_1_0_, pet0_.name as name2_1_0_, pet0_.birth_date as birth_da3_1_0_, pet0_.owner_id as owner_id4_1_0_, pet0_.type_id as type_id5_1_0_, owner1_.id as id1_0_1_, owner1_.first_name as first_na2_0_1_, owner1_.last_name as last_nam3_0_1_, owner1_.address as address4_0_1_, owner1_.city as city5_0_1_, owner1_.telephone as telephon6_0_1_, pettype2_.id as id1_3_2_, pettype2_.name as name2_3_2_, visits3_.pet_id as pet_id4_1_3_, visits3_.id as id1_6_3_, visits3_.id as id1_6_4_, visits3_.visit_date as visit_da2_6_4_, visits3_.description as descript3_6_4_, visits3_.pet_id as pet_id4_6_4_ from pets pet0_ left outer join owners owner1_ on pet0_.owner_id=owner1_.id left outer join types pettype2_ on pet0_.type_id=pettype2_.id left outer join visits visits3_ on pet0_.id=visits3_.pet_id where pet0_.id=?
INFO  TransactionContext - Rolled back transaction for test context [DefaultTestContext@4e41d2b3 testClass = ClinicServiceJpaTests, testInstance = org.springframework.samples.petclinic.service.ClinicServiceJpaTests@59ead444, testMethod = shouldUpdatePetName@AbstractClinicServiceTests, testException = [null], mergedContextConfiguration = [MergedContextConfiguration@71a11cee testClass = ClinicServiceJpaTests, locations = '{classpath:spring/business-config.xml}', classes = '{}', contextInitializerClasses = '[]', activeProfiles = '{jpa}', propertySourceLocations = '{}', propertySourceProperties = '{}', contextLoader = 'org.springframework.test.context.support.DelegatingSmartContextLoader', parent = [null]]].
Hibernate: select pettype0_.id as id1_3_, pettype0_.name as name2_3_ from types pettype0_ order by pettype0_.name
Hibernate: select pet0_.id as id1_1_0_, pet0_.name as name2_1_0_, pet0_.birth_date as birth_da3_1_0_, pet0_.owner_id as owner_id4_1_0_, pet0_.type_id as type_id5_1_0_, owner1_.id as id1_0_1_, owner1_.first_name as first_na2_0_1_, owner1_.last_name as last_nam3_0_1_, owner1_.address as address4_0_1_, owner1_.city as city5_0_1_, owner1_.telephone as telephon6_0_1_, pettype2_.id as id1_3_2_, pettype2_.name as name2_3_2_, visits3_.pet_id as pet_id4_1_3_, visits3_.id as id1_6_3_, visits3_.id as id1_6_4_, visits3_.visit_date as visit_da2_6_4_, visits3_.description as descript3_6_4_, visits3_.pet_id as pet_id4_6_4_ from pets pet0_ left outer join owners owner1_ on pet0_.owner_id=owner1_.id left outer join types pettype2_ on pet0_.type_id=pettype2_.id left outer join visits visits3_ on pet0_.id=visits3_.pet_id where pet0_.id=?
Tests run: 10, Failures: 0, Errors: 0, Skipped: 0, Time elapsed: 1.32 sec
Running org.springframework.samples.petclinic.service.ClinicServiceSpringDataJpaTests
INFO  DefaultTestContextBootstrapper - Loaded default TestExecutionListener class names from location [META-INF/spring.factories]: [org.springframework.test.context.web.ServletTestExecutionListener, org.springframework.test.context.support.DependencyInjectionTestExecutionListener, org.springframework.test.context.support.DirtiesContextTestExecutionListener, org.springframework.test.context.transaction.TransactionalTestExecutionListener, org.springframework.test.context.jdbc.SqlScriptsTestExecutionListener]
INFO  DefaultTestContextBootstrapper - Using TestExecutionListeners: [org.springframework.test.context.web.ServletTestExecutionListener@4dfa0359, org.springframework.test.context.support.DependencyInjectionTestExecutionListener@58f1f00d, org.springframework.test.context.support.DirtiesContextTestExecutionListener@73c71319, org.springframework.test.context.transaction.TransactionalTestExecutionListener@12b709b1, org.springframework.test.context.jdbc.SqlScriptsTestExecutionListener@2edd4d10]
INFO  XmlBeanDefinitionReader - Loading XML bean definitions from class path resource [spring/business-config.xml]
INFO  XmlBeanDefinitionReader - Loading XML bean definitions from class path resource [spring/datasource-config.xml]
INFO  GenericApplicationContext - Refreshing org.springframework.context.support.GenericApplicationContext@42ee6d79: startup date [Tue Jul 07 04:00:17 EDT 2015]; root of context hierarchy
INFO  PropertyPlaceholderConfigurer - Loading properties file from class path resource [spring/data-access.properties]
INFO  PropertyPlaceholderConfigurer - Loading properties file from class path resource [spring/data-access.properties]
INFO  LocalContainerEntityManagerFactoryBean - Building JPA container EntityManagerFactory for persistence unit 'petclinic'
INFO  LogHelper - HHH000204: Processing PersistenceUnitInfo [
	name: petclinic
	...]
INFO  Dialect - HHH000400: Using dialect: org.hibernate.dialect.HSQLDialect
INFO  ASTQueryTranslatorFactory - HHH000397: Using ASTQueryTranslatorFactory
WARN  EntityManagerFactoryRegistry - HHH000436: Entity manager factory name (petclinic) is already registered.  If entity manager will be clustered or passivated, specify a unique value for property 'hibernate.ejb.entitymanager_factory_name'
INFO  ScriptUtils - Executing SQL script from class path resource [db/hsqldb/initDB.sql]
INFO  ScriptUtils - Executed SQL script from class path resource [db/hsqldb/initDB.sql] in 0 ms.
INFO  ScriptUtils - Executing SQL script from class path resource [db/hsqldb/populateDB.sql]
INFO  ScriptUtils - Executed SQL script from class path resource [db/hsqldb/populateDB.sql] in 10 ms.
Hibernate: select vet0_.id as id1_5_, vet0_.first_name as first_na2_5_, vet0_.last_name as last_nam3_5_ from vets vet0_
Hibernate: select specialtie0_.vet_id as vet_id1_5_0_, specialtie0_.specialty_id as specialt2_4_0_, specialty1_.id as id1_2_1_, specialty1_.name as name2_2_1_ from vet_specialties specialtie0_ inner join specialties specialty1_ on specialtie0_.specialty_id=specialty1_.id where specialtie0_.vet_id=?
Hibernate: select specialtie0_.vet_id as vet_id1_5_0_, specialtie0_.specialty_id as specialt2_4_0_, specialty1_.id as id1_2_1_, specialty1_.name as name2_2_1_ from vet_specialties specialtie0_ inner join specialties specialty1_ on specialtie0_.specialty_id=specialty1_.id where specialtie0_.vet_id=?
Hibernate: select specialtie0_.vet_id as vet_id1_5_0_, specialtie0_.specialty_id as specialt2_4_0_, specialty1_.id as id1_2_1_, specialty1_.name as name2_2_1_ from vet_specialties specialtie0_ inner join specialties specialty1_ on specialtie0_.specialty_id=specialty1_.id where specialtie0_.vet_id=?
Hibernate: select specialtie0_.vet_id as vet_id1_5_0_, specialtie0_.specialty_id as specialt2_4_0_, specialty1_.id as id1_2_1_, specialty1_.name as name2_2_1_ from vet_specialties specialtie0_ inner join specialties specialty1_ on specialtie0_.specialty_id=specialty1_.id where specialtie0_.vet_id=?
Hibernate: select specialtie0_.vet_id as vet_id1_5_0_, specialtie0_.specialty_id as specialt2_4_0_, specialty1_.id as id1_2_1_, specialty1_.name as name2_2_1_ from vet_specialties specialtie0_ inner join specialties specialty1_ on specialtie0_.specialty_id=specialty1_.id where specialtie0_.vet_id=?
Hibernate: select specialtie0_.vet_id as vet_id1_5_0_, specialtie0_.specialty_id as specialt2_4_0_, specialty1_.id as id1_2_1_, specialty1_.name as name2_2_1_ from vet_specialties specialtie0_ inner join specialties specialty1_ on specialtie0_.specialty_id=specialty1_.id where specialtie0_.vet_id=?
Hibernate: select distinct owner0_.id as id1_0_0_, pets1_.id as id1_1_1_, owner0_.first_name as first_na2_0_0_, owner0_.last_name as last_nam3_0_0_, owner0_.address as address4_0_0_, owner0_.city as city5_0_0_, owner0_.telephone as telephon6_0_0_, pets1_.name as name2_1_1_, pets1_.birth_date as birth_da3_1_1_, pets1_.owner_id as owner_id4_1_1_, pets1_.type_id as type_id5_1_1_, pets1_.owner_id as owner_id4_0_0__, pets1_.id as id1_1_0__ from owners owner0_ left outer join pets pets1_ on owner0_.id=pets1_.owner_id where owner0_.last_name like ?
Hibernate: select pettype0_.id as id1_3_0_, pettype0_.name as name2_3_0_ from types pettype0_ where pettype0_.id=?
Hibernate: select pettype0_.id as id1_3_0_, pettype0_.name as name2_3_0_ from types pettype0_ where pettype0_.id=?
Hibernate: select visits0_.pet_id as pet_id4_1_0_, visits0_.id as id1_6_0_, visits0_.id as id1_6_1_, visits0_.visit_date as visit_da2_6_1_, visits0_.description as descript3_6_1_, visits0_.pet_id as pet_id4_6_1_ from visits visits0_ where visits0_.pet_id=?
Hibernate: select visits0_.pet_id as pet_id4_1_0_, visits0_.id as id1_6_0_, visits0_.id as id1_6_1_, visits0_.visit_date as visit_da2_6_1_, visits0_.description as descript3_6_1_, visits0_.pet_id as pet_id4_6_1_ from visits visits0_ where visits0_.pet_id=?
Hibernate: select distinct owner0_.id as id1_0_0_, pets1_.id as id1_1_1_, owner0_.first_name as first_na2_0_0_, owner0_.last_name as last_nam3_0_0_, owner0_.address as address4_0_0_, owner0_.city as city5_0_0_, owner0_.telephone as telephon6_0_0_, pets1_.name as name2_1_1_, pets1_.birth_date as birth_da3_1_1_, pets1_.owner_id as owner_id4_1_1_, pets1_.type_id as type_id5_1_1_, pets1_.owner_id as owner_id4_0_0__, pets1_.id as id1_1_0__ from owners owner0_ left outer join pets pets1_ on owner0_.id=pets1_.owner_id where owner0_.last_name like ?
INFO  TransactionContext - Began transaction (1) for test context [DefaultTestContext@6d63d172 testClass = ClinicServiceSpringDataJpaTests, testInstance = org.springframework.samples.petclinic.service.ClinicServiceSpringDataJpaTests@344bcb79, testMethod = shouldAddNewVisitForPet@AbstractClinicServiceTests, testException = [null], mergedContextConfiguration = [MergedContextConfiguration@5c1b8fc1 testClass = ClinicServiceSpringDataJpaTests, locations = '{classpath:spring/business-config.xml}', classes = '{}', contextInitializerClasses = '[]', activeProfiles = '{spring-data-jpa}', propertySourceLocations = '{}', propertySourceProperties = '{}', contextLoader = 'org.springframework.test.context.support.DelegatingSmartContextLoader', parent = [null]]]; transaction manager [org.springframework.orm.jpa.JpaTransactionManager@157af725]; rollback [true]
Hibernate: select pet0_.id as id1_1_, pet0_.name as name2_1_, pet0_.birth_date as birth_da3_1_, pet0_.owner_id as owner_id4_1_, pet0_.type_id as type_id5_1_ from pets pet0_ where pet0_.id=?
Hibernate: select owner0_.id as id1_0_0_, owner0_.first_name as first_na2_0_0_, owner0_.last_name as last_nam3_0_0_, owner0_.address as address4_0_0_, owner0_.city as city5_0_0_, owner0_.telephone as telephon6_0_0_ from owners owner0_ where owner0_.id=?
Hibernate: select pettype0_.id as id1_3_0_, pettype0_.name as name2_3_0_ from types pettype0_ where pettype0_.id=?
Hibernate: select visits0_.pet_id as pet_id4_1_0_, visits0_.id as id1_6_0_, visits0_.id as id1_6_1_, visits0_.visit_date as visit_da2_6_1_, visits0_.description as descript3_6_1_, visits0_.pet_id as pet_id4_6_1_ from visits visits0_ where visits0_.pet_id=?
Hibernate: insert into visits (id, visit_date, description, pet_id) values (default, ?, ?, ?)
Hibernate: select pet0_.id as id1_1_, pet0_.name as name2_1_, pet0_.birth_date as birth_da3_1_, pet0_.owner_id as owner_id4_1_, pet0_.type_id as type_id5_1_ from pets pet0_ where pet0_.id=?
INFO  TransactionContext - Rolled back transaction for test context [DefaultTestContext@6d63d172 testClass = ClinicServiceSpringDataJpaTests, testInstance = org.springframework.samples.petclinic.service.ClinicServiceSpringDataJpaTests@344bcb79, testMethod = shouldAddNewVisitForPet@AbstractClinicServiceTests, testException = [null], mergedContextConfiguration = [MergedContextConfiguration@5c1b8fc1 testClass = ClinicServiceSpringDataJpaTests, locations = '{classpath:spring/business-config.xml}', classes = '{}', contextInitializerClasses = '[]', activeProfiles = '{spring-data-jpa}', propertySourceLocations = '{}', propertySourceProperties = '{}', contextLoader = 'org.springframework.test.context.support.DelegatingSmartContextLoader', parent = [null]]].
INFO  TransactionContext - Began transaction (1) for test context [DefaultTestContext@6d63d172 testClass = ClinicServiceSpringDataJpaTests, testInstance = org.springframework.samples.petclinic.service.ClinicServiceSpringDataJpaTests@1d57bc3c, testMethod = shouldUpdateOwner@AbstractClinicServiceTests, testException = [null], mergedContextConfiguration = [MergedContextConfiguration@5c1b8fc1 testClass = ClinicServiceSpringDataJpaTests, locations = '{classpath:spring/business-config.xml}', classes = '{}', contextInitializerClasses = '[]', activeProfiles = '{spring-data-jpa}', propertySourceLocations = '{}', propertySourceProperties = '{}', contextLoader = 'org.springframework.test.context.support.DelegatingSmartContextLoader', parent = [null]]]; transaction manager [org.springframework.orm.jpa.JpaTransactionManager@157af725]; rollback [true]
Hibernate: select owner0_.id as id1_0_0_, pets1_.id as id1_1_1_, owner0_.first_name as first_na2_0_0_, owner0_.last_name as last_nam3_0_0_, owner0_.address as address4_0_0_, owner0_.city as city5_0_0_, owner0_.telephone as telephon6_0_0_, pets1_.name as name2_1_1_, pets1_.birth_date as birth_da3_1_1_, pets1_.owner_id as owner_id4_1_1_, pets1_.type_id as type_id5_1_1_, pets1_.owner_id as owner_id4_0_0__, pets1_.id as id1_1_0__ from owners owner0_ left outer join pets pets1_ on owner0_.id=pets1_.owner_id where owner0_.id=?
Hibernate: select pettype0_.id as id1_3_0_, pettype0_.name as name2_3_0_ from types pettype0_ where pettype0_.id=?
Hibernate: select visits0_.pet_id as pet_id4_1_0_, visits0_.id as id1_6_0_, visits0_.id as id1_6_1_, visits0_.visit_date as visit_da2_6_1_, visits0_.description as descript3_6_1_, visits0_.pet_id as pet_id4_6_1_ from visits visits0_ where visits0_.pet_id=?
Hibernate: update owners set first_name=?, last_name=?, address=?, city=?, telephone=? where id=?
Hibernate: select owner0_.id as id1_0_0_, pets1_.id as id1_1_1_, owner0_.first_name as first_na2_0_0_, owner0_.last_name as last_nam3_0_0_, owner0_.address as address4_0_0_, owner0_.city as city5_0_0_, owner0_.telephone as telephon6_0_0_, pets1_.name as name2_1_1_, pets1_.birth_date as birth_da3_1_1_, pets1_.owner_id as owner_id4_1_1_, pets1_.type_id as type_id5_1_1_, pets1_.owner_id as owner_id4_0_0__, pets1_.id as id1_1_0__ from owners owner0_ left outer join pets pets1_ on owner0_.id=pets1_.owner_id where owner0_.id=?
INFO  TransactionContext - Rolled back transaction for test context [DefaultTestContext@6d63d172 testClass = ClinicServiceSpringDataJpaTests, testInstance = org.springframework.samples.petclinic.service.ClinicServiceSpringDataJpaTests@1d57bc3c, testMethod = shouldUpdateOwner@AbstractClinicServiceTests, testException = [null], mergedContextConfiguration = [MergedContextConfiguration@5c1b8fc1 testClass = ClinicServiceSpringDataJpaTests, locations = '{classpath:spring/business-config.xml}', classes = '{}', contextInitializerClasses = '[]', activeProfiles = '{spring-data-jpa}', propertySourceLocations = '{}', propertySourceProperties = '{}', contextLoader = 'org.springframework.test.context.support.DelegatingSmartContextLoader', parent = [null]]].
INFO  TransactionContext - Began transaction (1) for test context [DefaultTestContext@6d63d172 testClass = ClinicServiceSpringDataJpaTests, testInstance = org.springframework.samples.petclinic.service.ClinicServiceSpringDataJpaTests@5ac6f0fd, testMethod = shouldInsertPetIntoDatabaseAndGenerateId@AbstractClinicServiceTests, testException = [null], mergedContextConfiguration = [MergedContextConfiguration@5c1b8fc1 testClass = ClinicServiceSpringDataJpaTests, locations = '{classpath:spring/business-config.xml}', classes = '{}', contextInitializerClasses = '[]', activeProfiles = '{spring-data-jpa}', propertySourceLocations = '{}', propertySourceProperties = '{}', contextLoader = 'org.springframework.test.context.support.DelegatingSmartContextLoader', parent = [null]]]; transaction manager [org.springframework.orm.jpa.JpaTransactionManager@157af725]; rollback [true]
Hibernate: select owner0_.id as id1_0_0_, pets1_.id as id1_1_1_, owner0_.first_name as first_na2_0_0_, owner0_.last_name as last_nam3_0_0_, owner0_.address as address4_0_0_, owner0_.city as city5_0_0_, owner0_.telephone as telephon6_0_0_, pets1_.name as name2_1_1_, pets1_.birth_date as birth_da3_1_1_, pets1_.owner_id as owner_id4_1_1_, pets1_.type_id as type_id5_1_1_, pets1_.owner_id as owner_id4_0_0__, pets1_.id as id1_1_0__ from owners owner0_ left outer join pets pets1_ on owner0_.id=pets1_.owner_id where owner0_.id=?
Hibernate: select pettype0_.id as id1_3_0_, pettype0_.name as name2_3_0_ from types pettype0_ where pettype0_.id=?
Hibernate: select visits0_.pet_id as pet_id4_1_0_, visits0_.id as id1_6_0_, visits0_.id as id1_6_1_, visits0_.visit_date as visit_da2_6_1_, visits0_.description as descript3_6_1_, visits0_.pet_id as pet_id4_6_1_ from visits visits0_ where visits0_.pet_id=?
Hibernate: select visits0_.pet_id as pet_id4_1_0_, visits0_.id as id1_6_0_, visits0_.id as id1_6_1_, visits0_.visit_date as visit_da2_6_1_, visits0_.description as descript3_6_1_, visits0_.pet_id as pet_id4_6_1_ from visits visits0_ where visits0_.pet_id=?
Hibernate: select pettype0_.id as id1_3_, pettype0_.name as name2_3_ from types pettype0_ order by pettype0_.name
Hibernate: insert into pets (id, name, birth_date, owner_id, type_id) values (default, ?, ?, ?, ?)
Hibernate: select owner0_.id as id1_0_0_, pets1_.id as id1_1_1_, owner0_.first_name as first_na2_0_0_, owner0_.last_name as last_nam3_0_0_, owner0_.address as address4_0_0_, owner0_.city as city5_0_0_, owner0_.telephone as telephon6_0_0_, pets1_.name as name2_1_1_, pets1_.birth_date as birth_da3_1_1_, pets1_.owner_id as owner_id4_1_1_, pets1_.type_id as type_id5_1_1_, pets1_.owner_id as owner_id4_0_0__, pets1_.id as id1_1_0__ from owners owner0_ left outer join pets pets1_ on owner0_.id=pets1_.owner_id where owner0_.id=?
INFO  TransactionContext - Rolled back transaction for test context [DefaultTestContext@6d63d172 testClass = ClinicServiceSpringDataJpaTests, testInstance = org.springframework.samples.petclinic.service.ClinicServiceSpringDataJpaTests@5ac6f0fd, testMethod = shouldInsertPetIntoDatabaseAndGenerateId@AbstractClinicServiceTests, testException = [null], mergedContextConfiguration = [MergedContextConfiguration@5c1b8fc1 testClass = ClinicServiceSpringDataJpaTests, locations = '{classpath:spring/business-config.xml}', classes = '{}', contextInitializerClasses = '[]', activeProfiles = '{spring-data-jpa}', propertySourceLocations = '{}', propertySourceProperties = '{}', contextLoader = 'org.springframework.test.context.support.DelegatingSmartContextLoader', parent = [null]]].
INFO  TransactionContext - Began transaction (1) for test context [DefaultTestContext@6d63d172 testClass = ClinicServiceSpringDataJpaTests, testInstance = org.springframework.samples.petclinic.service.ClinicServiceSpringDataJpaTests@44a30355, testMethod = shouldInsertOwner@AbstractClinicServiceTests, testException = [null], mergedContextConfiguration = [MergedContextConfiguration@5c1b8fc1 testClass = ClinicServiceSpringDataJpaTests, locations = '{classpath:spring/business-config.xml}', classes = '{}', contextInitializerClasses = '[]', activeProfiles = '{spring-data-jpa}', propertySourceLocations = '{}', propertySourceProperties = '{}', contextLoader = 'org.springframework.test.context.support.DelegatingSmartContextLoader', parent = [null]]]; transaction manager [org.springframework.orm.jpa.JpaTransactionManager@157af725]; rollback [true]
Hibernate: select distinct owner0_.id as id1_0_0_, pets1_.id as id1_1_1_, owner0_.first_name as first_na2_0_0_, owner0_.last_name as last_nam3_0_0_, owner0_.address as address4_0_0_, owner0_.city as city5_0_0_, owner0_.telephone as telephon6_0_0_, pets1_.name as name2_1_1_, pets1_.birth_date as birth_da3_1_1_, pets1_.owner_id as owner_id4_1_1_, pets1_.type_id as type_id5_1_1_, pets1_.owner_id as owner_id4_0_0__, pets1_.id as id1_1_0__ from owners owner0_ left outer join pets pets1_ on owner0_.id=pets1_.owner_id where owner0_.last_name like ?
Hibernate: insert into owners (id, first_name, last_name, address, city, telephone) values (default, ?, ?, ?, ?, ?)
Hibernate: select distinct owner0_.id as id1_0_0_, pets1_.id as id1_1_1_, owner0_.first_name as first_na2_0_0_, owner0_.last_name as last_nam3_0_0_, owner0_.address as address4_0_0_, owner0_.city as city5_0_0_, owner0_.telephone as telephon6_0_0_, pets1_.name as name2_1_1_, pets1_.birth_date as birth_da3_1_1_, pets1_.owner_id as owner_id4_1_1_, pets1_.type_id as type_id5_1_1_, pets1_.owner_id as owner_id4_0_0__, pets1_.id as id1_1_0__ from owners owner0_ left outer join pets pets1_ on owner0_.id=pets1_.owner_id where owner0_.last_name like ?
INFO  TransactionContext - Rolled back transaction for test context [DefaultTestContext@6d63d172 testClass = ClinicServiceSpringDataJpaTests, testInstance = org.springframework.samples.petclinic.service.ClinicServiceSpringDataJpaTests@44a30355, testMethod = shouldInsertOwner@AbstractClinicServiceTests, testException = [null], mergedContextConfiguration = [MergedContextConfiguration@5c1b8fc1 testClass = ClinicServiceSpringDataJpaTests, locations = '{classpath:spring/business-config.xml}', classes = '{}', contextInitializerClasses = '[]', activeProfiles = '{spring-data-jpa}', propertySourceLocations = '{}', propertySourceProperties = '{}', contextLoader = 'org.springframework.test.context.support.DelegatingSmartContextLoader', parent = [null]]].
Hibernate: select owner0_.id as id1_0_0_, pets1_.id as id1_1_1_, owner0_.first_name as first_na2_0_0_, owner0_.last_name as last_nam3_0_0_, owner0_.address as address4_0_0_, owner0_.city as city5_0_0_, owner0_.telephone as telephon6_0_0_, pets1_.name as name2_1_1_, pets1_.birth_date as birth_da3_1_1_, pets1_.owner_id as owner_id4_1_1_, pets1_.type_id as type_id5_1_1_, pets1_.owner_id as owner_id4_0_0__, pets1_.id as id1_1_0__ from owners owner0_ left outer join pets pets1_ on owner0_.id=pets1_.owner_id where owner0_.id=?
Hibernate: select pettype0_.id as id1_3_0_, pettype0_.name as name2_3_0_ from types pettype0_ where pettype0_.id=?
Hibernate: select visits0_.pet_id as pet_id4_1_0_, visits0_.id as id1_6_0_, visits0_.id as id1_6_1_, visits0_.visit_date as visit_da2_6_1_, visits0_.description as descript3_6_1_, visits0_.pet_id as pet_id4_6_1_ from visits visits0_ where visits0_.pet_id=?
INFO  TransactionContext - Began transaction (1) for test context [DefaultTestContext@6d63d172 testClass = ClinicServiceSpringDataJpaTests, testInstance = org.springframework.samples.petclinic.service.ClinicServiceSpringDataJpaTests@4e234dc0, testMethod = shouldUpdatePetName@AbstractClinicServiceTests, testException = [null], mergedContextConfiguration = [MergedContextConfiguration@5c1b8fc1 testClass = ClinicServiceSpringDataJpaTests, locations = '{classpath:spring/business-config.xml}', classes = '{}', contextInitializerClasses = '[]', activeProfiles = '{spring-data-jpa}', propertySourceLocations = '{}', propertySourceProperties = '{}', contextLoader = 'org.springframework.test.context.support.DelegatingSmartContextLoader', parent = [null]]]; transaction manager [org.springframework.orm.jpa.JpaTransactionManager@157af725]; rollback [true]
Hibernate: select pet0_.id as id1_1_, pet0_.name as name2_1_, pet0_.birth_date as birth_da3_1_, pet0_.owner_id as owner_id4_1_, pet0_.type_id as type_id5_1_ from pets pet0_ where pet0_.id=?
Hibernate: select owner0_.id as id1_0_0_, owner0_.first_name as first_na2_0_0_, owner0_.last_name as last_nam3_0_0_, owner0_.address as address4_0_0_, owner0_.city as city5_0_0_, owner0_.telephone as telephon6_0_0_ from owners owner0_ where owner0_.id=?
Hibernate: select pettype0_.id as id1_3_0_, pettype0_.name as name2_3_0_ from types pettype0_ where pettype0_.id=?
Hibernate: select visits0_.pet_id as pet_id4_1_0_, visits0_.id as id1_6_0_, visits0_.id as id1_6_1_, visits0_.visit_date as visit_da2_6_1_, visits0_.description as descript3_6_1_, visits0_.pet_id as pet_id4_6_1_ from visits visits0_ where visits0_.pet_id=?
Hibernate: update pets set name=?, birth_date=?, owner_id=?, type_id=? where id=?
Hibernate: select pet0_.id as id1_1_, pet0_.name as name2_1_, pet0_.birth_date as birth_da3_1_, pet0_.owner_id as owner_id4_1_, pet0_.type_id as type_id5_1_ from pets pet0_ where pet0_.id=?
INFO  TransactionContext - Rolled back transaction for test context [DefaultTestContext@6d63d172 testClass = ClinicServiceSpringDataJpaTests, testInstance = org.springframework.samples.petclinic.service.ClinicServiceSpringDataJpaTests@4e234dc0, testMethod = shouldUpdatePetName@AbstractClinicServiceTests, testException = [null], mergedContextConfiguration = [MergedContextConfiguration@5c1b8fc1 testClass = ClinicServiceSpringDataJpaTests, locations = '{classpath:spring/business-config.xml}', classes = '{}', contextInitializerClasses = '[]', activeProfiles = '{spring-data-jpa}', propertySourceLocations = '{}', propertySourceProperties = '{}', contextLoader = 'org.springframework.test.context.support.DelegatingSmartContextLoader', parent = [null]]].
Hibernate: select pettype0_.id as id1_3_, pettype0_.name as name2_3_ from types pettype0_ order by pettype0_.name
Hibernate: select pet0_.id as id1_1_, pet0_.name as name2_1_, pet0_.birth_date as birth_da3_1_, pet0_.owner_id as owner_id4_1_, pet0_.type_id as type_id5_1_ from pets pet0_ where pet0_.id=?
Hibernate: select owner0_.id as id1_0_0_, owner0_.first_name as first_na2_0_0_, owner0_.last_name as last_nam3_0_0_, owner0_.address as address4_0_0_, owner0_.city as city5_0_0_, owner0_.telephone as telephon6_0_0_ from owners owner0_ where owner0_.id=?
Hibernate: select pettype0_.id as id1_3_0_, pettype0_.name as name2_3_0_ from types pettype0_ where pettype0_.id=?
Hibernate: select visits0_.pet_id as pet_id4_1_0_, visits0_.id as id1_6_0_, visits0_.id as id1_6_1_, visits0_.visit_date as visit_da2_6_1_, visits0_.description as descript3_6_1_, visits0_.pet_id as pet_id4_6_1_ from visits visits0_ where visits0_.pet_id=?
Tests run: 10, Failures: 0, Errors: 0, Skipped: 0, Time elapsed: 0.501 sec
Running org.springframework.samples.petclinic.web.VetControllerTests
INFO  WebTestContextBootstrapper - Loaded default TestExecutionListener class names from location [META-INF/spring.factories]: [org.springframework.test.context.web.ServletTestExecutionListener, org.springframework.test.context.support.DependencyInjectionTestExecutionListener, org.springframework.test.context.support.DirtiesContextTestExecutionListener, org.springframework.test.context.transaction.TransactionalTestExecutionListener, org.springframework.test.context.jdbc.SqlScriptsTestExecutionListener]
INFO  WebTestContextBootstrapper - Using TestExecutionListeners: [org.springframework.test.context.web.ServletTestExecutionListener@62d6157e, org.springframework.test.context.support.DependencyInjectionTestExecutionListener@551d35e3, org.springframework.test.context.support.DirtiesContextTestExecutionListener@70bcf5bc, org.springframework.test.context.transaction.TransactionalTestExecutionListener@5a94377, org.springframework.test.context.jdbc.SqlScriptsTestExecutionListener@2b8c3c88]
INFO  XmlBeanDefinitionReader - Loading XML bean definitions from class path resource [spring/business-config.xml]
INFO  XmlBeanDefinitionReader - Loading XML bean definitions from class path resource [spring/datasource-config.xml]
INFO  XmlBeanDefinitionReader - Loading XML bean definitions from class path resource [spring/tools-config.xml]
INFO  XmlBeanDefinitionReader - Loading XML bean definitions from class path resource [spring/mvc-core-config.xml]
INFO  XmlBeanDefinitionReader - Loading XML bean definitions from class path resource [spring/mvc-view-config.xml]
INFO  GenericWebApplicationContext - Refreshing org.springframework.web.context.support.GenericWebApplicationContext@3473dd8: startup date [Tue Jul 07 04:00:18 EDT 2015]; root of context hierarchy
INFO  PropertyPlaceholderConfigurer - Loading properties file from class path resource [spring/data-access.properties]
INFO  PropertyPlaceholderConfigurer - Loading properties file from class path resource [spring/data-access.properties]
INFO  LocalContainerEntityManagerFactoryBean - Building JPA container EntityManagerFactory for persistence unit 'petclinic'
INFO  LogHelper - HHH000204: Processing PersistenceUnitInfo [
	name: petclinic
	...]
INFO  Dialect - HHH000400: Using dialect: org.hibernate.dialect.HSQLDialect
INFO  ASTQueryTranslatorFactory - HHH000397: Using ASTQueryTranslatorFactory
WARN  EntityManagerFactoryRegistry - HHH000436: Entity manager factory name (petclinic) is already registered.  If entity manager will be clustered or passivated, specify a unique value for property 'hibernate.ejb.entitymanager_factory_name'
INFO  EhCacheManagerFactoryBean - Initializing EhCache CacheManager
INFO  ScriptUtils - Executing SQL script from class path resource [db/hsqldb/initDB.sql]
INFO  ScriptUtils - Executed SQL script from class path resource [db/hsqldb/initDB.sql] in 0 ms.
INFO  ScriptUtils - Executing SQL script from class path resource [db/hsqldb/populateDB.sql]
INFO  ScriptUtils - Executed SQL script from class path resource [db/hsqldb/populateDB.sql] in 10 ms.
INFO  Jaxb2Marshaller - Creating JAXBContext with classes to be bound [class org.springframework.samples.petclinic.model.Vets]
INFO  RequestMappingHandlerMapping - Mapped "{[/oups],methods=[GET],params=[],headers=[],consumes=[],produces=[],custom=[]}" onto public java.lang.String org.springframework.samples.petclinic.web.CrashController.triggerException()
INFO  RequestMappingHandlerMapping - Mapped "{[/owners/new],methods=[GET],params=[],headers=[],consumes=[],produces=[],custom=[]}" onto public java.lang.String org.springframework.samples.petclinic.web.OwnerController.initCreationForm(java.util.Map<java.lang.String, java.lang.Object>)
INFO  RequestMappingHandlerMapping - Mapped "{[/owners/new],methods=[POST],params=[],headers=[],consumes=[],produces=[],custom=[]}" onto public java.lang.String org.springframework.samples.petclinic.web.OwnerController.processCreationForm(org.springframework.samples.petclinic.model.Owner,org.springframework.validation.BindingResult,org.springframework.web.bind.support.SessionStatus)
INFO  RequestMappingHandlerMapping - Mapped "{[/owners],methods=[GET],params=[],headers=[],consumes=[],produces=[],custom=[]}" onto public java.lang.String org.springframework.samples.petclinic.web.OwnerController.processFindForm(org.springframework.samples.petclinic.model.Owner,org.springframework.validation.BindingResult,java.util.Map<java.lang.String, java.lang.Object>)
INFO  RequestMappingHandlerMapping - Mapped "{[/owners/{ownerId}/edit],methods=[GET],params=[],headers=[],consumes=[],produces=[],custom=[]}" onto public java.lang.String org.springframework.samples.petclinic.web.OwnerController.initUpdateOwnerForm(int,org.springframework.ui.Model)
INFO  RequestMappingHandlerMapping - Mapped "{[/owners/{ownerId}/edit],methods=[PUT],params=[],headers=[],consumes=[],produces=[],custom=[]}" onto public java.lang.String org.springframework.samples.petclinic.web.OwnerController.processUpdateOwnerForm(org.springframework.samples.petclinic.model.Owner,org.springframework.validation.BindingResult,org.springframework.web.bind.support.SessionStatus)
INFO  RequestMappingHandlerMapping - Mapped "{[/owners/find],methods=[GET],params=[],headers=[],consumes=[],produces=[],custom=[]}" onto public java.lang.String org.springframework.samples.petclinic.web.OwnerController.initFindForm(java.util.Map<java.lang.String, java.lang.Object>)
INFO  RequestMappingHandlerMapping - Mapped "{[/owners/{ownerId}],methods=[],params=[],headers=[],consumes=[],produces=[],custom=[]}" onto public org.springframework.web.servlet.ModelAndView org.springframework.samples.petclinic.web.OwnerController.showOwner(int)
INFO  RequestMappingHandlerMapping - Mapped "{[/owners/{ownerId}/pets/new],methods=[GET],params=[],headers=[],consumes=[],produces=[],custom=[]}" onto public java.lang.String org.springframework.samples.petclinic.web.PetController.initCreationForm(int,java.util.Map<java.lang.String, java.lang.Object>)
INFO  RequestMappingHandlerMapping - Mapped "{[/owners/{ownerId}/pets/new],methods=[POST],params=[],headers=[],consumes=[],produces=[],custom=[]}" onto public java.lang.String org.springframework.samples.petclinic.web.PetController.processCreationForm(org.springframework.samples.petclinic.model.Pet,org.springframework.validation.BindingResult,org.springframework.web.bind.support.SessionStatus)
INFO  RequestMappingHandlerMapping - Mapped "{[/owners/*/pets/{petId}/edit],methods=[GET],params=[],headers=[],consumes=[],produces=[],custom=[]}" onto public java.lang.String org.springframework.samples.petclinic.web.PetController.initUpdateForm(int,java.util.Map<java.lang.String, java.lang.Object>)
INFO  RequestMappingHandlerMapping - Mapped "{[/owners/{ownerId}/pets/{petId}/edit],methods=[PUT || POST],params=[],headers=[],consumes=[],produces=[],custom=[]}" onto public java.lang.String org.springframework.samples.petclinic.web.PetController.processUpdateForm(org.springframework.samples.petclinic.model.Pet,org.springframework.validation.BindingResult,org.springframework.web.bind.support.SessionStatus)
INFO  RequestMappingHandlerMapping - Mapped "{[/vets.json],methods=[],params=[],headers=[],consumes=[],produces=[],custom=[]}" onto public org.springframework.samples.petclinic.model.Vets org.springframework.samples.petclinic.web.VetController.showResourcesVetList()
INFO  RequestMappingHandlerMapping - Mapped "{[/vets.xml || /vets.html],methods=[],params=[],headers=[],consumes=[],produces=[],custom=[]}" onto public java.lang.String org.springframework.samples.petclinic.web.VetController.showVetList(java.util.Map<java.lang.String, java.lang.Object>)
INFO  RequestMappingHandlerMapping - Mapped "{[/owners/*/pets/{petId}/visits/new],methods=[GET],params=[],headers=[],consumes=[],produces=[],custom=[]}" onto public java.lang.String org.springframework.samples.petclinic.web.VisitController.initNewVisitForm(int,java.util.Map<java.lang.String, java.lang.Object>)
INFO  RequestMappingHandlerMapping - Mapped "{[/owners/{ownerId}/pets/{petId}/visits/new],methods=[POST],params=[],headers=[],consumes=[],produces=[],custom=[]}" onto public java.lang.String org.springframework.samples.petclinic.web.VisitController.processNewVisitForm(org.springframework.samples.petclinic.model.Visit,org.springframework.validation.BindingResult)
INFO  RequestMappingHandlerMapping - Mapped "{[/owners/*/pets/{petId}/visits],methods=[GET],params=[],headers=[],consumes=[],produces=[],custom=[]}" onto public java.lang.String org.springframework.samples.petclinic.web.VisitController.showVisits(int,java.util.Map<java.lang.String, java.lang.Object>)
INFO  RequestMappingHandlerAdapter - Looking for @ControllerAdvice: org.springframework.web.context.support.GenericWebApplicationContext@3473dd8: startup date [Tue Jul 07 04:00:18 EDT 2015]; root of context hierarchy
INFO  RequestMappingHandlerAdapter - Looking for @ControllerAdvice: org.springframework.web.context.support.GenericWebApplicationContext@3473dd8: startup date [Tue Jul 07 04:00:18 EDT 2015]; root of context hierarchy
INFO  SimpleUrlHandlerMapping - Mapped URL path [/resources/**] onto handler 'org.springframework.web.servlet.resource.ResourceHttpRequestHandler#0'
INFO  SimpleUrlHandlerMapping - Mapped URL path [/webjars/**] onto handler 'org.springframework.web.servlet.resource.ResourceHttpRequestHandler#1'
INFO  SimpleUrlHandlerMapping - Root mapping to handler of type [class org.springframework.web.servlet.mvc.ParameterizableViewController]
INFO  SimpleUrlHandlerMapping - Mapped URL path [/**] onto handler 'org.springframework.web.servlet.resource.DefaultServletHttpRequestHandler#0'
INFO  AnnotationMBeanExporter - Registering beans for JMX exposure on startup
INFO  AnnotationMBeanExporter - Bean with name 'callMonitor' has been autodetected for JMX exposure
INFO  AnnotationMBeanExporter - Located managed bean 'callMonitor': registering with JMX server as MBean [petclinic:type=CallMonitor]
INFO  StandaloneMockMvcBuilder$StaticRequestMappingHandlerMapping - Mapped "{[/vets.json],methods=[],params=[],headers=[],consumes=[],produces=[],custom=[]}" onto public org.springframework.samples.petclinic.model.Vets org.springframework.samples.petclinic.web.VetController.showResourcesVetList()
INFO  StandaloneMockMvcBuilder$StaticRequestMappingHandlerMapping - Mapped "{[/vets.xml || /vets.html],methods=[],params=[],headers=[],consumes=[],produces=[],custom=[]}" onto public java.lang.String org.springframework.samples.petclinic.web.VetController.showVetList(java.util.Map<java.lang.String, java.lang.Object>)
INFO  RequestMappingHandlerAdapter - Looking for @ControllerAdvice: org.springframework.test.web.servlet.setup.StubWebApplicationContext@544df968
INFO  MockServletContext - Initializing Spring FrameworkServlet ''
INFO  TestDispatcherServlet - FrameworkServlet '': initialization started
INFO  TestDispatcherServlet - FrameworkServlet '': initialization completed in 0 ms
Hibernate: select vet0_.id as id1_5_, vet0_.first_name as first_na2_5_, vet0_.last_name as last_nam3_5_ from vets vet0_
Hibernate: select specialtie0_.vet_id as vet_id1_5_0_, specialtie0_.specialty_id as specialt2_4_0_, specialty1_.id as id1_2_1_, specialty1_.name as name2_2_1_ from vet_specialties specialtie0_ inner join specialties specialty1_ on specialtie0_.specialty_id=specialty1_.id where specialtie0_.vet_id=?
Hibernate: select specialtie0_.vet_id as vet_id1_5_0_, specialtie0_.specialty_id as specialt2_4_0_, specialty1_.id as id1_2_1_, specialty1_.name as name2_2_1_ from vet_specialties specialtie0_ inner join specialties specialty1_ on specialtie0_.specialty_id=specialty1_.id where specialtie0_.vet_id=?
Hibernate: select specialtie0_.vet_id as vet_id1_5_0_, specialtie0_.specialty_id as specialt2_4_0_, specialty1_.id as id1_2_1_, specialty1_.name as name2_2_1_ from vet_specialties specialtie0_ inner join specialties specialty1_ on specialtie0_.specialty_id=specialty1_.id where specialtie0_.vet_id=?
Hibernate: select specialtie0_.vet_id as vet_id1_5_0_, specialtie0_.specialty_id as specialt2_4_0_, specialty1_.id as id1_2_1_, specialty1_.name as name2_2_1_ from vet_specialties specialtie0_ inner join specialties specialty1_ on specialtie0_.specialty_id=specialty1_.id where specialtie0_.vet_id=?
Hibernate: select specialtie0_.vet_id as vet_id1_5_0_, specialtie0_.specialty_id as specialt2_4_0_, specialty1_.id as id1_2_1_, specialty1_.name as name2_2_1_ from vet_specialties specialtie0_ inner join specialties specialty1_ on specialtie0_.specialty_id=specialty1_.id where specialtie0_.vet_id=?
Hibernate: select specialtie0_.vet_id as vet_id1_5_0_, specialtie0_.specialty_id as specialt2_4_0_, specialty1_.id as id1_2_1_, specialty1_.name as name2_2_1_ from vet_specialties specialtie0_ inner join specialties specialty1_ on specialtie0_.specialty_id=specialty1_.id where specialtie0_.vet_id=?
Tests run: 1, Failures: 0, Errors: 0, Skipped: 0, Time elapsed: 1.482 sec
INFO  GenericApplicationContext - Closing org.springframework.context.support.GenericApplicationContext@75fb28cf: startup date [Tue Jul 07 04:00:16 EDT 2015]; root of context hierarchy
INFO  GenericApplicationContext - Closing org.springframework.context.support.GenericApplicationContext@2c06713a: startup date [Tue Jul 07 04:00:15 EDT 2015]; root of context hierarchy
INFO  LocalContainerEntityManagerFactoryBean - Closing JPA EntityManagerFactory for persistence unit 'petclinic'
INFO  GenericApplicationContext - Closing org.springframework.context.support.GenericApplicationContext@42ee6d79: startup date [Tue Jul 07 04:00:17 EDT 2015]; root of context hierarchy
INFO  GenericWebApplicationContext - Closing org.springframework.web.context.support.GenericWebApplicationContext@3473dd8: startup date [Tue Jul 07 04:00:18 EDT 2015]; root of context hierarchy
INFO  LocalContainerEntityManagerFactoryBean - Closing JPA EntityManagerFactory for persistence unit 'petclinic'
INFO  AnnotationMBeanExporter - Unregistering JMX-exposed beans on shutdown
INFO  AnnotationMBeanExporter - Unregistering JMX-exposed beans
INFO  EhCacheManagerFactoryBean - Shutting down EhCache CacheManager
INFO  LocalContainerEntityManagerFactoryBean - Closing JPA EntityManagerFactory for persistence unit 'petclinic'
Picked up JAVA_TOOL_OPTIONS: -Duser.timezone="America/New_York"

Results :

Tests run: 32, Failures: 0, Errors: 0, Skipped: 0

[JENKINS] Recording test results
log4j:WARN No appenders could be found for logger (org.apache.commons.beanutils.converters.BooleanConverter).
log4j:WARN Please initialize the log4j system properly.
[INFO] ------------------------------------------------------------------------
[INFO] BUILD SUCCESS
[INFO] ------------------------------------------------------------------------
[INFO] Total time: 9.537s
[INFO] Finished at: Tue Jul 07 04:00:20 EDT 2015
[INFO] Final Memory: 29M/445M
[INFO] ------------------------------------------------------------------------
Waiting for Jenkins to finish collecting data
[JENKINS] Archiving D:\Trainings\+++JAVA CDP\workspace\JMP_job\pom.xml to org.springframework.samples/spring-petclinic/1.0.0-SNAPSHOT/spring-petclinic-1.0.0-SNAPSHOT.pom
channel stopped
Picked up JAVA_TOOL_OPTIONS: -Duser.timezone="America/New_York"
Finished: SUCCESS